#
# There is insufficient memory for the Java Runtime Environment to continue.
# Native memory allocation (mmap) failed to map 98291712 bytes for committing reserved memory.
# Possible reasons:
#   The system is out of physical RAM or swap space
#   The process is running with CompressedOops enabled, and the Java Heap may be blocking the growth of the native heap
# Possible solutions:
#   Reduce memory load on the system
#   Increase physical memory or swap space
#   Check if swap backing store is full
#   Decrease Java heap size (-Xmx/-Xms)
#   Decrease number of Java threads
#   Decrease Java thread stack sizes (-Xss)
#   Set larger code cache with -XX:ReservedCodeCacheSize=
#   JVM is running with Unscaled Compressed Oops mode in which the Java heap is
#     placed in the first 4GB address space. The Java Heap base address is the
#     maximum limit for the native heap growth. Please use -XX:HeapBaseMinAddress
#     to set the Java Heap base and to place the Java Heap above 4GB virtual address.
# This output file may be truncated or incomplete.
#
#  Out of Memory Error (os_linux.cpp:2757), pid=20987, tid=0x00007f7c38e2f700
#
# JRE version: OpenJDK Runtime Environment (8.0_222-b10) (build 1.8.0_222-8u222-b10-1ubuntu1~16.04.1-b10)
# Java VM: OpenJDK 64-Bit Server VM (25.222-b10 mixed mode linux-amd64 compressed oops)
# Failed to write core dump. Core dumps have been disabled. To enable core dumping, try "ulimit -c unlimited" before starting Java again
#

---------------  T H R E A D  ---------------

Current thread (0x00007f7c48075800):  VMThread [stack: 0x00007f7c38d2f000,0x00007f7c38e30000] [id=21007]

Stack: [0x00007f7c38d2f000,0x00007f7c38e30000],  sp=0x00007f7c38e2e540,  free space=1021k
Native frames: (J=compiled Java code, j=interpreted, Vv=VM code, C=native code)
V  [libjvm.so+0xa7787b]
V  [libjvm.so+0x4caa8c]
V  [libjvm.so+0x8c5da8]
V  [libjvm.so+0x8bd3ee]
V  [libjvm.so+0xa73fd4]
V  [libjvm.so+0x5cf9dd]
V  [libjvm.so+0x5d057d]
V  [libjvm.so+0x5bcf68]
V  [libjvm.so+0x45135f]
V  [libjvm.so+0xa78991]
V  [libjvm.so+0xa7e587]
V  [libjvm.so+0xa7bde7]
V  [libjvm.so+0xa7d0cf]
V  [libjvm.so+0xa7d5f2]
V  [libjvm.so+0x8c3102]

VM_Operation (0x00007f7c180acf60): GenCollectForAllocation, mode: safepoint, requested by thread 0x00007f7c1c324000


---------------  P R O C E S S  ---------------

Java Threads: ( => current thread )
  0x00007f7c2c01c800 JavaThread "Executor task launch worker for task 78" daemon [_thread_blocked, id=25845, stack(0x00007f7c11e70000,0x00007f7c11f71000)]
  0x00007f7c24004800 JavaThread "block-manager-slave-async-thread-pool-15" daemon [_thread_blocked, id=25832, stack(0x00007f7c10b65000,0x00007f7c10c66000)]
  0x00007f7c24003000 JavaThread "block-manager-slave-async-thread-pool-14" daemon [_thread_blocked, id=25831, stack(0x00007f7c1176b000,0x00007f7c1186c000)]
  0x00007f7c3419b800 JavaThread "block-manager-slave-async-thread-pool-13" daemon [_thread_blocked, id=25830, stack(0x00007f7c11c6e000,0x00007f7c11d6f000)]
  0x00007f7c2c026800 JavaThread "block-manager-ask-thread-pool-4" daemon [_thread_blocked, id=25829, stack(0x00007f7c10f67000,0x00007f7c11068000)]
  0x00007f7c1c5dd800 JavaThread "Thread-18" [_thread_in_native, id=23295, stack(0x00007f7c11369000,0x00007f7c1146a000)]
  0x00007f7c2c016800 JavaThread "task-result-getter-3" daemon [_thread_blocked, id=21163, stack(0x00007f7c1186c000,0x00007f7c1196d000)]
  0x00007f7c2c015800 JavaThread "task-result-getter-2" daemon [_thread_blocked, id=21160, stack(0x00007f7c12171000,0x00007f7c12272000)]
  0x00007f7c3415f000 JavaThread "task-result-getter-1" daemon [_thread_blocked, id=21153, stack(0x00007f7c11b6d000,0x00007f7c11c6e000)]
  0x00007f7c340fb000 JavaThread "task-result-getter-0" daemon [_thread_blocked, id=21121, stack(0x00007f7c12973000,0x00007f7c12a74000)]
  0x00007f7c20015000 JavaThread "stderr reader for /usr/bin/python3" daemon [_thread_in_native, id=21117, stack(0x00007f7c12a74000,0x00007f7c12b75000)]
  0x00007f7c20013800 JavaThread "stdout reader for /usr/bin/python3" daemon [_thread_in_native, id=21116, stack(0x00007f7c12b75000,0x00007f7c12c76000)]
  0x00007f7c20025000 JavaThread "Idle Worker Monitor for /usr/bin/python3" daemon [_thread_blocked, id=21108, stack(0x00007f7c12c76000,0x00007f7c12d77000)]
  0x00007f7c28b3e000 JavaThread "org.apache.hadoop.fs.FileSystem$Statistics$StatisticsDataReferenceCleaner" daemon [_thread_blocked, id=21082, stack(0x00007f7c14184000,0x00007f7c14285000)]
  0x00007f7c28e6e800 JavaThread "SparkListenerBus" daemon [_thread_blocked, id=21074, stack(0x00007f7c14a00000,0x00007f7c14b01000)]
  0x00007f7c28d93800 JavaThread "context-cleaner-periodic-gc" daemon [_thread_blocked, id=21073, stack(0x00007f7c14b01000,0x00007f7c14c02000)]
  0x00007f7c28d92000 JavaThread "Spark Context Cleaner" daemon [_thread_blocked, id=21072, stack(0x00007f7c14c02000,0x00007f7c14d03000)]
  0x00007f7c289b8000 JavaThread "shuffle-server-5-1" daemon [_thread_in_native, id=21071, stack(0x00007f7c14f03000,0x00007f7c15004000)]
  0x00007f7c28897000 JavaThread "driver-heartbeater" daemon [_thread_blocked, id=21070, stack(0x00007f7c15004000,0x00007f7c15105000)]
  0x00007f7c2875a000 JavaThread "dag-scheduler-event-loop" daemon [_thread_blocked, id=21069, stack(0x00007f7c15105000,0x00007f7c15206000)]
  0x0000000001e39800 JavaThread "netty-rpc-env-timeout" daemon [_thread_blocked, id=21068, stack(0x00007f7c15206000,0x00007f7c15307000)]
  0x00007f7c28881800 JavaThread "Timer-0" daemon [_thread_blocked, id=21067, stack(0x00007f7c15307000,0x00007f7c15408000)]
  0x00007f7c34077800 JavaThread "heartbeat-receiver-event-loop-thread" daemon [_thread_blocked, id=21066, stack(0x00007f7c15408000,0x00007f7c15509000)]
  0x00007f7c2878d800 JavaThread "SparkUI-37" daemon [_thread_blocked, id=21065, stack(0x00007f7c15509000,0x00007f7c1560a000)]
  0x00007f7c2878c000 JavaThread "SparkUI-36" daemon [_thread_blocked, id=21064, stack(0x00007f7c1560a000,0x00007f7c1570b000)]
  0x00007f7c28789800 JavaThread "SparkUI-35" daemon [_thread_blocked, id=21063, stack(0x00007f7c1570b000,0x00007f7c1580c000)]
  0x00007f7c28787800 JavaThread "SparkUI-34" daemon [_thread_blocked, id=21062, stack(0x00007f7c1580c000,0x00007f7c1590d000)]
  0x00007f7c28889800 JavaThread "SparkUI-33" daemon [_thread_blocked, id=21061, stack(0x00007f7c1590d000,0x00007f7c15a0e000)]
  0x00007f7c28887800 JavaThread "SparkUI-32" daemon [_thread_blocked, id=21060, stack(0x00007f7c15a0e000,0x00007f7c15b0f000)]
  0x00007f7c288b1800 JavaThread "SparkUI-31-acceptor-0@71ba336a-Spark@7f7dd32d{HTTP/1.1}{0.0.0.0:4040}" daemon [_thread_in_native, id=21059, stack(0x00007f7c15b0f000,0x00007f7c15c10000)]
  0x00007f7c2884f000 JavaThread "SparkUI-30-selector-ServerConnectorManager@414e1750/0" daemon [_thread_in_native, id=21058, stack(0x00007f7c15c10000,0x00007f7c15d11000)]
  0x00007f7c287bd000 JavaThread "refresh progress" daemon [_thread_blocked, id=21050, stack(0x00007f7c15f11000,0x00007f7c16012000)]
  0x00007f7c28669800 JavaThread "map-output-dispatcher-7" daemon [_thread_blocked, id=21049, stack(0x00007f7c16212000,0x00007f7c16313000)]
  0x00007f7c288c0000 JavaThread "map-output-dispatcher-6" daemon [_thread_blocked, id=21048, stack(0x00007f7c16313000,0x00007f7c16414000)]
  0x00007f7c288be000 JavaThread "map-output-dispatcher-5" daemon [_thread_blocked, id=21047, stack(0x00007f7c16414000,0x00007f7c16515000)]
  0x00007f7c287d9800 JavaThread "map-output-dispatcher-4" daemon [_thread_blocked, id=21046, stack(0x00007f7c16515000,0x00007f7c16616000)]
  0x00007f7c28667800 JavaThread "map-output-dispatcher-3" daemon [_thread_blocked, id=21045, stack(0x00007f7c16616000,0x00007f7c16717000)]
  0x00007f7c28679800 JavaThread "map-output-dispatcher-2" daemon [_thread_blocked, id=21044, stack(0x00007f7c16717000,0x00007f7c16818000)]
  0x00007f7c28677000 JavaThread "map-output-dispatcher-1" daemon [_thread_blocked, id=21043, stack(0x00007f7c16818000,0x00007f7c16919000)]
  0x00007f7c28677800 JavaThread "map-output-dispatcher-0" daemon [_thread_blocked, id=21042, stack(0x00007f7c16919000,0x00007f7c16a1a000)]
  0x00007f7c28459800 JavaThread "rpc-server-3-1" daemon [_thread_in_native, id=21041, stack(0x00007f7c16a1a000,0x00007f7c16b1b000)]
  0x00007f7c284d8800 JavaThread "dispatcher-event-loop-1" daemon [_thread_blocked, id=21040, stack(0x00007f7c16f40000,0x00007f7c17041000)]
  0x00007f7c284d7800 JavaThread "dispatcher-event-loop-0" daemon [_thread_blocked, id=21039, stack(0x00007f7c1786d000,0x00007f7c1796e000)]
  0x00007f7c2834d800 JavaThread "process reaper" daemon [_thread_in_native, id=21031, stack(0x00007f7c1796e000,0x00007f7c179a7000)]
  0x00007f7c1c324000 JavaThread "Thread-2" [_thread_blocked, id=21023, stack(0x00007f7c17fb1000,0x00007f7c180b2000)]
  0x00007f7c48da1000 JavaThread "Thread-1" [_thread_in_native, id=21022, stack(0x00007f7c180b2000,0x00007f7c181b3000)]
  0x00007f7c48d91800 JavaThread "pool-1-thread-1" [_thread_blocked, id=21021, stack(0x00007f7c183b3000,0x00007f7c184b4000)]
  0x00007f7c480bb000 JavaThread "Service Thread" daemon [_thread_blocked, id=21013, stack(0x00007f7c38591000,0x00007f7c38692000)]
  0x00007f7c480b8000 JavaThread "C1 CompilerThread1" daemon [_thread_blocked, id=21012, stack(0x00007f7c38692000,0x00007f7c38793000)]
  0x00007f7c480b6000 JavaThread "C2 CompilerThread0" daemon [_thread_blocked, id=21011, stack(0x00007f7c38793000,0x00007f7c38894000)]
  0x00007f7c480b4000 JavaThread "Signal Dispatcher" daemon [_thread_blocked, id=21010, stack(0x00007f7c38894000,0x00007f7c38995000)]
  0x00007f7c48082000 JavaThread "Finalizer" daemon [_thread_blocked, id=21009, stack(0x00007f7c38b2d000,0x00007f7c38c2e000)]
  0x00007f7c4807f800 JavaThread "Reference Handler" daemon [_thread_blocked, id=21008, stack(0x00007f7c38c2e000,0x00007f7c38d2f000)]
  0x00007f7c48011800 JavaThread "main" [_thread_in_native, id=21006, stack(0x00007f7c5054d000,0x00007f7c5064e000)]

Other Threads:
=>0x00007f7c48075800 VMThread [stack: 0x00007f7c38d2f000,0x00007f7c38e30000] [id=21007]
  0x00007f7c480be000 WatcherThread [stack: 0x00007f7c38490000,0x00007f7c38591000] [id=21014]

VM state:at safepoint (normal execution)

VM Mutex/Monitor currently owned by a thread:  ([mutex/lock_event])
[0x00007f7c4800df10] Threads_lock - owner thread: 0x00007f7c48075800
[0x00007f7c4800e410] Heap_lock - owner thread: 0x00007f7c1c324000

heap address: 0x00000000c0000000, size: 1024 MB, Compressed Oops mode: 32-bit
Narrow klass base: 0x0000000000000000, Narrow klass shift: 3
Compressed class space size: 1073741824 Address: 0x0000000100000000

Heap:
 def new generation   total 74432K, used 0K [0x00000000c0000000, 0x00000000c50c0000, 0x00000000d5550000)
  eden space 66176K,   0% used [0x00000000c0000000, 0x00000000c0000000, 0x00000000c40a0000)
  from space 8256K,   0% used [0x00000000c40a0000, 0x00000000c40a0000, 0x00000000c48b0000)
  to   space 8256K,   0% used [0x00000000c48b0000, 0x00000000c48b0000, 0x00000000c50c0000)
 tenured generation   total 203532K, used 179711K [0x00000000d5550000, 0x00000000e1c13000, 0x0000000100000000)
   the space 203532K,  88% used [0x00000000d5550000, 0x00000000e04cffd0, 0x00000000e04d0000, 0x00000000e1c13000)
 Metaspace       used 79050K, capacity 81521K, committed 81880K, reserved 1120256K
  class space    used 11060K, capacity 11361K, committed 11480K, reserved 1048576K

Card table byte_map: [0x00007f7c4c9e4000,0x00007f7c4cbe5000] byte_map_base: 0x00007f7c4c3e4000

Polling page: 0x00007f7c50659000

CodeCache: size=245760Kb used=34201Kb max_used=34891Kb free=211558Kb
 bounds [0x00007f7c39000000, 0x00007f7c3b280000, 0x00007f7c48000000]
 total_blobs=11849 nmethods=11219 adapters=541
 compilation: enabled

Compilation events (10 events):
Event: 783.074 Thread 0x00007f7c480b6000 14468   !   4       org.codehaus.janino.UnitCompiler::compile2 (36 bytes)
Event: 783.115 Thread 0x00007f7c480b6000 nmethod 14468 0x00007f7c3a17f6d0 code [0x00007f7c3a17f940, 0x00007f7c3a180688]
Event: 783.115 Thread 0x00007f7c480b6000 14469       4       org.codehaus.janino.UnitCompiler::access$9900 (6 bytes)
Event: 783.116 Thread 0x00007f7c480b6000 nmethod 14469 0x00007f7c39ac10d0 code [0x00007f7c39ac1220, 0x00007f7c39ac12a8]
Event: 783.132 Thread 0x00007f7c480b6000 14470       4       org.codehaus.janino.UnitCompiler::unaryNumericPromotionType (85 bytes)
Event: 783.134 Thread 0x00007f7c480b6000 nmethod 14470 0x00007f7c3ab85090 code [0x00007f7c3ab85200, 0x00007f7c3ab85418]
Event: 783.151 Thread 0x00007f7c480b6000 14471       4       java.util.HashMap$TreeNode::find (172 bytes)
Event: 783.153 Thread 0x00007f7c480b6000 nmethod 14471 0x00007f7c393e4010 code [0x00007f7c393e4160, 0x00007f7c393e42b8]
Event: 783.158 Thread 0x00007f7c480b6000 14472       4       org.codehaus.janino.UnitCompiler$18::visitFloatingPointLiteral (6 bytes)
Event: 783.159 Thread 0x00007f7c480b6000 nmethod 14472 0x00007f7c391a0490 code [0x00007f7c391a0600, 0x00007f7c391a0738]

GC Heap History (10 events):
Event: 782.520 GC heap after
Heap after GC invocations=367 (full 16):
 def new generation   total 74432K, used 5368K [0x00000000c0000000, 0x00000000c50c0000, 0x00000000d5550000)
  eden space 66176K,   0% used [0x00000000c0000000, 0x00000000c0000000, 0x00000000c40a0000)
  from space 8256K,  65% used [0x00000000c48b0000, 0x00000000c4dee3f8, 0x00000000c50c0000)
  to   space 8256K,   0% used [0x00000000c40a0000, 0x00000000c40a0000, 0x00000000c48b0000)
 tenured generation   total 165324K, used 51386K [0x00000000d5550000, 0x00000000df6c3000, 0x0000000100000000)
   the space 165324K,  31% used [0x00000000d5550000, 0x00000000d877eae8, 0x00000000d877ec00, 0x00000000df6c3000)
 Metaspace       used 79050K, capacity 81521K, committed 81880K, reserved 1120256K
  class space    used 11060K, capacity 11361K, committed 11480K, reserved 1048576K
}
Event: 782.537 GC heap before
{Heap before GC invocations=367 (full 16):
 def new generation   total 74432K, used 66565K [0x00000000c0000000, 0x00000000c50c0000, 0x00000000d5550000)
  eden space 66176K,  92% used [0x00000000c0000000, 0x00000000c3bc3098, 0x00000000c40a0000)
  from space 8256K,  65% used [0x00000000c48b0000, 0x00000000c4dee3f8, 0x00000000c50c0000)
  to   space 8256K,   0% used [0x00000000c40a0000, 0x00000000c40a0000, 0x00000000c48b0000)
 tenured generation   total 165324K, used 51386K [0x00000000d5550000, 0x00000000df6c3000, 0x0000000100000000)
   the space 165324K,  31% used [0x00000000d5550000, 0x00000000d877eae8, 0x00000000d877ec00, 0x00000000df6c3000)
 Metaspace       used 79050K, capacity 81521K, committed 81880K, reserved 1120256K
  class space    used 11060K, capacity 11361K, committed 11480K, reserved 1048576K
Event: 782.548 GC heap after
Heap after GC invocations=368 (full 16):
 def new generation   total 74432K, used 8255K [0x00000000c0000000, 0x00000000c50c0000, 0x00000000d5550000)
  eden space 66176K,   0% used [0x00000000c0000000, 0x00000000c0000000, 0x00000000c40a0000)
  from space 8256K,  99% used [0x00000000c40a0000, 0x00000000c48afff8, 0x00000000c48b0000)
  to   space 8256K,   0% used [0x00000000c48b0000, 0x00000000c48b0000, 0x00000000c50c0000)
 tenured generation   total 165324K, used 66320K [0x00000000d5550000, 0x00000000df6c3000, 0x0000000100000000)
   the space 165324K,  40% used [0x00000000d5550000, 0x00000000d9614080, 0x00000000d9614200, 0x00000000df6c3000)
 Metaspace       used 79050K, capacity 81521K, committed 81880K, reserved 1120256K
  class space    used 11060K, capacity 11361K, committed 11480K, reserved 1048576K
}
Event: 782.580 GC heap before
{Heap before GC invocations=368 (full 16):
 def new generation   total 74432K, used 74431K [0x00000000c0000000, 0x00000000c50c0000, 0x00000000d5550000)
  eden space 66176K, 100% used [0x00000000c0000000, 0x00000000c40a0000, 0x00000000c40a0000)
  from space 8256K,  99% used [0x00000000c40a0000, 0x00000000c48afff8, 0x00000000c48b0000)
  to   space 8256K,   0% used [0x00000000c48b0000, 0x00000000c48b0000, 0x00000000c50c0000)
 tenured generation   total 165324K, used 66320K [0x00000000d5550000, 0x00000000df6c3000, 0x0000000100000000)
   the space 165324K,  40% used [0x00000000d5550000, 0x00000000d9614080, 0x00000000d9614200, 0x00000000df6c3000)
 Metaspace       used 79050K, capacity 81521K, committed 81880K, reserved 1120256K
  class space    used 11060K, capacity 11361K, committed 11480K, reserved 1048576K
Event: 782.597 GC heap after
Heap after GC invocations=369 (full 16):
 def new generation   total 74432K, used 8256K [0x00000000c0000000, 0x00000000c50c0000, 0x00000000d5550000)
  eden space 66176K,   0% used [0x00000000c0000000, 0x00000000c0000000, 0x00000000c40a0000)
  from space 8256K, 100% used [0x00000000c48b0000, 0x00000000c50c0000, 0x00000000c50c0000)
  to   space 8256K,   0% used [0x00000000c40a0000, 0x00000000c40a0000, 0x00000000c48b0000)
 tenured generation   total 165324K, used 66573K [0x00000000d5550000, 0x00000000df6c3000, 0x0000000100000000)
   the space 165324K,  40% used [0x00000000d5550000, 0x00000000d96535d8, 0x00000000d9653600, 0x00000000df6c3000)
 Metaspace       used 79050K, capacity 81521K, committed 81880K, reserved 1120256K
  class space    used 11060K, capacity 11361K, committed 11480K, reserved 1048576K
}
Event: 782.661 GC heap before
{Heap before GC invocations=369 (full 16):
 def new generation   total 74432K, used 74432K [0x00000000c0000000, 0x00000000c50c0000, 0x00000000d5550000)
  eden space 66176K, 100% used [0x00000000c0000000, 0x00000000c40a0000, 0x00000000c40a0000)
  from space 8256K, 100% used [0x00000000c48b0000, 0x00000000c50c0000, 0x00000000c50c0000)
  to   space 8256K,   0% used [0x00000000c40a0000, 0x00000000c40a0000, 0x00000000c48b0000)
 tenured generation   total 165324K, used 66573K [0x00000000d5550000, 0x00000000df6c3000, 0x0000000100000000)
   the space 165324K,  40% used [0x00000000d5550000, 0x00000000d96535d8, 0x00000000d9653600, 0x00000000df6c3000)
 Metaspace       used 79050K, capacity 81521K, committed 81880K, reserved 1120256K
  class space    used 11060K, capacity 11361K, committed 11480K, reserved 1048576K
Event: 782.709 GC heap after
Heap after GC invocations=370 (full 16):
 def new generation   total 74432K, used 8256K [0x00000000c0000000, 0x00000000c50c0000, 0x00000000d5550000)
  eden space 66176K,   0% used [0x00000000c0000000, 0x00000000c0000000, 0x00000000c40a0000)
  from space 8256K, 100% used [0x00000000c40a0000, 0x00000000c48b0000, 0x00000000c48b0000)
  to   space 8256K,   0% used [0x00000000c48b0000, 0x00000000c48b0000, 0x00000000c50c0000)
 tenured generation   total 165324K, used 78925K [0x00000000d5550000, 0x00000000df6c3000, 0x0000000100000000)
   the space 165324K,  47% used [0x00000000d5550000, 0x00000000da263490, 0x00000000da263600, 0x00000000df6c3000)
 Metaspace       used 79050K, capacity 81521K, committed 81880K, reserved 1120256K
  class space    used 11060K, capacity 11361K, committed 11480K, reserved 1048576K
}
Event: 782.778 GC heap before
{Heap before GC invocations=370 (full 16):
 def new generation   total 74432K, used 74432K [0x00000000c0000000, 0x00000000c50c0000, 0x00000000d5550000)
  eden space 66176K, 100% used [0x00000000c0000000, 0x00000000c40a0000, 0x00000000c40a0000)
  from space 8256K, 100% used [0x00000000c40a0000, 0x00000000c48b0000, 0x00000000c48b0000)
  to   space 8256K,   0% used [0x00000000c48b0000, 0x00000000c48b0000, 0x00000000c50c0000)
 tenured generation   total 165324K, used 78925K [0x00000000d5550000, 0x00000000df6c3000, 0x0000000100000000)
   the space 165324K,  47% used [0x00000000d5550000, 0x00000000da263490, 0x00000000da263600, 0x00000000df6c3000)
 Metaspace       used 79050K, capacity 81521K, committed 81880K, reserved 1120256K
  class space    used 11060K, capacity 11361K, committed 11480K, reserved 1048576K
Event: 782.896 GC heap after
Heap after GC invocations=371 (full 16):
 def new generation   total 74432K, used 8256K [0x00000000c0000000, 0x00000000c50c0000, 0x00000000d5550000)
  eden space 66176K,   0% used [0x00000000c0000000, 0x00000000c0000000, 0x00000000c40a0000)
  from space 8256K, 100% used [0x00000000c48b0000, 0x00000000c50c0000, 0x00000000c50c0000)
  to   space 8256K,   0% used [0x00000000c40a0000, 0x00000000c40a0000, 0x00000000c48b0000)
 tenured generation   total 165324K, used 143991K [0x00000000d5550000, 0x00000000df6c3000, 0x0000000100000000)
   the space 165324K,  87% used [0x00000000d5550000, 0x00000000de1ede88, 0x00000000de1ee000, 0x00000000df6c3000)
 Metaspace       used 79050K, capacity 81521K, committed 81880K, reserved 1120256K
  class space    used 11060K, capacity 11361K, committed 11480K, reserved 1048576K
}
Event: 783.190 GC heap before
{Heap before GC invocations=371 (full 16):
 def new generation   total 74432K, used 74432K [0x00000000c0000000, 0x00000000c50c0000, 0x00000000d5550000)
  eden space 66176K, 100% used [0x00000000c0000000, 0x00000000c40a0000, 0x00000000c40a0000)
  from space 8256K, 100% used [0x00000000c48b0000, 0x00000000c50c0000, 0x00000000c50c0000)
  to   space 8256K,   0% used [0x00000000c40a0000, 0x00000000c40a0000, 0x00000000c48b0000)
 tenured generation   total 165324K, used 143991K [0x00000000d5550000, 0x00000000df6c3000, 0x0000000100000000)
   the space 165324K,  87% used [0x00000000d5550000, 0x00000000de1ede88, 0x00000000de1ee000, 0x00000000df6c3000)
 Metaspace       used 79050K, capacity 81521K, committed 81880K, reserved 1120256K
  class space    used 11060K, capacity 11361K, committed 11480K, reserved 1048576K

Deoptimization events (10 events):
Event: 771.780 Thread 0x00007f7c2c01c800 Uncommon trap: reason=bimorphic action=maybe_recompile pc=0x00007f7c39bda89c method=java.util.regex.Pattern$GroupTail.match(Ljava/util/regex/Matcher;ILjava/lang/CharSequence;)Z @ 70
Event: 771.792 Thread 0x00007f7c2c01c800 Uncommon trap: reason=predicate action=maybe_recompile pc=0x00007f7c3b1638ec method=org.apache.spark.sql.catalyst.CatalystTypeConverters$StructConverter.toScala(Lorg/apache/spark/sql/catalyst/InternalRow;)Lorg/apache/spark/sql/Row; @ 26
Event: 775.312 Thread 0x00007f7c1c324000 Uncommon trap: reason=array_check action=maybe_recompile pc=0x00007f7c39f88c58 method=java.util.AbstractCollection.toArray([Ljava/lang/Object;)[Ljava/lang/Object; @ 119
Event: 775.312 Thread 0x00007f7c1c324000 Uncommon trap: reason=array_check action=maybe_recompile pc=0x00007f7c39f88c58 method=java.util.AbstractCollection.toArray([Ljava/lang/Object;)[Ljava/lang/Object; @ 119
Event: 775.313 Thread 0x00007f7c1c324000 Uncommon trap: reason=array_check action=maybe_recompile pc=0x00007f7c39f88c58 method=java.util.AbstractCollection.toArray([Ljava/lang/Object;)[Ljava/lang/Object; @ 119
Event: 775.313 Thread 0x00007f7c1c324000 Uncommon trap: reason=array_check action=maybe_recompile pc=0x00007f7c39f88c58 method=java.util.AbstractCollection.toArray([Ljava/lang/Object;)[Ljava/lang/Object; @ 119
Event: 775.810 Thread 0x00007f7c1c324000 Uncommon trap: reason=unstable_if action=reinterpret pc=0x00007f7c39bcf66c method=org.apache.spark.sql.catalyst.expressions.codegen.CodeFormatter.org$apache$spark$sql$catalyst$expressions$codegen$CodeFormatter$$addLine(Ljava/lang/String;)V @ 104
Event: 780.484 Thread 0x00007f7c1c324000 Uncommon trap: reason=class_check action=maybe_recompile pc=0x00007f7c392e4214 method=java.lang.Throwable.<init>(Ljava/lang/String;Ljava/lang/Throwable;)V @ 24
Event: 780.487 Thread 0x00007f7c1c324000 Uncommon trap: reason=bimorphic action=maybe_recompile pc=0x00007f7c39b8c574 method=scala.collection.immutable.Map$Map4.updated(Ljava/lang/Object;Ljava/lang/Object;)Lscala/collection/immutable/Map; @ 60
Event: 780.547 Thread 0x00007f7c2875a000 Uncommon trap: reason=bimorphic action=maybe_recompile pc=0x00007f7c39bda89c method=java.util.regex.Pattern$GroupTail.match(Ljava/util/regex/Matcher;ILjava/lang/CharSequence;)Z @ 70

Classes redefined (0 events):
No events

Internal exceptions (10 events):
Event: 366.569 Thread 0x00007f7c1c324000 Exception <a 'java/lang/reflect/InvocationTargetException'> (0x00000000c124a398) thrown at [/build/openjdk-8-g3XteX/openjdk-8-8u222-b10/src/hotspot/src/share/vm/runtime/reflection.cpp, line 1092]
Event: 366.755 Thread 0x00007f7c1c324000 Exception <a 'java/lang/reflect/InvocationTargetException'> (0x00000000c0405c40) thrown at [/build/openjdk-8-g3XteX/openjdk-8-8u222-b10/src/hotspot/src/share/vm/runtime/reflection.cpp, line 1092]
Event: 366.916 Thread 0x00007f7c1c324000 Exception <a 'java/lang/reflect/InvocationTargetException'> (0x00000000c10620c8) thrown at [/build/openjdk-8-g3XteX/openjdk-8-8u222-b10/src/hotspot/src/share/vm/runtime/reflection.cpp, line 1092]
Event: 367.088 Thread 0x00007f7c1c324000 Exception <a 'java/lang/reflect/InvocationTargetException'> (0x00000000c0005c38) thrown at [/build/openjdk-8-g3XteX/openjdk-8-8u222-b10/src/hotspot/src/share/vm/runtime/reflection.cpp, line 1092]
Event: 376.406 Thread 0x00007f7c1c324000 Exception <a 'java/lang/NoSuchMethodError': <clinit>> (0x00000000c0aadc20) thrown at [/build/openjdk-8-g3XteX/openjdk-8-8u222-b10/src/hotspot/src/share/vm/prims/jni.cpp, line 1615]
Event: 376.406 Thread 0x00007f7c1c324000 Exception <a 'java/lang/NoSuchMethodError': <clinit>> (0x00000000c0ab6918) thrown at [/build/openjdk-8-g3XteX/openjdk-8-8u222-b10/src/hotspot/src/share/vm/prims/jni.cpp, line 1615]
Event: 376.407 Thread 0x00007f7c1c324000 Exception <a 'java/lang/NoSuchMethodError': <clinit>> (0x00000000c0acf588) thrown at [/build/openjdk-8-g3XteX/openjdk-8-8u222-b10/src/hotspot/src/share/vm/prims/jni.cpp, line 1615]
Event: 376.408 Thread 0x00007f7c1c324000 Exception <a 'java/lang/NoSuchMethodError': <clinit>> (0x00000000c0aed468) thrown at [/build/openjdk-8-g3XteX/openjdk-8-8u222-b10/src/hotspot/src/share/vm/prims/jni.cpp, line 1615]
Event: 672.918 Thread 0x00007f7c1c324000 Exception <a 'java/lang/NoSuchMethodError': <clinit>> (0x00000000c1ca9b60) thrown at [/build/openjdk-8-g3XteX/openjdk-8-8u222-b10/src/hotspot/src/share/vm/prims/jni.cpp, line 1615]
Event: 672.918 Thread 0x00007f7c1c324000 Exception <a 'java/lang/NoSuchMethodError': <clinit>> (0x00000000c1cb0470) thrown at [/build/openjdk-8-g3XteX/openjdk-8-8u222-b10/src/hotspot/src/share/vm/prims/jni.cpp, line 1615]

Events (10 events):
Event: 782.979 Thread 0x00007f7c480b6000 flushing nmethod 0x00007f7c3addb810
Event: 782.979 Thread 0x00007f7c480b6000 flushing nmethod 0x00007f7c3ae1b7d0
Event: 782.979 Thread 0x00007f7c480b6000 flushing nmethod 0x00007f7c3ae1bc50
Event: 782.979 Thread 0x00007f7c480b6000 flushing nmethod 0x00007f7c3ae21dd0
Event: 782.979 Thread 0x00007f7c480b6000 flushing nmethod 0x00007f7c3ae2c310
Event: 782.980 Thread 0x00007f7c480b6000 flushing nmethod 0x00007f7c3b159950
Event: 782.980 Thread 0x00007f7c480b6000 flushing nmethod 0x00007f7c3b15a150
Event: 782.980 Thread 0x00007f7c480b6000 flushing nmethod 0x00007f7c3b15c190
Event: 782.980 Thread 0x00007f7c480b6000 flushing nmethod 0x00007f7c3b1632d0
Event: 783.190 Executing VM operation: GenCollectForAllocation


Dynamic libraries:
00400000-00401000 r-xp 00000000 ca:01 286273                             /usr/lib/jvm/java-8-openjdk-amd64/jre/bin/java
00600000-00601000 r--p 00000000 ca:01 286273                             /usr/lib/jvm/java-8-openjdk-amd64/jre/bin/java
00601000-00602000 rw-p 00001000 ca:01 286273                             /usr/lib/jvm/java-8-openjdk-amd64/jre/bin/java
01e16000-01e58000 rw-p 00000000 00:00 0                                  [heap]
c0000000-c50c0000 rw-p 00000000 00:00 0 
c50c0000-d5550000 ---p 00000000 00:00 0 
d5550000-e1c13000 rw-p 00000000 00:00 0 
e79d0000-100000000 ---p 00000000 00:00 0 
100000000-100b36000 rw-p 00000000 00:00 0 
100b36000-140000000 ---p 00000000 00:00 0 
7f7c0fe5e000-7f7c0ff1e000 rw-p 00000000 00:00 0 
7f7c0ff1e000-7f7c10061000 ---p 00000000 00:00 0 
7f7c10061000-7f7c1035f000 rw-p 00000000 00:00 0 
7f7c1035f000-7f7c10362000 ---p 00000000 00:00 0 
7f7c10362000-7f7c10460000 rw-p 00000000 00:00 0 
7f7c10460000-7f7c10463000 ---p 00000000 00:00 0 
7f7c10463000-7f7c10561000 rw-p 00000000 00:00 0 
7f7c10561000-7f7c10564000 ---p 00000000 00:00 0 
7f7c10564000-7f7c10662000 rw-p 00000000 00:00 0 
7f7c10662000-7f7c10665000 ---p 00000000 00:00 0 
7f7c10665000-7f7c10763000 rw-p 00000000 00:00 0 
7f7c10763000-7f7c10766000 ---p 00000000 00:00 0 
7f7c10766000-7f7c10864000 rw-p 00000000 00:00 0 
7f7c10864000-7f7c10867000 ---p 00000000 00:00 0 
7f7c10867000-7f7c10b65000 rw-p 00000000 00:00 0 
7f7c10b65000-7f7c10b68000 ---p 00000000 00:00 0 
7f7c10b68000-7f7c10e66000 rw-p 00000000 00:00 0 
7f7c10e66000-7f7c10e69000 ---p 00000000 00:00 0 
7f7c10e69000-7f7c10f67000 rw-p 00000000 00:00 0 
7f7c10f67000-7f7c10f6a000 ---p 00000000 00:00 0 
7f7c10f6a000-7f7c11068000 rw-p 00000000 00:00 0 
7f7c11068000-7f7c1106b000 ---p 00000000 00:00 0 
7f7c1106b000-7f7c11369000 rw-p 00000000 00:00 0 
7f7c11369000-7f7c1136c000 ---p 00000000 00:00 0 
7f7c1136c000-7f7c1146a000 rw-p 00000000 00:00 0 
7f7c1146a000-7f7c1146d000 ---p 00000000 00:00 0 
7f7c1146d000-7f7c1176b000 rw-p 00000000 00:00 0 
7f7c1176b000-7f7c1176e000 ---p 00000000 00:00 0 
7f7c1176e000-7f7c1186c000 rw-p 00000000 00:00 0 
7f7c1186c000-7f7c1186f000 ---p 00000000 00:00 0 
7f7c1186f000-7f7c11b6d000 rw-p 00000000 00:00 0 
7f7c11b6d000-7f7c11b70000 ---p 00000000 00:00 0 
7f7c11b70000-7f7c11c6e000 rw-p 00000000 00:00 0 
7f7c11c6e000-7f7c11c71000 ---p 00000000 00:00 0 
7f7c11c71000-7f7c11d6f000 rw-p 00000000 00:00 0 
7f7c11d6f000-7f7c11d72000 ---p 00000000 00:00 0 
7f7c11d72000-7f7c11e70000 rw-p 00000000 00:00 0 
7f7c11e70000-7f7c11e73000 ---p 00000000 00:00 0 
7f7c11e73000-7f7c12171000 rw-p 00000000 00:00 0 
7f7c12171000-7f7c12174000 ---p 00000000 00:00 0 
7f7c12174000-7f7c12472000 rw-p 00000000 00:00 0 
7f7c12472000-7f7c12672000 rw-p 00000000 00:00 0 
7f7c12672000-7f7c12872000 rw-p 00000000 00:00 0 
7f7c12872000-7f7c12875000 ---p 00000000 00:00 0 
7f7c12875000-7f7c12973000 rw-p 00000000 00:00 0 
7f7c12973000-7f7c12976000 ---p 00000000 00:00 0 
7f7c12976000-7f7c12a74000 rw-p 00000000 00:00 0 
7f7c12a74000-7f7c12a77000 ---p 00000000 00:00 0 
7f7c12a77000-7f7c12b75000 rw-p 00000000 00:00 0 
7f7c12b75000-7f7c12b78000 ---p 00000000 00:00 0 
7f7c12b78000-7f7c12c76000 rw-p 00000000 00:00 0 
7f7c12c76000-7f7c12c79000 ---p 00000000 00:00 0 
7f7c12c79000-7f7c12f77000 rw-p 00000000 00:00 0 
7f7c12f77000-7f7c12f84000 r-xp 00000000 ca:01 10330                      /tmp/liblz4-java5773629922032640766.so
7f7c12f84000-7f7c13183000 ---p 0000d000 ca:01 10330                      /tmp/liblz4-java5773629922032640766.so
7f7c13183000-7f7c13184000 rw-p 0000c000 ca:01 10330                      /tmp/liblz4-java5773629922032640766.so
7f7c13184000-7f7c13384000 rw-p 00000000 00:00 0 
7f7c13384000-7f7c13584000 rw-p 00000000 00:00 0 
7f7c13584000-7f7c13784000 rw-p 00000000 00:00 0 
7f7c13784000-7f7c13984000 rw-p 00000000 00:00 0 
7f7c13984000-7f7c13b84000 rw-p 00000000 00:00 0 
7f7c13b84000-7f7c13d84000 rw-p 00000000 00:00 0 
7f7c13d84000-7f7c13f84000 rw-p 00000000 00:00 0 
7f7c13f84000-7f7c14184000 rw-p 00000000 00:00 0 
7f7c14184000-7f7c14187000 ---p 00000000 00:00 0 
7f7c14187000-7f7c14285000 rw-p 00000000 00:00 0 
7f7c142ff000-7f7c14302000 ---p 00000000 00:00 0 
7f7c14302000-7f7c14600000 rw-p 00000000 00:00 0 
7f7c14600000-7f7c14800000 rw-p 00000000 00:00 0 
7f7c14800000-7f7c14a00000 rw-p 00000000 00:00 0 
7f7c14a00000-7f7c14a03000 ---p 00000000 00:00 0 
7f7c14a03000-7f7c14b01000 rw-p 00000000 00:00 0 
7f7c14b01000-7f7c14b04000 ---p 00000000 00:00 0 
7f7c14b04000-7f7c14c02000 rw-p 00000000 00:00 0 
7f7c14c02000-7f7c14c05000 ---p 00000000 00:00 0 
7f7c14c05000-7f7c14f03000 rw-p 00000000 00:00 0 
7f7c14f03000-7f7c14f06000 ---p 00000000 00:00 0 
7f7c14f06000-7f7c15004000 rw-p 00000000 00:00 0 
7f7c15004000-7f7c15007000 ---p 00000000 00:00 0 
7f7c15007000-7f7c15105000 rw-p 00000000 00:00 0 
7f7c15105000-7f7c15108000 ---p 00000000 00:00 0 
7f7c15108000-7f7c15206000 rw-p 00000000 00:00 0 
7f7c15206000-7f7c15209000 ---p 00000000 00:00 0 
7f7c15209000-7f7c15307000 rw-p 00000000 00:00 0 
7f7c15307000-7f7c1530a000 ---p 00000000 00:00 0 
7f7c1530a000-7f7c15408000 rw-p 00000000 00:00 0 
7f7c15408000-7f7c1540b000 ---p 00000000 00:00 0 
7f7c1540b000-7f7c15509000 rw-p 00000000 00:00 0 
7f7c15509000-7f7c1550c000 ---p 00000000 00:00 0 
7f7c1550c000-7f7c1560a000 rw-p 00000000 00:00 0 
7f7c1560a000-7f7c1560d000 ---p 00000000 00:00 0 
7f7c1560d000-7f7c1570b000 rw-p 00000000 00:00 0 
7f7c1570b000-7f7c1570e000 ---p 00000000 00:00 0 
7f7c1570e000-7f7c1580c000 rw-p 00000000 00:00 0 
7f7c1580c000-7f7c1580f000 ---p 00000000 00:00 0 
7f7c1580f000-7f7c1590d000 rw-p 00000000 00:00 0 
7f7c1590d000-7f7c15910000 ---p 00000000 00:00 0 
7f7c15910000-7f7c15a0e000 rw-p 00000000 00:00 0 
7f7c15a0e000-7f7c15a11000 ---p 00000000 00:00 0 
7f7c15a11000-7f7c15b0f000 rw-p 00000000 00:00 0 
7f7c15b0f000-7f7c15b12000 ---p 00000000 00:00 0 
7f7c15b12000-7f7c15c10000 rw-p 00000000 00:00 0 
7f7c15c10000-7f7c15c13000 ---p 00000000 00:00 0 
7f7c15c13000-7f7c15f11000 rw-p 00000000 00:00 0 
7f7c15f11000-7f7c15f14000 ---p 00000000 00:00 0 
7f7c15f14000-7f7c16212000 rw-p 00000000 00:00 0 
7f7c16212000-7f7c16215000 ---p 00000000 00:00 0 
7f7c16215000-7f7c16313000 rw-p 00000000 00:00 0 
7f7c16313000-7f7c16316000 ---p 00000000 00:00 0 
7f7c16316000-7f7c16414000 rw-p 00000000 00:00 0 
7f7c16414000-7f7c16417000 ---p 00000000 00:00 0 
7f7c16417000-7f7c16515000 rw-p 00000000 00:00 0 
7f7c16515000-7f7c16518000 ---p 00000000 00:00 0 
7f7c16518000-7f7c16616000 rw-p 00000000 00:00 0 
7f7c16616000-7f7c16619000 ---p 00000000 00:00 0 
7f7c16619000-7f7c16717000 rw-p 00000000 00:00 0 
7f7c16717000-7f7c1671a000 ---p 00000000 00:00 0 
7f7c1671a000-7f7c16818000 rw-p 00000000 00:00 0 
7f7c16818000-7f7c1681b000 ---p 00000000 00:00 0 
7f7c1681b000-7f7c16919000 rw-p 00000000 00:00 0 
7f7c16919000-7f7c1691c000 ---p 00000000 00:00 0 
7f7c1691c000-7f7c16a1a000 rw-p 00000000 00:00 0 
7f7c16a1a000-7f7c16a1d000 ---p 00000000 00:00 0 
7f7c16a1d000-7f7c16b1b000 rw-p 00000000 00:00 0 
7f7c16b1b000-7f7c16b2c000 r-xp 00000000 ca:01 286360                     /usr/lib/jvm/java-8-openjdk-amd64/jre/lib/amd64/libnio.so
7f7c16b2c000-7f7c16d2b000 ---p 00011000 ca:01 286360                     /usr/lib/jvm/java-8-openjdk-amd64/jre/lib/amd64/libnio.so
7f7c16d2b000-7f7c16d2c000 r--p 00010000 ca:01 286360                     /usr/lib/jvm/java-8-openjdk-amd64/jre/lib/amd64/libnio.so
7f7c16d2c000-7f7c16d2d000 rw-p 00011000 ca:01 286360                     /usr/lib/jvm/java-8-openjdk-amd64/jre/lib/amd64/libnio.so
7f7c16d2d000-7f7c16f2d000 rw-p 00000000 00:00 0 
7f7c16f2d000-7f7c16f40000 r--s 00346000 ca:01 286377                     /usr/lib/jvm/java-8-openjdk-amd64/jre/lib/resources.jar
7f7c16f40000-7f7c16f43000 ---p 00000000 00:00 0 
7f7c16f43000-7f7c17241000 rw-p 00000000 00:00 0 
7f7c17241000-7f7c17258000 r-xp 00000000 ca:01 1984                       /lib/x86_64-linux-gnu/libresolv-2.23.so
7f7c17258000-7f7c17458000 ---p 00017000 ca:01 1984                       /lib/x86_64-linux-gnu/libresolv-2.23.so
7f7c17458000-7f7c17459000 r--p 00017000 ca:01 1984                       /lib/x86_64-linux-gnu/libresolv-2.23.so
7f7c17459000-7f7c1745a000 rw-p 00018000 ca:01 1984                       /lib/x86_64-linux-gnu/libresolv-2.23.so
7f7c1745a000-7f7c1745c000 rw-p 00000000 00:00 0 
7f7c1745c000-7f7c17461000 r-xp 00000000 ca:01 1990                       /lib/x86_64-linux-gnu/libnss_dns-2.23.so
7f7c17461000-7f7c17661000 ---p 00005000 ca:01 1990                       /lib/x86_64-linux-gnu/libnss_dns-2.23.so
7f7c17661000-7f7c17662000 r--p 00005000 ca:01 1990                       /lib/x86_64-linux-gnu/libnss_dns-2.23.so
7f7c17662000-7f7c17663000 rw-p 00006000 ca:01 1990                       /lib/x86_64-linux-gnu/libnss_dns-2.23.so
7f7c17664000-7f7c17666000 r--s 00016000 ca:01 286312                     /usr/lib/jvm/java-8-openjdk-amd64/jre/lib/jce.jar
7f7c17666000-7f7c1766b000 r--s 000a3000 ca:01 286376                     /usr/lib/jvm/java-8-openjdk-amd64/jre/lib/jsse.jar
7f7c1766b000-7f7c1766c000 r-xp 00000000 ca:01 286366                     /usr/lib/jvm/java-8-openjdk-amd64/jre/lib/amd64/libjaas_unix.so
7f7c1766c000-7f7c1786b000 ---p 00001000 ca:01 286366                     /usr/lib/jvm/java-8-openjdk-amd64/jre/lib/amd64/libjaas_unix.so
7f7c1786b000-7f7c1786c000 r--p 00000000 ca:01 286366                     /usr/lib/jvm/java-8-openjdk-amd64/jre/lib/amd64/libjaas_unix.so
7f7c1786c000-7f7c1786d000 rw-p 00001000 ca:01 286366                     /usr/lib/jvm/java-8-openjdk-amd64/jre/lib/amd64/libjaas_unix.so
7f7c1786d000-7f7c17870000 ---p 00000000 00:00 0 
7f7c17870000-7f7c1796e000 rw-p 00000000 00:00 0 
7f7c1796e000-7f7c17971000 ---p 00000000 00:00 0 
7f7c17971000-7f7c17ba7000 rw-p 00000000 00:00 0 
7f7c17ba7000-7f7c17da7000 rw-p 00000000 00:00 0 
7f7c17da7000-7f7c17db0000 r-xp 00000000 ca:01 286338                     /usr/lib/jvm/java-8-openjdk-amd64/jre/lib/amd64/libmanagement.so
7f7c17db0000-7f7c17faf000 ---p 00009000 ca:01 286338                     /usr/lib/jvm/java-8-openjdk-amd64/jre/lib/amd64/libmanagement.so
7f7c17faf000-7f7c17fb0000 r--p 00008000 ca:01 286338                     /usr/lib/jvm/java-8-openjdk-amd64/jre/lib/amd64/libmanagement.so
7f7c17fb0000-7f7c17fb1000 rw-p 00009000 ca:01 286338                     /usr/lib/jvm/java-8-openjdk-amd64/jre/lib/amd64/libmanagement.so
7f7c17fb1000-7f7c17fb4000 ---p 00000000 00:00 0 
7f7c17fb4000-7f7c180b2000 rw-p 00000000 00:00 0 
7f7c180b2000-7f7c180b5000 ---p 00000000 00:00 0 
7f7c180b5000-7f7c183b3000 rw-p 00000000 00:00 0 
7f7c183b3000-7f7c183b6000 ---p 00000000 00:00 0 
7f7c183b6000-7f7c1b4b5000 rw-p 00000000 00:00 0 
7f7c1b4b5000-7f7c1b4cb000 r-xp 00000000 ca:01 286343                     /usr/lib/jvm/java-8-openjdk-amd64/jre/lib/amd64/libnet.so
7f7c1b4cb000-7f7c1b6cb000 ---p 00016000 ca:01 286343                     /usr/lib/jvm/java-8-openjdk-amd64/jre/lib/amd64/libnet.so
7f7c1b6cb000-7f7c1b6cc000 r--p 00016000 ca:01 286343                     /usr/lib/jvm/java-8-openjdk-amd64/jre/lib/amd64/libnet.so
7f7c1b6cc000-7f7c1b6cd000 rw-p 00017000 ca:01 286343                     /usr/lib/jvm/java-8-openjdk-amd64/jre/lib/amd64/libnet.so
7f7c1b6cd000-7f7c1b6d0000 r--s 00015000 ca:01 261533                     /home/ubuntu/spark-2.1.1-bin-hadoop2.7/jars/javax.servlet-api-3.1.0.jar
7f7c1b6d0000-7f7c1b6fc000 r--s 001c9000 ca:01 261798                     /home/ubuntu/spark-2.1.1-bin-hadoop2.7/jars/shapeless_2.11-2.0.0.jar
7f7c1b6fc000-7f7c1b707000 r--s 000b0000 ca:01 261731                     /home/ubuntu/spark-2.1.1-bin-hadoop2.7/jars/jtransforms-2.4.0.jar
7f7c1b707000-7f7c1b70d000 r--s 00043000 ca:01 261858                     /home/ubuntu/spark-2.1.1-bin-hadoop2.7/jars/commons-configuration-1.6.jar
7f7c1b70d000-7f7c1b711000 r--s 00019000 ca:01 261784                     /home/ubuntu/spark-2.1.1-bin-hadoop2.7/jars/javax.ws.rs-api-2.0.1.jar
7f7c1b711000-7f7c1b713000 r--s 00009000 ca:01 261839                     /home/ubuntu/spark-2.1.1-bin-hadoop2.7/jars/commons-cli-1.2.jar
7f7c1b713000-7f7c1b71d000 r--s 00095000 ca:01 261728                     /home/ubuntu/spark-2.1.1-bin-hadoop2.7/jars/scala-xml_2.11-1.0.2.jar
7f7c1b71d000-7f7c1b722000 r--s 00031000 ca:01 261744                     /home/ubuntu/spark-2.1.1-bin-hadoop2.7/jars/parquet-hadoop-1.8.1.jar
7f7c1b722000-7f7c1b726000 r--s 00020000 ca:01 261720                     /home/ubuntu/spark-2.1.1-bin-hadoop2.7/jars/commons-digester-1.8.jar
7f7c1b726000-7f7c1b728000 r--s 00027000 ca:01 261790                     /home/ubuntu/spark-2.1.1-bin-hadoop2.7/jars/core-1.1.2.jar
7f7c1b728000-7f7c1b73f000 r--s 00183000 ca:01 261753                     /home/ubuntu/spark-2.1.1-bin-hadoop2.7/jars/hadoop-yarn-common-2.7.3.jar
7f7c1b73f000-7f7c1b740000 r--s 00004000 ca:01 261711                     /home/ubuntu/spark-2.1.1-bin-hadoop2.7/jars/eigenbase-properties-1.1.5.jar
7f7c1b740000-7f7c1b746000 r--s 00044000 ca:01 261763                     /home/ubuntu/spark-2.1.1-bin-hadoop2.7/jars/antlr4-runtime-4.5.3.jar
7f7c1b746000-7f7c1b748000 r--s 0000b000 ca:01 261840                     /home/ubuntu/spark-2.1.1-bin-hadoop2.7/jars/chill-java-0.8.0.jar
7f7c1b748000-7f7c1b752000 r--s 00086000 ca:01 261718                     /home/ubuntu/spark-2.1.1-bin-hadoop2.7/jars/json4s-core_2.11-3.2.11.jar
7f7c1b752000-7f7c1b754000 r--s 0000f000 ca:01 261566                     /home/ubuntu/spark-2.1.1-bin-hadoop2.7/jars/activation-1.1.1.jar
7f7c1b754000-7f7c1b758000 r--s 00031000 ca:01 261583                     /home/ubuntu/spark-2.1.1-bin-hadoop2.7/jars/jline-2.12.1.jar
7f7c1b758000-7f7c1b75e000 r--s 00028000 ca:01 261745                     /home/ubuntu/spark-2.1.1-bin-hadoop2.7/jars/curator-framework-2.6.0.jar
7f7c1b75e000-7f7c1b76b000 r--s 000b1000 ca:01 261545                     /home/ubuntu/spark-2.1.1-bin-hadoop2.7/jars/hadoop-mapreduce-client-common-2.7.3.jar
7f7c1b76b000-7f7c1b76d000 r--s 00009000 ca:01 261758                     /home/ubuntu/spark-2.1.1-bin-hadoop2.7/jars/jackson-module-paranamer-2.6.5.jar
7f7c1b76d000-7f7c1b76e000 r--s 00009000 ca:01 261845                     /home/ubuntu/spark-2.1.1-bin-hadoop2.7/jars/slf4j-api-1.7.16.jar
7f7c1b76e000-7f7c1b76f000 r--s 00004000 ca:01 261710                     /home/ubuntu/spark-2.1.1-bin-hadoop2.7/jars/jackson-jaxrs-1.9.13.jar
7f7c1b76f000-7f7c1b771000 r--s 00012000 ca:01 261803                     /home/ubuntu/spark-2.1.1-bin-hadoop2.7/jars/api-util-1.0.0-M20.jar
7f7c1b771000-7f7c1b779000 r--s 00066000 ca:01 261732                     /home/ubuntu/spark-2.1.1-bin-hadoop2.7/jars/apache-log4j-extras-1.2.17.jar
7f7c1b779000-7f7c1b77b000 r--s 00004000 ca:01 261587                     /home/ubuntu/spark-2.1.1-bin-hadoop2.7/jars/stax-api-1.0-2.jar
7f7c1b77b000-7f7c1b789000 r--s 00078000 ca:01 261756                     /home/ubuntu/spark-2.1.1-bin-hadoop2.7/jars/spark-mesos_2.11-2.1.1.jar
7f7c1b789000-7f7c1b7b7000 r--s 00212000 ca:01 261712                     /home/ubuntu/spark-2.1.1-bin-hadoop2.7/jars/spark-network-common_2.11-2.1.1.jar
7f7c1b7b7000-7f7c1b7bf000 r--s 0006e000 ca:01 261765                     /home/ubuntu/spark-2.1.1-bin-hadoop2.7/jars/commons-lang3-3.5.jar
7f7c1b7bf000-7f7c1b7c0000 r--s 00009000 ca:01 261830                     /home/ubuntu/spark-2.1.1-bin-hadoop2.7/jars/hive-cli-1.2.1.spark2.jar
7f7c1b7c0000-7f7c1b7d6000 r--s 001a4000 ca:01 261613                     /home/ubuntu/spark-2.1.1-bin-hadoop2.7/jars/datanucleus-rdbms-3.2.9.jar
7f7c1b7d6000-7f7c1b7e7000 r--s 0010d000 ca:01 261714                     /home/ubuntu/spark-2.1.1-bin-hadoop2.7/jars/jackson-databind-2.6.5.jar
7f7c1b7e7000-7f7c1b7e9000 r--s 0000a000 ca:01 261612                     /home/ubuntu/spark-2.1.1-bin-hadoop2.7/jars/spark-unsafe_2.11-2.1.1.jar
7f7c1b7e9000-7f7c1b80d000 r--s 001cd000 ca:01 261855                     /home/ubuntu/spark-2.1.1-bin-hadoop2.7/jars/commons-math3-3.4.1.jar
7f7c1b80d000-7f7c1b811000 r--s 0002a000 ca:01 261747                     /home/ubuntu/spark-2.1.1-bin-hadoop2.7/jars/commons-io-2.4.jar
7f7c1b811000-7f7c1b819000 r--s 00059000 ca:01 261611                     /home/ubuntu/spark-2.1.1-bin-hadoop2.7/jars/javolution-5.5.1.jar
7f7c1b819000-7f7c1b81a000 r--s 00003000 ca:01 261568                     /home/ubuntu/spark-2.1.1-bin-hadoop2.7/jars/jta-1.1.jar
7f7c1b81a000-7f7c1b81d000 r--s 00009000 ca:01 261751                     /home/ubuntu/spark-2.1.1-bin-hadoop2.7/jars/jackson-annotations-2.6.5.jar
7f7c1b81d000-7f7c1b891000 r--s 00574000 ca:01 261739                     /home/ubuntu/spark-2.1.1-bin-hadoop2.7/jars/spark-mllib_2.11-2.1.1.jar
7f7c1b891000-7f7c1b8ac000 r--s 001d8000 ca:01 261572                     /home/ubuntu/spark-2.1.1-bin-hadoop2.7/jars/jets3t-0.9.3.jar
7f7c1b8ac000-7f7c1b937000 r--s 0069e000 ca:01 261713                     /home/ubuntu/spark-2.1.1-bin-hadoop2.7/jars/spark-catalyst_2.11-2.1.1.jar
7f7c1b937000-7f7c1b93c000 r--s 0002a000 ca:01 261576                     /home/ubuntu/spark-2.1.1-bin-hadoop2.7/jars/commons-beanutils-1.7.0.jar
7f7c1b93c000-7f7c1b93e000 r--s 00006000 ca:01 261588                     /home/ubuntu/spark-2.1.1-bin-hadoop2.7/jars/paranamer-2.3.jar
7f7c1b93e000-7f7c1b942000 r--s 0002c000 ca:01 261748                     /home/ubuntu/spark-2.1.1-bin-hadoop2.7/jars/avro-ipc-1.7.7.jar
7f7c1b942000-7f7c1b943000 r--s 00003000 ca:01 261594                     /home/ubuntu/spark-2.1.1-bin-hadoop2.7/jars/xmlenc-0.52.jar
7f7c1b943000-7f7c1b960000 r--s 001d5000 ca:01 261860                     /home/ubuntu/spark-2.1.1-bin-hadoop2.7/jars/hadoop-yarn-api-2.7.3.jar
7f7c1b960000-7f7c1b961000 r--s 00004000 ca:01 261716                     /home/ubuntu/spark-2.1.1-bin-hadoop2.7/jars/opencsv-2.3.jar
7f7c1b961000-7f7c1b965000 r--s 00014000 ca:01 261856                     /home/ubuntu/spark-2.1.1-bin-hadoop2.7/jars/xz-1.0.jar
7f7c1b965000-7f7c1b968000 r--s 000fd000 ca:01 261604                     /home/ubuntu/spark-2.1.1-bin-hadoop2.7/jars/leveldbjni-all-1.8.jar
7f7c1b968000-7f7c1b96e000 r--s 00063000 ca:01 261849                     /home/ubuntu/spark-2.1.1-bin-hadoop2.7/jars/jodd-core-3.5.2.jar
7f7c1b96e000-7f7c1b972000 r--s 00030000 ca:01 261532                     /home/ubuntu/spark-2.1.1-bin-hadoop2.7/jars/commons-net-2.2.jar
7f7c1b972000-7f7c1b976000 r--s 00028000 ca:01 261608                     /home/ubuntu/spark-2.1.1-bin-hadoop2.7/jars/spark-mllib-local_2.11-2.1.1.jar
7f7c1b976000-7f7c1b97d000 r--s 0007d000 ca:01 261722                     /home/ubuntu/spark-2.1.1-bin-hadoop2.7/jars/jetty-6.1.26.jar
7f7c1b97d000-7f7c1b980000 r--s 0002f000 ca:01 261546                     /home/ubuntu/spark-2.1.1-bin-hadoop2.7/jars/RoaringBitmap-0.5.11.jar
7f7c1b980000-7f7c1b981000 r--s 00004000 ca:01 261866                     /home/ubuntu/spark-2.1.1-bin-hadoop2.7/jars/osgi-resource-locator-1.0.1.jar
7f7c1b981000-7f7c1b9a2000 r--s 0019b000 ca:01 261796                     /home/ubuntu/spark-2.1.1-bin-hadoop2.7/jars/spark-hive-thriftserver_2.11-2.1.1.jar
7f7c1b9a2000-7f7c1b9a7000 r--s 00041000 ca:01 261740                     /home/ubuntu/spark-2.1.1-bin-hadoop2.7/jars/commons-lang-2.6.jar
7f7c1b9a7000-7f7c1b9a9000 r--s 00020000 ca:01 261749                     /home/ubuntu/spark-2.1.1-bin-hadoop2.7/jars/hive-beeline-1.2.1.spark2.jar
7f7c1b9a9000-7f7c1b9b0000 r--s 00049000 ca:01 261736                     /home/ubuntu/spark-2.1.1-bin-hadoop2.7/jars/httpcore-4.4.4.jar
7f7c1b9b0000-7f7c1b9b2000 r--s 00014000 ca:01 261717                     /home/ubuntu/spark-2.1.1-bin-hadoop2.7/jars/spire-macros_2.11-0.7.4.jar
7f7c1b9b2000-7f7c1b9b3000 r--s 00001000 ca:01 261621                     /home/ubuntu/spark-2.1.1-bin-hadoop2.7/jars/pmml-schema-1.2.15.jar
7f7c1b9b3000-7f7c1b9b7000 r--s 00028000 ca:01 261573                     /home/ubuntu/spark-2.1.1-bin-hadoop2.7/jars/jetty-util-6.1.26.jar
7f7c1b9b7000-7f7c1b9ba000 r--s 00006000 ca:01 261721                     /home/ubuntu/spark-2.1.1-bin-hadoop2.7/jars/jsr305-1.3.9.jar
7f7c1b9ba000-7f7c1b9c1000 r--s 0005d000 ca:01 261793                     /home/ubuntu/spark-2.1.1-bin-hadoop2.7/jars/mx4j-3.0.2.jar
7f7c1b9c1000-7f7c1b9c3000 r--s 0000e000 ca:01 261821                     /home/ubuntu/spark-2.1.1-bin-hadoop2.7/jars/guice-servlet-3.0.jar
7f7c1b9c3000-7f7c1b9cb000 r--s 0007b000 ca:01 261737                     /home/ubuntu/spark-2.1.1-bin-hadoop2.7/jars/protobuf-java-2.5.0.jar
7f7c1b9cb000-7f7c1b9d4000 r--s 00062000 ca:01 261580                     /home/ubuntu/spark-2.1.1-bin-hadoop2.7/jars/avro-1.7.7.jar
7f7c1b9d4000-7f7c1b9d6000 r--s 00003000 ca:01 261733                     /home/ubuntu/spark-2.1.1-bin-hadoop2.7/jars/jcl-over-slf4j-1.7.16.jar
7f7c1b9d6000-7f7c1baa6000 r--s 00cf0000 ca:01 261540                     /home/ubuntu/spark-2.1.1-bin-hadoop2.7/jars/breeze_2.11-0.12.jar
7f7c1baa6000-7f7c1baa7000 r--s 00002000 ca:01 261619                     /home/ubuntu/spark-2.1.1-bin-hadoop2.7/jars/slf4j-log4j12-1.7.16.jar
7f7c1baa7000-7f7c1baa9000 r--s 00006000 ca:01 261578                     /home/ubuntu/spark-2.1.1-bin-hadoop2.7/jars/spark-sketch_2.11-2.1.1.jar
7f7c1baa9000-7f7c1baae000 r--s 00068000 ca:01 261791                     /home/ubuntu/spark-2.1.1-bin-hadoop2.7/jars/antlr-2.7.7.jar
7f7c1baae000-7f7c1bab0000 r--s 00000000 ca:01 261759                     /home/ubuntu/spark-2.1.1-bin-hadoop2.7/jars/aopalliance-1.0.jar
7f7c1bab0000-7f7c1bab2000 r--s 00012000 ca:01 261730                     /home/ubuntu/spark-2.1.1-bin-hadoop2.7/jars/compress-lzf-1.0.3.jar
7f7c1bab2000-7f7c1babf000 r--s 0009e000 ca:01 261822                     /home/ubuntu/spark-2.1.1-bin-hadoop2.7/jars/spark-graphx_2.11-2.1.1.jar
7f7c1babf000-7f7c1bac4000 r--s 00028000 ca:01 261841                     /home/ubuntu/spark-2.1.1-bin-hadoop2.7/jars/avro-mapred-1.7.7-hadoop2.jar
7f7c1bac4000-7f7c1bada000 r--s 00124000 ca:01 261833                     /home/ubuntu/spark-2.1.1-bin-hadoop2.7/jars/ivy-2.4.0.jar
7f7c1bada000-7f7c1bae2000 r--s 00078000 ca:01 261805                     /home/ubuntu/spark-2.1.1-bin-hadoop2.7/jars/mail-1.4.7.jar
7f7c1bae2000-7f7c1bae7000 r--s 0004e000 ca:01 261582                     /home/ubuntu/spark-2.1.1-bin-hadoop2.7/jars/datanucleus-api-jdo-3.2.6.jar
7f7c1bae7000-7f7c1bbbf000 r--s 00a88000 ca:01 261543                     /home/ubuntu/spark-2.1.1-bin-hadoop2.7/jars/spark-core_2.11-2.1.1.jar
7f7c1bbbf000-7f7c1bbd7000 r--s 001b6000 ca:01 261569                     /home/ubuntu/spark-2.1.1-bin-hadoop2.7/jars/datanucleus-core-3.2.10.jar
7f7c1bbd7000-7f7c1bbeb000 r--s 000ec000 ca:01 261539                     /home/ubuntu/spark-2.1.1-bin-hadoop2.7/jars/parquet-jackson-1.8.1.jar
7f7c1bbeb000-7f7c1bbed000 r--s 0000e000 ca:01 261785                     /home/ubuntu/spark-2.1.1-bin-hadoop2.7/jars/hadoop-mapreduce-client-jobclient-2.7.3.jar
7f7c1bbed000-7f7c1bbef000 r--s 0000e000 ca:01 261536                     /home/ubuntu/spark-2.1.1-bin-hadoop2.7/jars/oro-2.0.8.jar
7f7c1bbef000-7f7c1bbf1000 r--s 00003000 ca:01 261826                     /home/ubuntu/spark-2.1.1-bin-hadoop2.7/jars/JavaEWAH-0.3.2.jar
7f7c1bbf1000-7f7c1bbf3000 r--s 0000f000 ca:01 261757                     /home/ubuntu/spark-2.1.1-bin-hadoop2.7/jars/spark-launcher_2.11-2.1.1.jar
7f7c1bbf3000-7f7c1bc15000 r--s 00335000 ca:01 261750                     /home/ubuntu/spark-2.1.1-bin-hadoop2.7/jars/mesos-1.0.0-shaded-protobuf.jar
7f7c1bc15000-7f7c1bc16000 r--s 00001000 ca:01 261610                     /home/ubuntu/spark-2.1.1-bin-hadoop2.7/jars/minlog-1.3.0.jar
7f7c1bc16000-7f7c1bc19000 r--s 0001a000 ca:01 261834                     /home/ubuntu/spark-2.1.1-bin-hadoop2.7/jars/py4j-0.10.4.jar
7f7c1bc19000-7f7c1bc1a000 r--s 00009000 ca:01 261601                     /home/ubuntu/spark-2.1.1-bin-hadoop2.7/jars/json4s-jackson_2.11-3.2.11.jar
7f7c1bc1a000-7f7c1bc1c000 r--s 0000d000 ca:01 261725                     /home/ubuntu/spark-2.1.1-bin-hadoop2.7/jars/hadoop-yarn-server-web-proxy-2.7.3.jar
7f7c1bc1c000-7f7c1bc7f000 r--s 004de000 ca:01 261719                     /home/ubuntu/spark-2.1.1-bin-hadoop2.7/jars/hive-metastore-1.2.1.spark2.jar
7f7c1bc7f000-7f7c1bc86000 r--s 00039000 ca:01 261727                     /home/ubuntu/spark-2.1.1-bin-hadoop2.7/jars/calcite-avatica-1.2.0-incubating.jar
7f7c1bc86000-7f7c1bc8d000 r--s 0003f000 ca:01 261603                     /home/ubuntu/spark-2.1.1-bin-hadoop2.7/jars/commons-codec-1.10.jar
7f7c1bc8d000-7f7c1bc8f000 r--s 00100000 ca:01 261842                     /home/ubuntu/spark-2.1.1-bin-hadoop2.7/jars/snappy-java-1.1.2.6.jar
7f7c1bc8f000-7f7c1bc93000 r--s 00029000 ca:01 261591                     /home/ubuntu/spark-2.1.1-bin-hadoop2.7/jars/hk2-locator-2.4.0-b34.jar
7f7c1bc93000-7f7c1bc96000 r--s 0000d000 ca:01 261742                     /home/ubuntu/spark-2.1.1-bin-hadoop2.7/jars/spark-network-shuffle_2.11-2.1.1.jar
7f7c1bc96000-7f7c1bc97000 r--s 00006000 ca:01 261788                     /home/ubuntu/spark-2.1.1-bin-hadoop2.7/jars/jackson-xc-1.9.13.jar
7f7c1bc97000-7f7c1bcad000 r--s 000d1000 ca:01 261585                     /home/ubuntu/spark-2.1.1-bin-hadoop2.7/jars/parquet-column-1.8.1.jar
7f7c1bcad000-7f7c1bcd2000 rw-p 00000000 00:00 0 
7f7c1bcd2000-7f7c1bdde000 r--s 00dba000 ca:01 261859                     /home/ubuntu/spark-2.1.1-bin-hadoop2.7/jars/scala-compiler-2.11.8.jar
7f7c1bdde000-7f7c1bddf000 r--s 00002000 ca:01 261764                     /home/ubuntu/spark-2.1.1-bin-hadoop2.7/jars/jpam-1.1.jar
7f7c1bddf000-7f7c1bdee000 r--s 0009f000 ca:01 261734                     /home/ubuntu/spark-2.1.1-bin-hadoop2.7/jars/guice-3.0.jar
7f7c1bdee000-7f7c1be07000 r--s 00150000 ca:01 261626                     /home/ubuntu/spark-2.1.1-bin-hadoop2.7/jars/htrace-core-3.1.0-incubating.jar
7f7c1be07000-7f7c1be1d000 r--s 000d3000 ca:01 261625                     /home/ubuntu/spark-2.1.1-bin-hadoop2.7/jars/jersey-server-2.22.2.jar
7f7c1be1d000-7f7c1be1f000 r--s 00008000 ca:01 261581                     /home/ubuntu/spark-2.1.1-bin-hadoop2.7/jars/parquet-common-1.8.1.jar
7f7c1be1f000-7f7c1be21000 r--s 00002000 ca:01 261606                     /home/ubuntu/spark-2.1.1-bin-hadoop2.7/jars/aopalliance-repackaged-2.4.0-b34.jar
7f7c1be21000-7f7c1be25000 r--s 0003c000 ca:01 261854                     /home/ubuntu/spark-2.1.1-bin-hadoop2.7/jars/jackson-core-2.6.5.jar
7f7c1be25000-7f7c1be30000 r--s 00062000 ca:01 261729                     /home/ubuntu/spark-2.1.1-bin-hadoop2.7/jars/calcite-linq4j-1.2.0-incubating.jar
7f7c1be30000-7f7c1be66000 r--s 0031c000 ca:01 261565                     /home/ubuntu/spark-2.1.1-bin-hadoop2.7/jars/hadoop-common-2.7.3.jar
7f7c1be66000-7f7c1be6a000 r--s 0001a000 ca:01 261579                     /home/ubuntu/spark-2.1.1-bin-hadoop2.7/jars/hk2-utils-2.4.0-b34.jar
7f7c1be6a000-7f7c1be76000 r--s 000b6000 ca:01 261831                     /home/ubuntu/spark-2.1.1-bin-hadoop2.7/jars/zookeeper-3.4.6.jar
7f7c1be76000-7f7c1be7c000 r--s 00040000 ca:01 261709                     /home/ubuntu/spark-2.1.1-bin-hadoop2.7/jars/parquet-encoding-1.8.1.jar
7f7c1be7c000-7f7c1be81000 r--s 00036000 ca:01 261574                     /home/ubuntu/spark-2.1.1-bin-hadoop2.7/jars/commons-compress-1.4.1.jar
7f7c1be81000-7f7c1beae000 r--s 001d4000 ca:01 261863                     /home/ubuntu/spark-2.1.1-bin-hadoop2.7/jars/spark-streaming_2.11-2.1.1.jar
7f7c1beae000-7f7c1beb1000 r--s 00022000 ca:01 261806                     /home/ubuntu/spark-2.1.1-bin-hadoop2.7/jars/stringtemplate-3.2.1.jar
7f7c1beb1000-7f7c1beb8000 r--s 00036000 ca:01 261624                     /home/ubuntu/spark-2.1.1-bin-hadoop2.7/jars/curator-recipes-2.6.0.jar
7f7c1beb8000-7f7c1bebc000 r--s 00029000 ca:01 261548                     /home/ubuntu/spark-2.1.1-bin-hadoop2.7/jars/breeze-macros_2.11-0.12.jar
7f7c1bebc000-7f7c1beca000 r--s 000b1000 ca:01 261754                     /home/ubuntu/spark-2.1.1-bin-hadoop2.7/jars/jackson-mapper-asl-1.9.13.jar
7f7c1beca000-7f7c1beda000 r--s 000a0000 ca:01 261599                     /home/ubuntu/spark-2.1.1-bin-hadoop2.7/jars/spark-yarn_2.11-2.1.1.jar
7f7c1beda000-7f7c1beec000 r--s 00097000 ca:01 261804                     /home/ubuntu/spark-2.1.1-bin-hadoop2.7/jars/apacheds-kerberos-codec-2.0.0-M15.jar
7f7c1beec000-7f7c1bf57000 r--s 00784000 ca:01 261535                     /home/ubuntu/spark-2.1.1-bin-hadoop2.7/jars/hadoop-hdfs-2.7.3.jar
7f7c1bf57000-7f7c1c000000 r--s 00a4f000 ca:01 261801                     /home/ubuntu/spark-2.1.1-bin-hadoop2.7/jars/hive-exec-1.2.1.spark2.jar
7f7c1c000000-7f7c1dde5000 rw-p 00000000 00:00 0 
7f7c1dde5000-7f7c20000000 ---p 00000000 00:00 0 
7f7c20000000-7f7c20330000 rw-p 00000000 00:00 0 
7f7c20330000-7f7c24000000 ---p 00000000 00:00 0 
7f7c24000000-7f7c24027000 rw-p 00000000 00:00 0 
7f7c24027000-7f7c28000000 ---p 00000000 00:00 0 
7f7c28000000-7f7c2b27d000 rw-p 00000000 00:00 0 
7f7c2b27d000-7f7c2c000000 ---p 00000000 00:00 0 
7f7c2c000000-7f7c2c8f2000 rw-p 00000000 00:00 0 
7f7c2c8f2000-7f7c30000000 ---p 00000000 00:00 0 
7f7c30000000-7f7c30021000 rw-p 00000000 00:00 0 
7f7c30021000-7f7c34000000 ---p 00000000 00:00 0 
7f7c34000000-7f7c345d2000 rw-p 00000000 00:00 0 
7f7c345d2000-7f7c38000000 ---p 00000000 00:00 0 
7f7c38000000-7f7c38004000 r--s 00036000 ca:01 261851                     /home/ubuntu/spark-2.1.1-bin-hadoop2.7/jars/ST4-4.0.4.jar
7f7c38004000-7f7c38008000 r--s 00018000 ca:01 261584                     /home/ubuntu/spark-2.1.1-bin-hadoop2.7/jars/metrics-core-3.1.2.jar
7f7c38008000-7f7c38009000 r--s 00003000 ca:01 261590                     /home/ubuntu/spark-2.1.1-bin-hadoop2.7/jars/spark-tags_2.11-2.1.1.jar
7f7c38009000-7f7c3800c000 r--s 00017000 ca:01 261800                     /home/ubuntu/spark-2.1.1-bin-hadoop2.7/jars/jaxb-api-2.2.2.jar
7f7c3800c000-7f7c3800e000 r--s 00009000 ca:01 261848                     /home/ubuntu/spark-2.1.1-bin-hadoop2.7/jars/objenesis-2.1.jar
7f7c3800e000-7f7c38010000 r--s 00010000 ca:01 261752                     /home/ubuntu/spark-2.1.1-bin-hadoop2.7/jars/jersey-media-jaxb-2.22.2.jar
7f7c38010000-7f7c3801d000 r--s 00083000 ca:01 261598                     /home/ubuntu/spark-2.1.1-bin-hadoop2.7/jars/commons-collections-3.2.2.jar
7f7c3801d000-7f7c38024000 r--s 00051000 ca:01 261542                     /home/ubuntu/spark-2.1.1-bin-hadoop2.7/jars/kryo-shaded-3.0.3.jar
7f7c38024000-7f7c3805b000 r--s 00325000 ca:01 261802                     /home/ubuntu/spark-2.1.1-bin-hadoop2.7/jars/calcite-core-1.2.0-incubating.jar
7f7c3805b000-7f7c3805e000 r--s 00012000 ca:01 261602                     /home/ubuntu/spark-2.1.1-bin-hadoop2.7/jars/json4s-ast_2.11-3.2.11.jar
7f7c3805e000-7f7c38060000 r--s 0000e000 ca:01 261794                     /home/ubuntu/spark-2.1.1-bin-hadoop2.7/jars/commons-logging-1.1.3.jar
7f7c38060000-7f7c38061000 r--s 0000b000 ca:01 261631                     /home/ubuntu/spark-2.1.1-bin-hadoop2.7/jars/snappy-0.2.jar
7f7c38061000-7f7c38064000 r--s 00028000 ca:01 261541                     /home/ubuntu/spark-2.1.1-bin-hadoop2.7/jars/stream-2.7.0.jar
7f7c38064000-7f7c38098000 r--s 00277000 ca:01 261592                     /home/ubuntu/spark-2.1.1-bin-hadoop2.7/jars/parquet-hadoop-bundle-1.6.0.jar
7f7c38098000-7f7c3809c000 r--s 0000c000 ca:01 261617                     /home/ubuntu/spark-2.1.1-bin-hadoop2.7/jars/validation-api-1.1.0.Final.jar
7f7c3809c000-7f7c380c5000 r--s 001ee000 ca:01 261862                     /home/ubuntu/spark-2.1.1-bin-hadoop2.7/jars/guava-14.0.1.jar
7f7c380c5000-7f7c380d2000 r--s 00071000 ca:01 261832                     /home/ubuntu/spark-2.1.1-bin-hadoop2.7/jars/jackson-module-scala_2.11-2.6.5.jar
7f7c380d2000-7f7c380eb000 r--s 00114000 ca:01 261577                     /home/ubuntu/spark-2.1.1-bin-hadoop2.7/jars/spark-hive_2.11-2.1.1.jar
7f7c380eb000-7f7c38103000 r--s 00115000 ca:01 261824                     /home/ubuntu/spark-2.1.1-bin-hadoop2.7/jars/netty-3.8.0.Final.jar
7f7c38103000-7f7c3815c000 r--s 00522000 ca:01 261865                     /home/ubuntu/spark-2.1.1-bin-hadoop2.7/jars/scala-library-2.11.8.jar
7f7c3815c000-7f7c38163000 r--s 00049000 ca:01 261852                     /home/ubuntu/spark-2.1.1-bin-hadoop2.7/jars/univocity-parsers-2.2.1.jar
7f7c38163000-7f7c381af000 r--s 00411000 ca:01 261857                     /home/ubuntu/spark-2.1.1-bin-hadoop2.7/jars/scala-reflect-2.11.8.jar
7f7c381af000-7f7c381bd000 r--s 0009d000 ca:01 261614                     /home/ubuntu/spark-2.1.1-bin-hadoop2.7/jars/jersey-common-2.22.2.jar
7f7c381bd000-7f7c381c7000 r--s 000aa000 ca:01 261762                     /home/ubuntu/spark-2.1.1-bin-hadoop2.7/jars/janino-3.0.0.jar
7f7c381c7000-7f7c381c8000 r--s 00008000 ca:01 261844                     /home/ubuntu/spark-2.1.1-bin-hadoop2.7/jars/commons-compiler-3.0.0.jar
7f7c381c8000-7f7c381d1000 r--s 00097000 ca:01 261837                     /home/ubuntu/spark-2.1.1-bin-hadoop2.7/jars/pmml-model-1.2.15.jar
7f7c381d1000-7f7c381d3000 r--s 00005000 ca:01 261741                     /home/ubuntu/spark-2.1.1-bin-hadoop2.7/jars/stax-api-1.0.1.jar
7f7c381d3000-7f7c381d7000 r--s 00035000 ca:01 261597                     /home/ubuntu/spark-2.1.1-bin-hadoop2.7/jars/jackson-core-asl-1.9.13.jar
7f7c381d7000-7f7c381da000 r--s 00019000 ca:01 261530                     /home/ubuntu/spark-2.1.1-bin-hadoop2.7/jars/bonecp-0.8.0.RELEASE.jar
7f7c381da000-7f7c381dc000 r--s 00038000 ca:01 261789                     /home/ubuntu/spark-2.1.1-bin-hadoop2.7/jars/lz4-1.3.0.jar
7f7c381dc000-7f7c381f5000 r--s 00164000 ca:01 261738                     /home/ubuntu/spark-2.1.1-bin-hadoop2.7/jars/hadoop-mapreduce-client-core-2.7.3.jar
7f7c381f5000-7f7c381f8000 r--s 00026000 ca:01 261792                     /home/ubuntu/spark-2.1.1-bin-hadoop2.7/jars/hadoop-yarn-client-2.7.3.jar
7f7c381f8000-7f7c381fa000 r--s 00017000 ca:01 261607                     /home/ubuntu/spark-2.1.1-bin-hadoop2.7/jars/hive-jdbc-1.2.1.spark2.jar
7f7c381fa000-7f7c3827b000 r--s 005d9000 ca:01 261746                     /home/ubuntu/spark-2.1.1-bin-hadoop2.7/jars/spark-sql_2.11-2.1.1.jar
7f7c3827b000-7f7c3827c000 r--s 00006000 ca:01 261755                     /home/ubuntu/spark-2.1.1-bin-hadoop2.7/jars/hadoop-client-2.7.3.jar
7f7c3827c000-7f7c38283000 r--s 00058000 ca:01 261609                     /home/ubuntu/spark-2.1.1-bin-hadoop2.7/jars/hadoop-yarn-server-common-2.7.3.jar
7f7c38283000-7f7c38284000 r--s 0000a000 ca:01 261616                     /home/ubuntu/spark-2.1.1-bin-hadoop2.7/jars/apacheds-i18n-2.0.0-M15.jar
7f7c38284000-7f7c38285000 r--s 00000000 ca:01 261600                     /home/ubuntu/spark-2.1.1-bin-hadoop2.7/jars/javax.inject-1.jar
7f7c38285000-7f7c3828b000 r--s 00045000 ca:01 261605                     /home/ubuntu/spark-2.1.1-bin-hadoop2.7/jars/commons-httpclient-3.1.jar
7f7c3828b000-7f7c38298000 r--s 000a7000 ca:01 261627                     /home/ubuntu/spark-2.1.1-bin-hadoop2.7/jars/httpclient-4.5.2.jar
7f7c38298000-7f7c3829a000 r--s 0001f000 ca:01 261825                     /home/ubuntu/spark-2.1.1-bin-hadoop2.7/jars/commons-crypto-1.0.0.jar
7f7c3829a000-7f7c3829f000 r--s 0002a000 ca:01 261735                     /home/ubuntu/spark-2.1.1-bin-hadoop2.7/jars/gson-2.2.4.jar
7f7c3829f000-7f7c382df000 r--s 00277000 ca:01 261767                     /home/ubuntu/spark-2.1.1-bin-hadoop2.7/jars/bcprov-jdk15on-1.51.jar
7f7c382df000-7f7c382e2000 r--s 00016000 ca:01 261593                     /home/ubuntu/spark-2.1.1-bin-hadoop2.7/jars/jsp-api-2.1.jar
7f7c382e2000-7f7c382e3000 r--s 00001000 ca:01 261838                     /home/ubuntu/spark-2.1.1-bin-hadoop2.7/jars/javax.inject-2.4.0-b34.jar
7f7c382e3000-7f7c382e4000 r--s 00002000 ca:01 261586                     /home/ubuntu/spark-2.1.1-bin-hadoop2.7/jars/java-xmlbuilder-1.0.jar
7f7c382e4000-7f7c382e6000 r--s 00015000 ca:01 261547                     /home/ubuntu/spark-2.1.1-bin-hadoop2.7/jars/hadoop-auth-2.7.3.jar
7f7c382e6000-7f7c382ea000 r--s 0002f000 ca:01 261795                     /home/ubuntu/spark-2.1.1-bin-hadoop2.7/jars/commons-beanutils-core-1.8.0.jar
7f7c382ea000-7f7c38319000 r--s 002e5000 ca:01 261846                     /home/ubuntu/spark-2.1.1-bin-hadoop2.7/jars/derby-10.12.1.1.jar
7f7c38319000-7f7c3831b000 r--s 00008000 ca:01 261544                     /home/ubuntu/spark-2.1.1-bin-hadoop2.7/jars/metrics-jvm-3.1.2.jar
7f7c3831b000-7f7c3831e000 r--s 00015000 ca:01 261723                     /home/ubuntu/spark-2.1.1-bin-hadoop2.7/jars/pyrolite-4.13.jar
7f7c3831e000-7f7c38320000 r--s 0000e000 ca:01 261760                     /home/ubuntu/spark-2.1.1-bin-hadoop2.7/jars/spark-repl_2.11-2.1.1.jar
7f7c38320000-7f7c38329000 r--s 0006f000 ca:01 261724                     /home/ubuntu/spark-2.1.1-bin-hadoop2.7/jars/log4j-1.2.17.jar
7f7c38329000-7f7c3832d000 r--s 00025000 ca:01 261850                     /home/ubuntu/spark-2.1.1-bin-hadoop2.7/jars/jersey-client-2.22.2.jar
7f7c3832d000-7f7c38334000 r--s 00058000 ca:01 261589                     /home/ubuntu/spark-2.1.1-bin-hadoop2.7/jars/parquet-format-2.3.0-incubating.jar
7f7c38334000-7f7c38336000 r--s 00003000 ca:01 261615                     /home/ubuntu/spark-2.1.1-bin-hadoop2.7/jars/api-asn1-api-1.0.0-M20.jar
7f7c38336000-7f7c38340000 r--s 0007b000 ca:01 261847                     /home/ubuntu/spark-2.1.1-bin-hadoop2.7/jars/hadoop-mapreduce-client-app-2.7.3.jar
7f7c38340000-7f7c38343000 r--s 0000e000 ca:01 261575                     /home/ubuntu/spark-2.1.1-bin-hadoop2.7/jars/jersey-container-servlet-core-2.22.2.jar
7f7c38343000-7f7c38347000 r--s 00025000 ca:01 261538                     /home/ubuntu/spark-2.1.1-bin-hadoop2.7/jars/antlr-runtime-3.4.jar
7f7c38347000-7f7c38358000 r--s 00089000 ca:01 261623                     /home/ubuntu/spark-2.1.1-bin-hadoop2.7/jars/joda-time-2.9.3.jar
7f7c38358000-7f7c3835a000 r--s 00005000 ca:01 261743                     /home/ubuntu/spark-2.1.1-bin-hadoop2.7/jars/javax.annotation-api-1.2.jar
7f7c3835a000-7f7c3835f000 r--s 00032000 ca:01 261864                     /home/ubuntu/spark-2.1.1-bin-hadoop2.7/jars/chill_2.11-0.8.0.jar
7f7c3835f000-7f7c3836a000 r--s 0005d000 ca:01 261853                     /home/ubuntu/spark-2.1.1-bin-hadoop2.7/jars/scala-parser-combinators_2.11-1.0.4.jar
7f7c3836a000-7f7c3837c000 r--s 00112000 ca:01 261835                     /home/ubuntu/spark-2.1.1-bin-hadoop2.7/jars/arpack_combined_all-0.1.jar
7f7c3837c000-7f7c38394000 r--s 000d6000 ca:01 261571                     /home/ubuntu/spark-2.1.1-bin-hadoop2.7/jars/jersey-guava-2.22.2.jar
7f7c38394000-7f7c3839a000 r--s 0002c000 ca:01 261828                     /home/ubuntu/spark-2.1.1-bin-hadoop2.7/jars/jdo-api-3.0.1.jar
7f7c3839a000-7f7c383a1000 r--s 00046000 ca:01 261797                     /home/ubuntu/spark-2.1.1-bin-hadoop2.7/jars/libfb303-0.9.3.jar
7f7c383a1000-7f7c383a3000 r--s 00010000 ca:01 261622                     /home/ubuntu/spark-2.1.1-bin-hadoop2.7/jars/hadoop-mapreduce-client-shuffle-2.7.3.jar
7f7c383a3000-7f7c383a5000 r--s 00000000 ca:01 261836                     /home/ubuntu/spark-2.1.1-bin-hadoop2.7/jars/jul-to-slf4j-1.7.16.jar
7f7c383a5000-7f7c383a8000 r--s 00014000 ca:01 261761                     /home/ubuntu/spark-2.1.1-bin-hadoop2.7/jars/super-csv-2.2.0.jar
7f7c383a8000-7f7c383ba000 r--s 000b3000 ca:01 261829                     /home/ubuntu/spark-2.1.1-bin-hadoop2.7/jars/scalap-2.11.8.jar
7f7c383ba000-7f7c383bc000 r--s 00003000 ca:01 261843                     /home/ubuntu/spark-2.1.1-bin-hadoop2.7/jars/base64-2.3.8.jar
7f7c383bc000-7f7c383c6000 r--s 000a5000 ca:01 261766                     /home/ubuntu/spark-2.1.1-bin-hadoop2.7/jars/javassist-3.18.1-GA.jar
7f7c383c6000-7f7c383de000 r--s 00115000 ca:01 261537                     /home/ubuntu/spark-2.1.1-bin-hadoop2.7/jars/xercesImpl-2.9.1.jar
7f7c383de000-7f7c38405000 r--s 0020f000 ca:01 261726                     /home/ubuntu/spark-2.1.1-bin-hadoop2.7/jars/netty-all-4.0.42.Final.jar
7f7c38405000-7f7c3845a000 r--s 0069c000 ca:01 261595                     /home/ubuntu/spark-2.1.1-bin-hadoop2.7/jars/spire_2.11-0.7.4.jar
7f7c3845a000-7f7c38475000 r--s 001d6000 ca:01 286319                     /usr/lib/jvm/java-8-openjdk-amd64/jre/lib/ext/nashorn.jar
7f7c38475000-7f7c38490000 r--s 00394000 ca:01 286322                     /usr/lib/jvm/java-8-openjdk-amd64/jre/lib/ext/cldrdata.jar
7f7c38490000-7f7c38491000 ---p 00000000 00:00 0 
7f7c38491000-7f7c38591000 rw-p 00000000 00:00 0 
7f7c38591000-7f7c38594000 ---p 00000000 00:00 0 
7f7c38594000-7f7c38692000 rw-p 00000000 00:00 0 
7f7c38692000-7f7c38695000 ---p 00000000 00:00 0 
7f7c38695000-7f7c38793000 rw-p 00000000 00:00 0 
7f7c38793000-7f7c38796000 ---p 00000000 00:00 0 
7f7c38796000-7f7c38894000 rw-p 00000000 00:00 0 
7f7c38894000-7f7c38897000 ---p 00000000 00:00 0 
7f7c38897000-7f7c38995000 rw-p 00000000 00:00 0 
7f7c38995000-7f7c38b2d000 r--p 00000000 ca:01 29052                      /usr/lib/locale/locale-archive
7f7c38b2d000-7f7c38b30000 ---p 00000000 00:00 0 
7f7c38b30000-7f7c38c2e000 rw-p 00000000 00:00 0 
7f7c38c2e000-7f7c38c31000 ---p 00000000 00:00 0 
7f7c38c31000-7f7c38d2f000 rw-p 00000000 00:00 0 
7f7c38d2f000-7f7c38d30000 ---p 00000000 00:00 0 
7f7c38d30000-7f7c38e30000 rw-p 00000000 00:00 0 
7f7c38e30000-7f7c39000000 r--s 03c5c000 ca:01 286303                     /usr/lib/jvm/java-8-openjdk-amd64/jre/lib/rt.jar
7f7c39000000-7f7c3b280000 rwxp 00000000 00:00 0 
7f7c3b280000-7f7c48000000 ---p 00000000 00:00 0 
7f7c48000000-7f7c48dc5000 rw-p 00000000 00:00 0 
7f7c48dc5000-7f7c4c000000 ---p 00000000 00:00 0 
7f7c4c000000-7f7c4c002000 r--s 00003000 ca:01 261570                     /home/ubuntu/spark-2.1.1-bin-hadoop2.7/jars/jersey-container-servlet-2.22.2.jar
7f7c4c002000-7f7c4c005000 r--s 00021000 ca:01 261596                     /home/ubuntu/spark-2.1.1-bin-hadoop2.7/jars/xbean-asm5-shaded-4.4.jar
7f7c4c005000-7f7c4c008000 r--s 00025000 ca:01 261618                     /home/ubuntu/spark-2.1.1-bin-hadoop2.7/jars/commons-dbcp-1.4.jar
7f7c4c008000-7f7c4c00b000 r--s 00015000 ca:01 261620                     /home/ubuntu/spark-2.1.1-bin-hadoop2.7/jars/commons-pool-1.5.4.jar
7f7c4c00b000-7f7c4c00d000 r--s 00004000 ca:01 261787                     /home/ubuntu/spark-2.1.1-bin-hadoop2.7/jars/metrics-graphite-3.1.2.jar
7f7c4c00d000-7f7c4c012000 r--s 00027000 ca:01 261861                     /home/ubuntu/spark-2.1.1-bin-hadoop2.7/jars/hk2-api-2.4.0-b34.jar
7f7c4c012000-7f7c4c018000 r--s 00034000 ca:01 261799                     /home/ubuntu/spark-2.1.1-bin-hadoop2.7/jars/libthrift-0.9.3.jar
7f7c4c018000-7f7c4c88e000 rw-p 00000000 00:00 0 
7f7c4c88e000-7f7c4c8f2000 rw-p 00000000 00:00 0 
7f7c4c8f2000-7f7c4c9e4000 ---p 00000000 00:00 0 
7f7c4c9e4000-7f7c4ca0d000 rw-p 00000000 00:00 0 
7f7c4ca0d000-7f7c4ca8e000 ---p 00000000 00:00 0 
7f7c4ca8e000-7f7c4caf3000 rw-p 00000000 00:00 0 
7f7c4caf3000-7f7c4cbe4000 ---p 00000000 00:00 0 
7f7c4cbe4000-7f7c4cc6f000 rw-p 00000000 00:00 0 
7f7c4cc6f000-7f7c4cfa5000 ---p 00000000 00:00 0 
7f7c4cfa5000-7f7c4cfad000 r-xp 00000000 ca:01 286357                     /usr/lib/jvm/java-8-openjdk-amd64/jre/lib/amd64/libzip.so
7f7c4cfad000-7f7c4d1ac000 ---p 00008000 ca:01 286357                     /usr/lib/jvm/java-8-openjdk-amd64/jre/lib/amd64/libzip.so
7f7c4d1ac000-7f7c4d1ad000 r--p 00007000 ca:01 286357                     /usr/lib/jvm/java-8-openjdk-amd64/jre/lib/amd64/libzip.so
7f7c4d1ad000-7f7c4d1ae000 rw-p 00008000 ca:01 286357                     /usr/lib/jvm/java-8-openjdk-amd64/jre/lib/amd64/libzip.so
7f7c4d1ae000-7f7c4d1b9000 r-xp 00000000 ca:01 1993                       /lib/x86_64-linux-gnu/libnss_files-2.23.so
7f7c4d1b9000-7f7c4d3b8000 ---p 0000b000 ca:01 1993                       /lib/x86_64-linux-gnu/libnss_files-2.23.so
7f7c4d3b8000-7f7c4d3b9000 r--p 0000a000 ca:01 1993                       /lib/x86_64-linux-gnu/libnss_files-2.23.so
7f7c4d3b9000-7f7c4d3ba000 rw-p 0000b000 ca:01 1993                       /lib/x86_64-linux-gnu/libnss_files-2.23.so
7f7c4d3ba000-7f7c4d3c0000 rw-p 00000000 00:00 0 
7f7c4d3c0000-7f7c4d3cb000 r-xp 00000000 ca:01 1997                       /lib/x86_64-linux-gnu/libnss_nis-2.23.so
7f7c4d3cb000-7f7c4d5ca000 ---p 0000b000 ca:01 1997                       /lib/x86_64-linux-gnu/libnss_nis-2.23.so
7f7c4d5ca000-7f7c4d5cb000 r--p 0000a000 ca:01 1997                       /lib/x86_64-linux-gnu/libnss_nis-2.23.so
7f7c4d5cb000-7f7c4d5cc000 rw-p 0000b000 ca:01 1997                       /lib/x86_64-linux-gnu/libnss_nis-2.23.so
7f7c4d5cc000-7f7c4d5e2000 r-xp 00000000 ca:01 1977                       /lib/x86_64-linux-gnu/libnsl-2.23.so
7f7c4d5e2000-7f7c4d7e1000 ---p 00016000 ca:01 1977                       /lib/x86_64-linux-gnu/libnsl-2.23.so
7f7c4d7e1000-7f7c4d7e2000 r--p 00015000 ca:01 1977                       /lib/x86_64-linux-gnu/libnsl-2.23.so
7f7c4d7e2000-7f7c4d7e3000 rw-p 00016000 ca:01 1977                       /lib/x86_64-linux-gnu/libnsl-2.23.so
7f7c4d7e3000-7f7c4d7e5000 rw-p 00000000 00:00 0 
7f7c4d7e5000-7f7c4d7ed000 r-xp 00000000 ca:01 1988                       /lib/x86_64-linux-gnu/libnss_compat-2.23.so
7f7c4d7ed000-7f7c4d9ec000 ---p 00008000 ca:01 1988                       /lib/x86_64-linux-gnu/libnss_compat-2.23.so
7f7c4d9ec000-7f7c4d9ed000 r--p 00007000 ca:01 1988                       /lib/x86_64-linux-gnu/libnss_compat-2.23.so
7f7c4d9ed000-7f7c4d9ee000 rw-p 00008000 ca:01 1988                       /lib/x86_64-linux-gnu/libnss_compat-2.23.so
7f7c4d9ee000-7f7c4da17000 r-xp 00000000 ca:01 286342                     /usr/lib/jvm/java-8-openjdk-amd64/jre/lib/amd64/libjava.so
7f7c4da17000-7f7c4dc16000 ---p 00029000 ca:01 286342                     /usr/lib/jvm/java-8-openjdk-amd64/jre/lib/amd64/libjava.so
7f7c4dc16000-7f7c4dc17000 r--p 00028000 ca:01 286342                     /usr/lib/jvm/java-8-openjdk-amd64/jre/lib/amd64/libjava.so
7f7c4dc17000-7f7c4dc19000 rw-p 00029000 ca:01 286342                     /usr/lib/jvm/java-8-openjdk-amd64/jre/lib/amd64/libjava.so
7f7c4dc19000-7f7c4dc28000 r-xp 00000000 ca:01 286359                     /usr/lib/jvm/java-8-openjdk-amd64/jre/lib/amd64/libverify.so
7f7c4dc28000-7f7c4de27000 ---p 0000f000 ca:01 286359                     /usr/lib/jvm/java-8-openjdk-amd64/jre/lib/amd64/libverify.so
7f7c4de27000-7f7c4de29000 r--p 0000e000 ca:01 286359                     /usr/lib/jvm/java-8-openjdk-amd64/jre/lib/amd64/libverify.so
7f7c4de29000-7f7c4de2a000 rw-p 00010000 ca:01 286359                     /usr/lib/jvm/java-8-openjdk-amd64/jre/lib/amd64/libverify.so
7f7c4de2a000-7f7c4de31000 r-xp 00000000 ca:01 1998                       /lib/x86_64-linux-gnu/librt-2.23.so
7f7c4de31000-7f7c4e030000 ---p 00007000 ca:01 1998                       /lib/x86_64-linux-gnu/librt-2.23.so
7f7c4e030000-7f7c4e031000 r--p 00006000 ca:01 1998                       /lib/x86_64-linux-gnu/librt-2.23.so
7f7c4e031000-7f7c4e032000 rw-p 00007000 ca:01 1998                       /lib/x86_64-linux-gnu/librt-2.23.so
7f7c4e032000-7f7c4e048000 r-xp 00000000 ca:01 1975                       /lib/x86_64-linux-gnu/libgcc_s.so.1
7f7c4e048000-7f7c4e247000 ---p 00016000 ca:01 1975                       /lib/x86_64-linux-gnu/libgcc_s.so.1
7f7c4e247000-7f7c4e248000 rw-p 00015000 ca:01 1975                       /lib/x86_64-linux-gnu/libgcc_s.so.1
7f7c4e248000-7f7c4e350000 r-xp 00000000 ca:01 1976                       /lib/x86_64-linux-gnu/libm-2.23.so
7f7c4e350000-7f7c4e54f000 ---p 00108000 ca:01 1976                       /lib/x86_64-linux-gnu/libm-2.23.so
7f7c4e54f000-7f7c4e550000 r--p 00107000 ca:01 1976                       /lib/x86_64-linux-gnu/libm-2.23.so
7f7c4e550000-7f7c4e551000 rw-p 00108000 ca:01 1976                       /lib/x86_64-linux-gnu/libm-2.23.so
7f7c4e551000-7f7c4e6c3000 r-xp 00000000 ca:01 7979                       /usr/lib/x86_64-linux-gnu/libstdc++.so.6.0.21
7f7c4e6c3000-7f7c4e8c3000 ---p 00172000 ca:01 7979                       /usr/lib/x86_64-linux-gnu/libstdc++.so.6.0.21
7f7c4e8c3000-7f7c4e8cd000 r--p 00172000 ca:01 7979                       /usr/lib/x86_64-linux-gnu/libstdc++.so.6.0.21
7f7c4e8cd000-7f7c4e8cf000 rw-p 0017c000 ca:01 7979                       /usr/lib/x86_64-linux-gnu/libstdc++.so.6.0.21
7f7c4e8cf000-7f7c4e8d3000 rw-p 00000000 00:00 0 
7f7c4e8d3000-7f7c4f537000 r-xp 00000000 ca:01 286369                     /usr/lib/jvm/java-8-openjdk-amd64/jre/lib/amd64/server/libjvm.so
7f7c4f537000-7f7c4f736000 ---p 00c64000 ca:01 286369                     /usr/lib/jvm/java-8-openjdk-amd64/jre/lib/amd64/server/libjvm.so
7f7c4f736000-7f7c4f7ca000 r--p 00c63000 ca:01 286369                     /usr/lib/jvm/java-8-openjdk-amd64/jre/lib/amd64/server/libjvm.so
7f7c4f7ca000-7f7c4f7f3000 rw-p 00cf7000 ca:01 286369                     /usr/lib/jvm/java-8-openjdk-amd64/jre/lib/amd64/server/libjvm.so
7f7c4f7f3000-7f7c4f823000 rw-p 00000000 00:00 0 
7f7c4f823000-7f7c4f83b000 r-xp 00000000 ca:01 1979                       /lib/x86_64-linux-gnu/libpthread-2.23.so
7f7c4f83b000-7f7c4fa3a000 ---p 00018000 ca:01 1979                       /lib/x86_64-linux-gnu/libpthread-2.23.so
7f7c4fa3a000-7f7c4fa3b000 r--p 00017000 ca:01 1979                       /lib/x86_64-linux-gnu/libpthread-2.23.so
7f7c4fa3b000-7f7c4fa3c000 rw-p 00018000 ca:01 1979                       /lib/x86_64-linux-gnu/libpthread-2.23.so
7f7c4fa3c000-7f7c4fa40000 rw-p 00000000 00:00 0 
7f7c4fa40000-7f7c4fa43000 r-xp 00000000 ca:01 1982                       /lib/x86_64-linux-gnu/libdl-2.23.so
7f7c4fa43000-7f7c4fc42000 ---p 00003000 ca:01 1982                       /lib/x86_64-linux-gnu/libdl-2.23.so
7f7c4fc42000-7f7c4fc43000 r--p 00002000 ca:01 1982                       /lib/x86_64-linux-gnu/libdl-2.23.so
7f7c4fc43000-7f7c4fc44000 rw-p 00003000 ca:01 1982                       /lib/x86_64-linux-gnu/libdl-2.23.so
7f7c4fc44000-7f7c4fc5d000 r-xp 00000000 ca:01 2129                       /lib/x86_64-linux-gnu/libz.so.1.2.8
7f7c4fc5d000-7f7c4fe5c000 ---p 00019000 ca:01 2129                       /lib/x86_64-linux-gnu/libz.so.1.2.8
7f7c4fe5c000-7f7c4fe5d000 r--p 00018000 ca:01 2129                       /lib/x86_64-linux-gnu/libz.so.1.2.8
7f7c4fe5d000-7f7c4fe5e000 rw-p 00019000 ca:01 2129                       /lib/x86_64-linux-gnu/libz.so.1.2.8
7f7c4fe5e000-7f7c5001e000 r-xp 00000000 ca:01 1980                       /lib/x86_64-linux-gnu/libc-2.23.so
7f7c5001e000-7f7c5021e000 ---p 001c0000 ca:01 1980                       /lib/x86_64-linux-gnu/libc-2.23.so
7f7c5021e000-7f7c50222000 r--p 001c0000 ca:01 1980                       /lib/x86_64-linux-gnu/libc-2.23.so
7f7c50222000-7f7c50224000 rw-p 001c4000 ca:01 1980                       /lib/x86_64-linux-gnu/libc-2.23.so
7f7c50224000-7f7c50228000 rw-p 00000000 00:00 0 
7f7c50228000-7f7c50235000 r-xp 00000000 ca:01 286351                     /usr/lib/jvm/java-8-openjdk-amd64/jre/lib/amd64/jli/libjli.so
7f7c50235000-7f7c50434000 ---p 0000d000 ca:01 286351                     /usr/lib/jvm/java-8-openjdk-amd64/jre/lib/amd64/jli/libjli.so
7f7c50434000-7f7c50435000 r--p 0000c000 ca:01 286351                     /usr/lib/jvm/java-8-openjdk-amd64/jre/lib/amd64/jli/libjli.so
7f7c50435000-7f7c50436000 rw-p 0000d000 ca:01 286351                     /usr/lib/jvm/java-8-openjdk-amd64/jre/lib/amd64/jli/libjli.so
7f7c50436000-7f7c5045c000 r-xp 00000000 ca:01 1978                       /lib/x86_64-linux-gnu/ld-2.23.so
7f7c5045c000-7f7c5045d000 r--s 00009000 ca:01 261534                     /home/ubuntu/spark-2.1.1-bin-hadoop2.7/jars/hadoop-annotations-2.7.3.jar
7f7c5045d000-7f7c5045e000 r--s 00003000 ca:01 261827                     /home/ubuntu/spark-2.1.1-bin-hadoop2.7/jars/metrics-json-3.1.2.jar
7f7c5045e000-7f7c50460000 r--s 0000f000 ca:01 261715                     /home/ubuntu/spark-2.1.1-bin-hadoop2.7/jars/curator-client-2.6.0.jar
7f7c50460000-7f7c50463000 r--s 0000f000 ca:01 286318                     /usr/lib/jvm/java-8-openjdk-amd64/jre/lib/ext/icedtea-sound.jar
7f7c50463000-7f7c50464000 r--s 00010000 ca:01 286325                     /usr/lib/jvm/java-8-openjdk-amd64/jre/lib/ext/zipfs.jar
7f7c50464000-7f7c50467000 r--s 00039000 ca:01 286321                     /usr/lib/jvm/java-8-openjdk-amd64/jre/lib/ext/sunpkcs11.jar
7f7c50467000-7f7c50468000 r--s 0000a000 ca:01 286320                     /usr/lib/jvm/java-8-openjdk-amd64/jre/lib/ext/jaccess.jar
7f7c50468000-7f7c5046a000 r--s 00001000 ca:01 286323                     /usr/lib/jvm/java-8-openjdk-amd64/jre/lib/ext/dnsns.jar
7f7c5046a000-7f7c50474000 r--s 00116000 ca:01 286326                     /usr/lib/jvm/java-8-openjdk-amd64/jre/lib/ext/localedata.jar
7f7c50474000-7f7c50545000 rw-p 00000000 00:00 0 
7f7c50545000-7f7c5054d000 rw-s 00000000 ca:01 800179                     /tmp/hsperfdata_ubuntu/20987
7f7c5054d000-7f7c50550000 ---p 00000000 00:00 0 
7f7c50550000-7f7c50652000 rw-p 00000000 00:00 0 
7f7c50652000-7f7c50657000 r--s 0003c000 ca:01 286324                     /usr/lib/jvm/java-8-openjdk-amd64/jre/lib/ext/sunjce_provider.jar
7f7c50657000-7f7c50658000 r--s 0000d000 ca:01 286317                     /usr/lib/jvm/java-8-openjdk-amd64/jre/lib/ext/sunec.jar
7f7c50658000-7f7c50659000 rw-p 00000000 00:00 0 
7f7c50659000-7f7c5065a000 ---p 00000000 00:00 0 
7f7c5065a000-7f7c5065b000 rw-p 00000000 00:00 0 
7f7c5065b000-7f7c5065c000 r--p 00025000 ca:01 1978                       /lib/x86_64-linux-gnu/ld-2.23.so
7f7c5065c000-7f7c5065d000 rw-p 00026000 ca:01 1978                       /lib/x86_64-linux-gnu/ld-2.23.so
7f7c5065d000-7f7c5065e000 rw-p 00000000 00:00 0 
7ffcd5c02000-7ffcd5c23000 rw-p 00000000 00:00 0                          [stack]
7ffcd5d58000-7ffcd5d5b000 r--p 00000000 00:00 0                          [vvar]
7ffcd5d5b000-7ffcd5d5d000 r-xp 00000000 00:00 0                          [vdso]
ffffffffff600000-ffffffffff601000 r-xp 00000000 00:00 0                  [vsyscall]

VM Arguments:
jvm_args: -Xmx1g 
java_command: org.apache.spark.deploy.SparkSubmit --conf spark.app.name=Data_Understanding pyspark-shell
java_class_path (initial): /home/ubuntu/spark-2.1.1-bin-hadoop2.7/conf/:/home/ubuntu/spark-2.1.1-bin-hadoop2.7/jars/libthrift-0.9.3.jar:/home/ubuntu/spark-2.1.1-bin-hadoop2.7/jars/curator-client-2.6.0.jar:/home/ubuntu/spark-2.1.1-bin-hadoop2.7/jars/hk2-api-2.4.0-b34.jar:/home/ubuntu/spark-2.1.1-bin-hadoop2.7/jars/metrics-json-3.1.2.jar:/home/ubuntu/spark-2.1.1-bin-hadoop2.7/jars/metrics-graphite-3.1.2.jar:/home/ubuntu/spark-2.1.1-bin-hadoop2.7/jars/spire_2.11-0.7.4.jar:/home/ubuntu/spark-2.1.1-bin-hadoop2.7/jars/commons-pool-1.5.4.jar:/home/ubuntu/spark-2.1.1-bin-hadoop2.7/jars/netty-all-4.0.42.Final.jar:/home/ubuntu/spark-2.1.1-bin-hadoop2.7/jars/commons-dbcp-1.4.jar:/home/ubuntu/spark-2.1.1-bin-hadoop2.7/jars/xbean-asm5-shaded-4.4.jar:/home/ubuntu/spark-2.1.1-bin-hadoop2.7/jars/xercesImpl-2.9.1.jar:/home/ubuntu/spark-2.1.1-bin-hadoop2.7/jars/hadoop-annotations-2.7.3.jar:/home/ubuntu/spark-2.1.1-bin-hadoop2.7/jars/javassist-3.18.1-GA.jar:/home/ubuntu/spark-2.1.1-bin-hadoop2.7/jars/jersey-container-servlet-2.22.2.jar:/home/ubuntu/spark-2.1.1-bin-hadoop2.7/jars/base64-2.3.8.jar:/home/ubuntu/spark-2.1.1-bin-hadoop2.7/jars/scalap-2.11.8.jar:/home/ubuntu/spark-2.1.1-bin-hadoop2.7/jars/super-csv-2.2.0.jar:/home/ubuntu/spark-2.1.1-bin-hadoop2.7/jars/jul-to-slf4j-1.7.16.jar:/home/ubuntu/spark-2.1.1-bin-hadoop2.7/jars/hadoop-mapreduce-client-shuffle-2.7.3.jar:/home/ubuntu/spark-2.1.1-bin-hadoop2.7/jars/libfb303-0.9.3.jar:/home/ubuntu/spark-2.1.1-bin-hadoop2.7/jars/jdo-api-3.0.1.jar:/home/ubuntu/spark-2.1.1-bin-hadoop2.7/jars/jersey-guava-2.22.2.jar:/home/ubuntu/spark-2.1.1-bin-hadoop2.7/jars/arpack_combined_all-0.1.jar:/home/ubuntu/spark-2.1.1-bin-hadoop2.7/jars/scala-parser-combinators_2.11-1.0.4.jar:/home/ubuntu/spark-2.1.1-bin-hadoop2.7/jars/chill_2.11-0.8.0.jar:/home/ubuntu/spark-2.1.1-bin-hadoop2.7/jars/javax.annotation-api-1.2.jar:/home/ubuntu/spark-2.1.1-bin-hadoop2.7/jars/joda-time-2.9.3.jar:/home/ubuntu/spark-2.1.1-bin-hadoop2.7/jars/antlr-runtime-3.4.jar:/home/u
Launcher Type: SUN_STANDARD

Environment Variables:
PATH=/home/ubuntu/.local/bin:/home/ubuntu/bin:/home/ubuntu/.local/bin:/usr/local/sbin:/usr/local/bin:/usr/sbin:/usr/bin:/sbin:/bin:/usr/games:/usr/local/games:/snap/bin
SHELL=/bin/bash
DISPLAY=localhost:10.0

Signal Handlers:
SIGSEGV: [libjvm.so+0xa783e0], sa_mask[0]=11111111011111111101111111111110, sa_flags=SA_RESTART|SA_SIGINFO
SIGBUS: [libjvm.so+0xa783e0], sa_mask[0]=11111111011111111101111111111110, sa_flags=SA_RESTART|SA_SIGINFO
SIGFPE: [libjvm.so+0x8c0e10], sa_mask[0]=11111111011111111101111111111110, sa_flags=SA_RESTART|SA_SIGINFO
SIGPIPE: [libjvm.so+0x8c0e10], sa_mask[0]=11111111011111111101111111111110, sa_flags=SA_RESTART|SA_SIGINFO
SIGXFSZ: [libjvm.so+0x8c0e10], sa_mask[0]=11111111011111111101111111111110, sa_flags=SA_RESTART|SA_SIGINFO
SIGILL: [libjvm.so+0x8c0e10], sa_mask[0]=11111111011111111101111111111110, sa_flags=SA_RESTART|SA_SIGINFO
SIGUSR1: SIG_DFL, sa_mask[0]=00000000000000000000000000000000, sa_flags=none
SIGUSR2: [libjvm.so+0x8c0cc0], sa_mask[0]=00000000000000000000000000000000, sa_flags=SA_RESTART|SA_SIGINFO
SIGHUP: [libjvm.so+0x8c1350], sa_mask[0]=11111111011111111101111111111110, sa_flags=SA_RESTART|SA_SIGINFO
SIGINT: SIG_IGN, sa_mask[0]=00000000000000000000000000000000, sa_flags=none
SIGTERM: [libjvm.so+0x8c1350], sa_mask[0]=11111111011111111101111111111110, sa_flags=SA_RESTART|SA_SIGINFO
SIGQUIT: [libjvm.so+0x8c1350], sa_mask[0]=11111111011111111101111111111110, sa_flags=SA_RESTART|SA_SIGINFO


---------------  S Y S T E M  ---------------

OS:DISTRIB_ID=Ubuntu
DISTRIB_RELEASE=16.04
DISTRIB_CODENAME=xenial
DISTRIB_DESCRIPTION="Ubuntu 16.04.4 LTS"

uname:Linux 4.4.0-1065-aws #75-Ubuntu SMP Fri Aug 10 11:14:32 UTC 2018 x86_64
libc:glibc 2.23 NPTL 2.23 
rlimit: STACK 8192k, CORE 0k, NPROC 3900, NOFILE 1048576, AS infinity
load average:0.26 0.84 2.76

/proc/meminfo:
MemTotal:        1014500 kB
MemFree:           71876 kB
MemAvailable:      38652 kB
Buffers:            1492 kB
Cached:            68100 kB
SwapCached:            0 kB
Active:           839928 kB
Inactive:          38756 kB
Active(anon):     811964 kB
Inactive(anon):    10340 kB
Active(file):      27964 kB
Inactive(file):    28416 kB
Unevictable:        3652 kB
Mlocked:            3652 kB
SwapTotal:             0 kB
SwapFree:              0 kB
Dirty:                68 kB
Writeback:             0 kB
AnonPages:        812800 kB
Mapped:            55752 kB
Shmem:             10732 kB
Slab:              37248 kB
SReclaimable:      19992 kB
SUnreclaim:        17256 kB
KernelStack:        3440 kB
PageTables:         5908 kB
NFS_Unstable:          0 kB
Bounce:                0 kB
WritebackTmp:          0 kB
CommitLimit:      507248 kB
Committed_AS:    1224600 kB
VmallocTotal:   34359738367 kB
VmallocUsed:           0 kB
VmallocChunk:          0 kB
HardwareCorrupted:     0 kB
AnonHugePages:    237568 kB
CmaTotal:              0 kB
CmaFree:               0 kB
HugePages_Total:       0
HugePages_Free:        0
HugePages_Rsvd:        0
HugePages_Surp:        0
Hugepagesize:       2048 kB
DirectMap4k:       49152 kB
DirectMap2M:      999424 kB

container (cgroup) information:
container_type: cgroupv1
cpu_cpuset_cpus: 0
cpu_memory_nodes: 0
active_processor_count: 1
cpu_quota: -1
cpu_period: 100000
cpu_shares: -1
memory_limit_in_bytes: -1
memory_and_swap_limit_in_bytes: -2
memory_soft_limit_in_bytes: -1
memory_usage_in_bytes: 853667840
memory_max_usage_in_bytes: 896360448


CPU:total 1 (initial active 1) (1 cores per cpu, 1 threads per core) family 6 model 63 stepping 2, cmov, cx8, fxsr, mmx, sse, sse2, sse3, ssse3, sse4.1, sse4.2, popcnt, avx, avx2, aes, clmul, erms, lzcnt, tsc, bmi1, bmi2

/proc/cpuinfo:
processor	: 0
vendor_id	: GenuineIntel
cpu family	: 6
model		: 63
model name	: Intel(R) Xeon(R) CPU E5-2676 v3 @ 2.40GHz
stepping	: 2
microcode	: 0x43
cpu MHz		: 2400.054
cache size	: 30720 KB
physical id	: 0
siblings	: 1
core id		: 0
cpu cores	: 1
apicid		: 0
initial apicid	: 0
fpu		: yes
fpu_exception	: yes
cpuid level	: 13
wp		: yes
flags		: fpu vme de pse tsc msr pae mce cx8 apic sep mtrr pge mca cmov pat pse36 clflush mmx fxsr sse sse2 ht syscall nx rdtscp lm constant_tsc rep_good nopl xtopology eagerfpu pni pclmulqdq ssse3 fma cx16 pcid sse4_1 sse4_2 x2apic movbe popcnt tsc_deadline_timer aes xsave avx f16c rdrand hypervisor lahf_lm abm invpcid_single kaiser fsgsbase bmi1 avx2 smep bmi2 erms invpcid xsaveopt
bugs		: cpu_meltdown spectre_v1 spectre_v2 spec_store_bypass l1tf
bogomips	: 4800.10
clflush size	: 64
cache_alignment	: 64
address sizes	: 46 bits physical, 48 bits virtual
power management:



Memory: 4k page, physical 1014500k(71876k free), swap 0k(0k free)

vm_info: OpenJDK 64-Bit Server VM (25.222-b10) for linux-amd64 JRE (1.8.0_222-8u222-b10-1ubuntu1~16.04.1-b10), built on Jul 18 2019 20:25:18 by "buildd" with gcc 5.4.0 20160609

time: Thu Oct  3 01:57:55 2019
timezone: UTC
elapsed time: 783 seconds (0d 0h 13m 3s)

