#
# There is insufficient memory for the Java Runtime Environment to continue.
# Native memory allocation (mmap) failed to map 13090816 bytes for committing reserved memory.
# Possible reasons:
#   The system is out of physical RAM or swap space
#   The process is running with CompressedOops enabled, and the Java Heap may be blocking the growth of the native heap
# Possible solutions:
#   Reduce memory load on the system
#   Increase physical memory or swap space
#   Check if swap backing store is full
#   Decrease Java heap size (-Xmx/-Xms)
#   Decrease number of Java threads
#   Decrease Java thread stack sizes (-Xss)
#   Set larger code cache with -XX:ReservedCodeCacheSize=
#   JVM is running with Unscaled Compressed Oops mode in which the Java heap is
#     placed in the first 4GB address space. The Java Heap base address is the
#     maximum limit for the native heap growth. Please use -XX:HeapBaseMinAddress
#     to set the Java Heap base and to place the Java Heap above 4GB virtual address.
# This output file may be truncated or incomplete.
#
#  Out of Memory Error (os_linux.cpp:2757), pid=9234, tid=0x00007fe0d4892700
#
# JRE version: OpenJDK Runtime Environment (8.0_222-b10) (build 1.8.0_222-8u222-b10-1ubuntu1~16.04.1-b10)
# Java VM: OpenJDK 64-Bit Server VM (25.222-b10 mixed mode linux-amd64 compressed oops)
# Failed to write core dump. Core dumps have been disabled. To enable core dumping, try "ulimit -c unlimited" before starting Java again
#

---------------  T H R E A D  ---------------

Current thread (0x00007fe0d0075800):  VMThread [stack: 0x00007fe0d4792000,0x00007fe0d4893000] [id=9248]

Stack: [0x00007fe0d4792000,0x00007fe0d4893000],  sp=0x00007fe0d4891540,  free space=1021k
Native frames: (J=compiled Java code, j=interpreted, Vv=VM code, C=native code)
V  [libjvm.so+0xa7787b]
V  [libjvm.so+0x4caa8c]
V  [libjvm.so+0x8c5da8]
V  [libjvm.so+0x8bd3ee]
V  [libjvm.so+0xa73fd4]
V  [libjvm.so+0x5cf9dd]
V  [libjvm.so+0x5d057d]
V  [libjvm.so+0x5bcf68]
V  [libjvm.so+0x45135f]
V  [libjvm.so+0xa78991]
V  [libjvm.so+0xa7e587]
V  [libjvm.so+0xa7bde7]
V  [libjvm.so+0xa7d0cf]
V  [libjvm.so+0xa7d5f2]
V  [libjvm.so+0x8c3102]

VM_Operation (0x00007fe09dc4dba0): GenCollectForAllocation, mode: safepoint, requested by thread 0x00007fe0b0a48000


---------------  P R O C E S S  ---------------

Java Threads: ( => current thread )
  0x00007fe0a414b800 JavaThread "Worker Monitor for /usr/bin/python3" daemon [_thread_blocked, id=10320, stack(0x00007fe09769d000,0x00007fe09779e000)]
  0x00007fe0a4937000 JavaThread "Worker Monitor for /usr/bin/python3" daemon [_thread_blocked, id=10318, stack(0x00007fe096e97000,0x00007fe096f98000)]
  0x00007fe0a42da000 JavaThread "Worker Monitor for /usr/bin/python3" daemon [_thread_blocked, id=10316, stack(0x00007fe09789f000,0x00007fe0979a0000)]
  0x00007fe0a4b05800 JavaThread "Worker Monitor for /usr/bin/python3" daemon [_thread_blocked, id=10314, stack(0x00007fe097aa1000,0x00007fe097ba2000)]
  0x00007fe0a4485800 JavaThread "Worker Monitor for /usr/bin/python3" daemon [_thread_blocked, id=10312, stack(0x00007fe0979a0000,0x00007fe097aa1000)]
  0x00007fe0a4281000 JavaThread "Worker Monitor for /usr/bin/python3" daemon [_thread_blocked, id=10310, stack(0x00007fe097299000,0x00007fe09739a000)]
  0x00007fe0a4e6b800 JavaThread "Worker Monitor for /usr/bin/python3" daemon [_thread_blocked, id=10308, stack(0x00007fe09739a000,0x00007fe09749b000)]
  0x00007fe0a4514800 JavaThread "Worker Monitor for /usr/bin/python3" daemon [_thread_blocked, id=10306, stack(0x00007fe099aad000,0x00007fe099bae000)]
  0x00007fe0a4d0e800 JavaThread "Worker Monitor for /usr/bin/python3" daemon [_thread_blocked, id=10304, stack(0x00007fe098da4000,0x00007fe098ea5000)]
  0x00007fe0a4593800 JavaThread "Worker Monitor for /usr/bin/python3" daemon [_thread_blocked, id=10302, stack(0x00007fe09abb6000,0x00007fe09acb7000)]
  0x00007fe0a4149000 JavaThread "Worker Monitor for /usr/bin/python3" daemon [_thread_blocked, id=10300, stack(0x00007fe09759c000,0x00007fe09769d000)]
  0x00007fe0a81bc800 JavaThread "block-manager-slave-async-thread-pool-14" daemon [_thread_blocked, id=10114, stack(0x00007fe09b2b7000,0x00007fe09b3b8000)]
  0x00000000014ad800 JavaThread "block-manager-slave-async-thread-pool-13" daemon [_thread_blocked, id=10113, stack(0x00007fe09779e000,0x00007fe09789f000)]
  0x00007fe0bc1fd800 JavaThread "block-manager-ask-thread-pool-10" daemon [_thread_blocked, id=9870, stack(0x00007fe09aab5000,0x00007fe09abb6000)]
  0x00007fe0ac00c000 JavaThread "block-manager-ask-thread-pool-9" daemon [_thread_blocked, id=9869, stack(0x00007fe099dae000,0x00007fe099eaf000)]
  0x00007fe0bc1fc800 JavaThread "block-manager-ask-thread-pool-8" daemon [_thread_blocked, id=9868, stack(0x00007fe09cd49000,0x00007fe09ce4a000)]
  0x00007fe0b4022800 JavaThread "block-manager-ask-thread-pool-7" daemon [_thread_blocked, id=9867, stack(0x00007fe09a9b4000,0x00007fe09aab5000)]
  0x00007fe0bc1fc000 JavaThread "block-manager-ask-thread-pool-6" daemon [_thread_blocked, id=9866, stack(0x00007fe098fa6000,0x00007fe0990a7000)]
  0x00000000014ab000 JavaThread "block-manager-slave-async-thread-pool-12" daemon [_thread_blocked, id=9865, stack(0x00007fe0992a9000,0x00007fe0993aa000)]
  0x00007fe0d0387800 JavaThread "block-manager-slave-async-thread-pool-11" daemon [_thread_blocked, id=9864, stack(0x00007fe0993aa000,0x00007fe0994ab000)]
  0x00007fe0b4021800 JavaThread "Executor task launch worker for task 4949" daemon [_thread_blocked, id=9863, stack(0x00007fe098ca3000,0x00007fe098da4000)]
  0x00007fe0b4019000 JavaThread "Executor task launch worker for task 4951" daemon [_thread_blocked, id=9853, stack(0x00007fe0997ac000,0x00007fe0998ad000)]
  0x00007fe0d0bba800 JavaThread "block-manager-slave-async-thread-pool-10" daemon [_thread_blocked, id=9852, stack(0x00007fe0991a8000,0x00007fe0992a9000)]
  0x00007fe0d0bb7000 JavaThread "block-manager-slave-async-thread-pool-9" daemon [_thread_blocked, id=9851, stack(0x00007fe09a1b0000,0x00007fe09a2b1000)]
  0x00007fe0bc1c5000 JavaThread "block-manager-slave-async-thread-pool-8" daemon [_thread_blocked, id=9850, stack(0x00007fe098ea5000,0x00007fe098fa6000)]
  0x00007fe0b401e000 JavaThread "block-manager-ask-thread-pool-5" daemon [_thread_blocked, id=9849, stack(0x00007fe099eaf000,0x00007fe099fb0000)]
  0x00007fe0a5006000 JavaThread "Thread-19" [_thread_in_native, id=9826, stack(0x00007fe0990a7000,0x00007fe0991a8000)]
  0x00007fe0a465c800 JavaThread "Thread-18" [_thread_blocked, id=9348, stack(0x00007fe0996ab000,0x00007fe0997ac000)]
  0x00007fe0b4017800 JavaThread "task-result-getter-3" daemon [_thread_blocked, id=9314, stack(0x00007fe09a2b1000,0x00007fe09a3b2000)]
  0x00007fe0b4016800 JavaThread "task-result-getter-2" daemon [_thread_blocked, id=9311, stack(0x00007fe09a7b2000,0x00007fe09a8b3000)]
  0x00007fe0bc162800 JavaThread "task-result-getter-1" daemon [_thread_blocked, id=9310, stack(0x00007fe09a8b3000,0x00007fe09a9b4000)]
  0x00007fe0bc082000 JavaThread "task-result-getter-0" daemon [_thread_blocked, id=9302, stack(0x00007fe09b3b8000,0x00007fe09b4b9000)]
  0x00007fe0a801c000 JavaThread "stderr reader for /usr/bin/python3" daemon [_thread_in_native, id=9298, stack(0x00007fe09b4b9000,0x00007fe09b5ba000)]
  0x00007fe0a801a800 JavaThread "stdout reader for /usr/bin/python3" daemon [_thread_in_native, id=9297, stack(0x00007fe09b5ba000,0x00007fe09b6bb000)]
  0x00007fe0a802c000 JavaThread "Idle Worker Monitor for /usr/bin/python3" daemon [_thread_blocked, id=9295, stack(0x00007fe09b6bb000,0x00007fe09b7bc000)]
  0x00007fe0b1fbe000 JavaThread "org.apache.hadoop.fs.FileSystem$Statistics$StatisticsDataReferenceCleaner" daemon [_thread_blocked, id=9293, stack(0x00007fe09cbc9000,0x00007fe09ccca000)]
  0x00007fe0b0de1800 JavaThread "SparkListenerBus" daemon [_thread_blocked, id=9291, stack(0x00007fe09d44a000,0x00007fe09d54b000)]
  0x00007fe0b0e9f800 JavaThread "context-cleaner-periodic-gc" daemon [_thread_blocked, id=9290, stack(0x00007fe09d54b000,0x00007fe09d64c000)]
  0x00007fe0b0df4800 JavaThread "Spark Context Cleaner" daemon [_thread_blocked, id=9289, stack(0x00007fe09d64c000,0x00007fe09d74d000)]
  0x00007fe0b09c0000 JavaThread "shuffle-server-5-1" daemon [_thread_blocked, id=9288, stack(0x00007fe09d94d000,0x00007fe09da4e000)]
  0x00007fe0b0a35000 JavaThread "driver-heartbeater" daemon [_thread_blocked, id=9287, stack(0x00007fe09da4e000,0x00007fe09db4f000)]
  0x00007fe0b0a48000 JavaThread "dag-scheduler-event-loop" daemon [_thread_blocked, id=9286, stack(0x00007fe09db4f000,0x00007fe09dc50000)]
  0x000000000149f800 JavaThread "netty-rpc-env-timeout" daemon [_thread_blocked, id=9285, stack(0x00007fe09dc50000,0x00007fe09dd51000)]
  0x00007fe0b0a97800 JavaThread "Timer-0" daemon [_thread_blocked, id=9284, stack(0x00007fe09dd51000,0x00007fe09de52000)]
  0x00007fe0bc06e800 JavaThread "heartbeat-receiver-event-loop-thread" daemon [_thread_blocked, id=9283, stack(0x00007fe09de52000,0x00007fe09df53000)]
  0x00007fe0b09dc000 JavaThread "SparkUI-37" daemon [_thread_blocked, id=9282, stack(0x00007fe09df53000,0x00007fe09e054000)]
  0x00007fe0b09da800 JavaThread "SparkUI-36" daemon [_thread_blocked, id=9281, stack(0x00007fe09e054000,0x00007fe09e155000)]
  0x00007fe0b09d0800 JavaThread "SparkUI-35" daemon [_thread_blocked, id=9280, stack(0x00007fe09e155000,0x00007fe09e256000)]
  0x00007fe0b09cf000 JavaThread "SparkUI-34" daemon [_thread_blocked, id=9279, stack(0x00007fe09e256000,0x00007fe09e357000)]
  0x00007fe0b09cd000 JavaThread "SparkUI-33" daemon [_thread_blocked, id=9278, stack(0x00007fe09e357000,0x00007fe09e458000)]
  0x00007fe0b09cb800 JavaThread "SparkUI-32" daemon [_thread_blocked, id=9277, stack(0x00007fe09e458000,0x00007fe09e559000)]
  0x00007fe0b0a4f800 JavaThread "SparkUI-31-acceptor-0@4bb67c20-Spark@45718b26{HTTP/1.1}{0.0.0.0:4040}" daemon [_thread_in_native, id=9276, stack(0x00007fe09e559000,0x00007fe09e65a000)]
  0x00007fe0b0a4e800 JavaThread "SparkUI-30-selector-ServerConnectorManager@6dcd6f74/0" daemon [_thread_in_native, id=9275, stack(0x00007fe09e65a000,0x00007fe09e75b000)]
  0x00007fe0b089f800 JavaThread "refresh progress" daemon [_thread_blocked, id=9273, stack(0x00007fe09e95b000,0x00007fe09ea5c000)]
  0x00007fe0b08a2800 JavaThread "map-output-dispatcher-7" daemon [_thread_blocked, id=9272, stack(0x00007fe09ec61000,0x00007fe09ed62000)]
  0x00007fe0b08c1800 JavaThread "map-output-dispatcher-6" daemon [_thread_blocked, id=9271, stack(0x00007fe09ed62000,0x00007fe09ee63000)]
  0x00007fe0b08a4800 JavaThread "map-output-dispatcher-5" daemon [_thread_blocked, id=9270, stack(0x00007fe09ee63000,0x00007fe09ef64000)]
  0x00007fe0b0927800 JavaThread "map-output-dispatcher-4" daemon [_thread_blocked, id=9269, stack(0x00007fe09ef64000,0x00007fe09f065000)]
  0x00007fe0b0925800 JavaThread "map-output-dispatcher-3" daemon [_thread_blocked, id=9268, stack(0x00007fe09f065000,0x00007fe09f166000)]
  0x00007fe0b08bf000 JavaThread "map-output-dispatcher-2" daemon [_thread_blocked, id=9267, stack(0x00007fe09f166000,0x00007fe09f267000)]
  0x00007fe0b08bd800 JavaThread "map-output-dispatcher-1" daemon [_thread_blocked, id=9266, stack(0x00007fe09f267000,0x00007fe09f368000)]
  0x00007fe0b092d000 JavaThread "map-output-dispatcher-0" daemon [_thread_blocked, id=9265, stack(0x00007fe09f368000,0x00007fe09f469000)]
  0x00007fe0b0862800 JavaThread "rpc-server-3-1" daemon [_thread_blocked, id=9264, stack(0x00007fe09f469000,0x00007fe09f56a000)]
  0x00007fe0b07cd000 JavaThread "dispatcher-event-loop-1" daemon [_thread_blocked, id=9263, stack(0x00007fe09f97c000,0x00007fe09fa7d000)]
  0x00007fe0b07cc000 JavaThread "dispatcher-event-loop-0" daemon [_thread_blocked, id=9262, stack(0x00007fe0a02a1000,0x00007fe0a03a2000)]
  0x00007fe0b063d000 JavaThread "process reaper" daemon [_thread_in_native, id=9260, stack(0x00007fe0a03a2000,0x00007fe0a03db000)]
  0x00007fe0a4324000 JavaThread "Thread-2" [_thread_in_native, id=9258, stack(0x00007fe0a09e5000,0x00007fe0a0ae6000)]
  0x00007fe0d0dd8800 JavaThread "Thread-1" [_thread_in_native, id=9257, stack(0x00007fe0a0ae6000,0x00007fe0a0be7000)]
  0x00007fe0d0dc9000 JavaThread "pool-1-thread-1" [_thread_blocked, id=9256, stack(0x00007fe0c0017000,0x00007fe0c0118000)]
  0x00007fe0d00bb000 JavaThread "Service Thread" daemon [_thread_blocked, id=9254, stack(0x00007fe0c0eff000,0x00007fe0c1000000)]
  0x00007fe0d00b8000 JavaThread "C1 CompilerThread1" daemon [_thread_blocked, id=9253, stack(0x00007fe0d40f5000,0x00007fe0d41f6000)]
  0x00007fe0d00b6000 JavaThread "C2 CompilerThread0" daemon [_thread_blocked, id=9252, stack(0x00007fe0d41f6000,0x00007fe0d42f7000)]
  0x00007fe0d00b4000 JavaThread "Signal Dispatcher" daemon [_thread_blocked, id=9251, stack(0x00007fe0d42f7000,0x00007fe0d43f8000)]
  0x00007fe0d0082000 JavaThread "Finalizer" daemon [_thread_blocked, id=9250, stack(0x00007fe0d4590000,0x00007fe0d4691000)]
  0x00007fe0d007f800 JavaThread "Reference Handler" daemon [_thread_blocked, id=9249, stack(0x00007fe0d4691000,0x00007fe0d4792000)]
  0x00007fe0d0011800 JavaThread "main" [_thread_in_native, id=9247, stack(0x00007fe0d8f98000,0x00007fe0d9099000)]

Other Threads:
=>0x00007fe0d0075800 VMThread [stack: 0x00007fe0d4792000,0x00007fe0d4893000] [id=9248]
  0x00007fe0d00be000 WatcherThread [stack: 0x00007fe0c0dfe000,0x00007fe0c0eff000] [id=9255]

VM state:at safepoint (normal execution)

VM Mutex/Monitor currently owned by a thread:  ([mutex/lock_event])
[0x00007fe0d000df10] Threads_lock - owner thread: 0x00007fe0d0075800
[0x00007fe0d000e410] Heap_lock - owner thread: 0x00007fe0b0a48000

heap address: 0x00000000c0000000, size: 1024 MB, Compressed Oops mode: 32-bit
Narrow klass base: 0x0000000000000000, Narrow klass shift: 3
Compressed class space size: 1073741824 Address: 0x0000000100000000

Heap:
 def new generation   total 107712K, used 0K [0x00000000c0000000, 0x00000000c74d0000, 0x00000000d5550000)
  eden space 95808K,   0% used [0x00000000c0000000, 0x00000000c0000000, 0x00000000c5d90000)
  from space 11904K,   0% used [0x00000000c6930000, 0x00000000c6930000, 0x00000000c74d0000)
  to   space 11904K,   0% used [0x00000000c5d90000, 0x00000000c5d90000, 0x00000000c6930000)
 tenured generation   total 255528K, used 160986K [0x00000000d5550000, 0x00000000e4eda000, 0x0000000100000000)
   the space 255528K,  63% used [0x00000000d5550000, 0x00000000df2869f8, 0x00000000df286a00, 0x00000000e4eda000)
 Metaspace       used 91481K, capacity 94135K, committed 97624K, reserved 1134592K
  class space    used 11905K, capacity 12310K, committed 12888K, reserved 1048576K

Card table byte_map: [0x00007fe0d542f000,0x00007fe0d5630000] byte_map_base: 0x00007fe0d4e2f000

Polling page: 0x00007fe0d90a4000

CodeCache: size=245760Kb used=59185Kb max_used=59194Kb free=186574Kb
 bounds [0x00007fe0c1000000, 0x00007fe0c4a40000, 0x00007fe0d0000000]
 total_blobs=17311 nmethods=16556 adapters=667
 compilation: enabled

Compilation events (10 events):
Event: 1025.534 Thread 0x00007fe0d00b8000 nmethod 24746 0x00007fe0c2f9cb90 code [0x00007fe0c2f9cf20, 0x00007fe0c2f9e640]
Event: 1025.667 Thread 0x00007fe0d00b6000 nmethod 24743 0x00007fe0c3e61ad0 code [0x00007fe0c3e620c0, 0x00007fe0c3e65818]
Event: 1025.836 Thread 0x00007fe0d00b6000 24747       4       java.util.TimSort::gallopLeft (335 bytes)
Event: 1025.845 Thread 0x00007fe0d00b6000 nmethod 24747 0x00007fe0c3e6ec10 code [0x00007fe0c3e6edc0, 0x00007fe0c3e6f478]
Event: 1026.065 Thread 0x00007fe0d00b6000 24748       4       org.apache.spark.ShuffleDependency::rdd (5 bytes)
Event: 1026.065 Thread 0x00007fe0d00b6000 nmethod 24748 0x00007fe0c2f10e90 code [0x00007fe0c2f10fe0, 0x00007fe0c2f11038]
Event: 1026.206 Thread 0x00007fe0d00b8000 24749       3       scala.reflect.internal.tpe.TypeComparers$class::isSameSpecializedSkolem (84 bytes)
Event: 1026.207 Thread 0x00007fe0d00b8000 nmethod 24749 0x00007fe0c3e6df50 code [0x00007fe0c3e6e120, 0x00007fe0c3e6e970]
Event: 1026.589 Thread 0x00007fe0d00b8000 24750       3       scala.collection.mutable.FlatHashTable$class::precedes$1 (43 bytes)
Event: 1026.595 Thread 0x00007fe0d00b8000 nmethod 24750 0x00007fe0c35cd710 code [0x00007fe0c35cd880, 0x00007fe0c35cdb10]

GC Heap History (10 events):
Event: 1025.857 GC heap after
Heap after GC invocations=1670 (full 17):
 def new generation   total 107712K, used 6558K [0x00000000c0000000, 0x00000000c74d0000, 0x00000000d5550000)
  eden space 95808K,   0% used [0x00000000c0000000, 0x00000000c0000000, 0x00000000c5d90000)
  from space 11904K,  55% used [0x00000000c5d90000, 0x00000000c63f7b60, 0x00000000c6930000)
  to   space 11904K,   0% used [0x00000000c6930000, 0x00000000c6930000, 0x00000000c74d0000)
 tenured generation   total 239140K, used 192634K [0x00000000d5550000, 0x00000000e3ed9000, 0x0000000100000000)
   the space 239140K,  80% used [0x00000000d5550000, 0x00000000e116e9c0, 0x00000000e116ea00, 0x00000000e3ed9000)
 Metaspace       used 91432K, capacity 94057K, committed 97624K, reserved 1134592K
  class space    used 11898K, capacity 12297K, committed 12888K, reserved 1048576K
}
Event: 1026.026 GC heap before
{Heap before GC invocations=1670 (full 17):
 def new generation   total 107712K, used 100963K [0x00000000c0000000, 0x00000000c74d0000, 0x00000000d5550000)
  eden space 95808K,  98% used [0x00000000c0000000, 0x00000000c5c312c0, 0x00000000c5d90000)
  from space 11904K,  55% used [0x00000000c5d90000, 0x00000000c63f7b60, 0x00000000c6930000)
  to   space 11904K,   0% used [0x00000000c6930000, 0x00000000c6930000, 0x00000000c74d0000)
 tenured generation   total 239140K, used 192634K [0x00000000d5550000, 0x00000000e3ed9000, 0x0000000100000000)
   the space 239140K,  80% used [0x00000000d5550000, 0x00000000e116e9c0, 0x00000000e116ea00, 0x00000000e3ed9000)
 Metaspace       used 91444K, capacity 94075K, committed 97624K, reserved 1134592K
  class space    used 11900K, capacity 12300K, committed 12888K, reserved 1048576K
Event: 1026.044 GC heap after
Heap after GC invocations=1671 (full 17):
 def new generation   total 107712K, used 2287K [0x00000000c0000000, 0x00000000c74d0000, 0x00000000d5550000)
  eden space 95808K,   0% used [0x00000000c0000000, 0x00000000c0000000, 0x00000000c5d90000)
  from space 11904K,  19% used [0x00000000c6930000, 0x00000000c6b6bd58, 0x00000000c74d0000)
  to   space 11904K,   0% used [0x00000000c5d90000, 0x00000000c5d90000, 0x00000000c6930000)
 tenured generation   total 239140K, used 213655K [0x00000000d5550000, 0x00000000e3ed9000, 0x0000000100000000)
   the space 239140K,  89% used [0x00000000d5550000, 0x00000000e25f5ff8, 0x00000000e25f6000, 0x00000000e3ed9000)
 Metaspace       used 91444K, capacity 94075K, committed 97624K, reserved 1134592K
  class space    used 11900K, capacity 12300K, committed 12888K, reserved 1048576K
}
Event: 1026.131 GC heap before
{Heap before GC invocations=1671 (full 17):
 def new generation   total 107712K, used 96106K [0x00000000c0000000, 0x00000000c74d0000, 0x00000000d5550000)
  eden space 95808K,  97% used [0x00000000c0000000, 0x00000000c5b9eb98, 0x00000000c5d90000)
  from space 11904K,  19% used [0x00000000c6930000, 0x00000000c6b6bd58, 0x00000000c74d0000)
  to   space 11904K,   0% used [0x00000000c5d90000, 0x00000000c5d90000, 0x00000000c6930000)
 tenured generation   total 239140K, used 213655K [0x00000000d5550000, 0x00000000e3ed9000, 0x0000000100000000)
   the space 239140K,  89% used [0x00000000d5550000, 0x00000000e25f5ff8, 0x00000000e25f6000, 0x00000000e3ed9000)
 Metaspace       used 91458K, capacity 94099K, committed 97624K, reserved 1134592K
  class space    used 11902K, capacity 12304K, committed 12888K, reserved 1048576K
Event: 1026.136 GC heap after
Heap after GC invocations=1672 (full 17):
 def new generation   total 107712K, used 2733K [0x00000000c0000000, 0x00000000c74d0000, 0x00000000d5550000)
  eden space 95808K,   0% used [0x00000000c0000000, 0x00000000c0000000, 0x00000000c5d90000)
  from space 11904K,  22% used [0x00000000c5d90000, 0x00000000c603b680, 0x00000000c6930000)
  to   space 11904K,   0% used [0x00000000c6930000, 0x00000000c6930000, 0x00000000c74d0000)
 tenured generation   total 239140K, used 213655K [0x00000000d5550000, 0x00000000e3ed9000, 0x0000000100000000)
   the space 239140K,  89% used [0x00000000d5550000, 0x00000000e25f5ff8, 0x00000000e25f6000, 0x00000000e3ed9000)
 Metaspace       used 91458K, capacity 94099K, committed 97624K, reserved 1134592K
  class space    used 11902K, capacity 12304K, committed 12888K, reserved 1048576K
}
Event: 1026.272 GC heap before
{Heap before GC invocations=1672 (full 17):
 def new generation   total 107712K, used 98541K [0x00000000c0000000, 0x00000000c74d0000, 0x00000000d5550000)
  eden space 95808K, 100% used [0x00000000c0000000, 0x00000000c5d90000, 0x00000000c5d90000)
  from space 11904K,  22% used [0x00000000c5d90000, 0x00000000c603b680, 0x00000000c6930000)
  to   space 11904K,   0% used [0x00000000c6930000, 0x00000000c6930000, 0x00000000c74d0000)
 tenured generation   total 239140K, used 213655K [0x00000000d5550000, 0x00000000e3ed9000, 0x0000000100000000)
   the space 239140K,  89% used [0x00000000d5550000, 0x00000000e25f5ff8, 0x00000000e25f6000, 0x00000000e3ed9000)
 Metaspace       used 91462K, capacity 94105K, committed 97624K, reserved 1134592K
  class space    used 11903K, capacity 12305K, committed 12888K, reserved 1048576K
Event: 1026.276 GC heap after
Heap after GC invocations=1673 (full 17):
 def new generation   total 107712K, used 1985K [0x00000000c0000000, 0x00000000c74d0000, 0x00000000d5550000)
  eden space 95808K,   0% used [0x00000000c0000000, 0x00000000c0000000, 0x00000000c5d90000)
  from space 11904K,  16% used [0x00000000c6930000, 0x00000000c6b20558, 0x00000000c74d0000)
  to   space 11904K,   0% used [0x00000000c5d90000, 0x00000000c5d90000, 0x00000000c6930000)
 tenured generation   total 239140K, used 213655K [0x00000000d5550000, 0x00000000e3ed9000, 0x0000000100000000)
   the space 239140K,  89% used [0x00000000d5550000, 0x00000000e25f5ff8, 0x00000000e25f6000, 0x00000000e3ed9000)
 Metaspace       used 91462K, capacity 94105K, committed 97624K, reserved 1134592K
  class space    used 11903K, capacity 12305K, committed 12888K, reserved 1048576K
}
Event: 1026.461 GC heap before
{Heap before GC invocations=1673 (full 17):
 def new generation   total 107712K, used 97793K [0x00000000c0000000, 0x00000000c74d0000, 0x00000000d5550000)
  eden space 95808K, 100% used [0x00000000c0000000, 0x00000000c5d90000, 0x00000000c5d90000)
  from space 11904K,  16% used [0x00000000c6930000, 0x00000000c6b20558, 0x00000000c74d0000)
  to   space 11904K,   0% used [0x00000000c5d90000, 0x00000000c5d90000, 0x00000000c6930000)
 tenured generation   total 239140K, used 213655K [0x00000000d5550000, 0x00000000e3ed9000, 0x0000000100000000)
   the space 239140K,  89% used [0x00000000d5550000, 0x00000000e25f5ff8, 0x00000000e25f6000, 0x00000000e3ed9000)
 Metaspace       used 91470K, capacity 94117K, committed 97624K, reserved 1134592K
  class space    used 11904K, capacity 12307K, committed 12888K, reserved 1048576K
Event: 1026.529 GC heap after
Heap after GC invocations=1674 (full 17):
 def new generation   total 107712K, used 1971K [0x00000000c0000000, 0x00000000c74d0000, 0x00000000d5550000)
  eden space 95808K,   0% used [0x00000000c0000000, 0x00000000c0000000, 0x00000000c5d90000)
  from space 11904K,  16% used [0x00000000c5d90000, 0x00000000c5f7ce28, 0x00000000c6930000)
  to   space 11904K,   0% used [0x00000000c6930000, 0x00000000c6930000, 0x00000000c74d0000)
 tenured generation   total 239140K, used 230040K [0x00000000d5550000, 0x00000000e3ed9000, 0x0000000100000000)
   the space 239140K,  96% used [0x00000000d5550000, 0x00000000e35f6008, 0x00000000e35f6200, 0x00000000e3ed9000)
 Metaspace       used 91470K, capacity 94117K, committed 97624K, reserved 1134592K
  class space    used 11904K, capacity 12307K, committed 12888K, reserved 1048576K
}
Event: 1026.750 GC heap before
{Heap before GC invocations=1674 (full 17):
 def new generation   total 107712K, used 96922K [0x00000000c0000000, 0x00000000c74d0000, 0x00000000d5550000)
  eden space 95808K,  99% used [0x00000000c0000000, 0x00000000c5cb9bf0, 0x00000000c5d90000)
  from space 11904K,  16% used [0x00000000c5d90000, 0x00000000c5f7ce28, 0x00000000c6930000)
  to   space 11904K,   0% used [0x00000000c6930000, 0x00000000c6930000, 0x00000000c74d0000)
 tenured generation   total 239140K, used 230040K [0x00000000d5550000, 0x00000000e3ed9000, 0x0000000100000000)
   the space 239140K,  96% used [0x00000000d5550000, 0x00000000e35f6008, 0x00000000e35f6200, 0x00000000e3ed9000)
 Metaspace       used 91481K, capacity 94135K, committed 97624K, reserved 1134592K
  class space    used 11905K, capacity 12310K, committed 12888K, reserved 1048576K

Deoptimization events (10 events):
Event: 1016.675 Thread 0x00007fe0b4021800 Uncommon trap: reason=null_check action=make_not_entrant pc=0x00007fe0c496cb1c method=com.esotericsoftware.kryo.serializers.FieldSerializer.buildValidFields(ZLjava/util/List;Lcom/esotericsoftware/kryo/util/ObjectMap;Lcom/esotericsoftware/kryo/util/IntArra
Event: 1016.693 Thread 0x00007fe0b4021800 Uncommon trap: reason=class_check action=maybe_recompile pc=0x00007fe0c1837144 method=java.io.FilterInputStream.close()V @ 4
Event: 1016.702 Thread 0x00007fe0b4021800 Uncommon trap: reason=class_check action=maybe_recompile pc=0x00007fe0c1837144 method=java.io.FilterInputStream.close()V @ 4
Event: 1016.702 Thread 0x00007fe0b4021800 Uncommon trap: reason=class_check action=maybe_recompile pc=0x00007fe0c1837144 method=java.io.FilterInputStream.close()V @ 4
Event: 1016.857 Thread 0x00007fe0b4019000 Uncommon trap: reason=class_check action=maybe_recompile pc=0x00007fe0c1837144 method=java.io.FilterInputStream.close()V @ 4
Event: 1018.267 Thread 0x00007fe0a465c800 Uncommon trap: reason=bimorphic action=maybe_recompile pc=0x00007fe0c2a2bbec method=scala.collection.IndexedSeqOptimized$class.last(Lscala/collection/IndexedSeqOptimized;)Ljava/lang/Object; @ 1
Event: 1018.775 Thread 0x00007fe0b4021800 Uncommon trap: reason=bimorphic action=maybe_recompile pc=0x00007fe0c2a2bbec method=scala.collection.IndexedSeqOptimized$class.last(Lscala/collection/IndexedSeqOptimized;)Ljava/lang/Object; @ 1
Event: 1018.775 Thread 0x00007fe0b4021800 Uncommon trap: reason=bimorphic action=maybe_recompile pc=0x00007fe0c2a2bbec method=scala.collection.IndexedSeqOptimized$class.last(Lscala/collection/IndexedSeqOptimized;)Ljava/lang/Object; @ 1
Event: 1018.775 Thread 0x00007fe0b4021800 Uncommon trap: reason=bimorphic action=maybe_recompile pc=0x00007fe0c2a2bbec method=scala.collection.IndexedSeqOptimized$class.last(Lscala/collection/IndexedSeqOptimized;)Ljava/lang/Object; @ 1
Event: 1021.473 Thread 0x00007fe0b0df4800 Uncommon trap: reason=unstable_if action=reinterpret pc=0x00007fe0c217026c method=java.util.concurrent.ConcurrentHashMap.replaceNode(Ljava/lang/Object;Ljava/lang/Object;Ljava/lang/Object;)Ljava/lang/Object; @ 150

Classes redefined (0 events):
No events

Internal exceptions (10 events):
Event: 151.132 Thread 0x00007fe0bc137000 Implicit null exception at 0x00007fe0c385d777 to 0x00007fe0c385d969
Event: 175.059 Thread 0x00000000014ab000 Implicit null exception at 0x00007fe0c385d777 to 0x00007fe0c385d969
Event: 175.068 Thread 0x00007fe0bc114000 Implicit null exception at 0x00007fe0c385d777 to 0x00007fe0c385d969
Event: 184.319 Thread 0x00007fe0d0bba800 Implicit null exception at 0x00007fe0c385d777 to 0x00007fe0c385d969
Event: 203.093 Thread 0x00007fe0a465c800 Implicit null exception at 0x00007fe0c35a0c9f to 0x00007fe0c35a0e68
Event: 982.504 Thread 0x00007fe0a465c800 Exception <a 'java/lang/NoSuchMethodError': <clinit>> (0x00000000c0075800) thrown at [/build/openjdk-8-g3XteX/openjdk-8-8u222-b10/src/hotspot/src/share/vm/prims/jni.cpp, line 1615]
Event: 982.505 Thread 0x00007fe0a465c800 Exception <a 'java/lang/NoSuchMethodError': <clinit>> (0x00000000c009c3e0) thrown at [/build/openjdk-8-g3XteX/openjdk-8-8u222-b10/src/hotspot/src/share/vm/prims/jni.cpp, line 1615]
Event: 982.511 Thread 0x00007fe0a465c800 Exception <a 'java/lang/NoSuchMethodError': <clinit>> (0x00000000c00ee068) thrown at [/build/openjdk-8-g3XteX/openjdk-8-8u222-b10/src/hotspot/src/share/vm/prims/jni.cpp, line 1615]
Event: 982.512 Thread 0x00007fe0a465c800 Exception <a 'java/lang/NoSuchMethodError': <clinit>> (0x00000000c00f5110) thrown at [/build/openjdk-8-g3XteX/openjdk-8-8u222-b10/src/hotspot/src/share/vm/prims/jni.cpp, line 1615]
Event: 982.512 Thread 0x00007fe0a465c800 Exception <a 'java/lang/NoSuchMethodError': <clinit>> (0x00000000c0105af0) thrown at [/build/openjdk-8-g3XteX/openjdk-8-8u222-b10/src/hotspot/src/share/vm/prims/jni.cpp, line 1615]

Events (10 events):
Event: 1026.460 Executing VM operation: GenCollectForAllocation
Event: 1026.533 Executing VM operation: GenCollectForAllocation done
Event: 1026.538 Thread 0x00007fe0a516c800 Thread exited: 0x00007fe0a516c800
Event: 1026.591 Thread 0x00007fe0a516c800 Thread added: 0x00007fe0a516c800
Event: 1026.591 Thread 0x00007fe0a4937000 Thread added: 0x00007fe0a4937000
Event: 1026.591 Thread 0x00007fe0a516c800 Thread exited: 0x00007fe0a516c800
Event: 1026.638 Thread 0x00007fe0a516c800 Thread added: 0x00007fe0a516c800
Event: 1026.639 Thread 0x00007fe0a414b800 Thread added: 0x00007fe0a414b800
Event: 1026.639 Thread 0x00007fe0a516c800 Thread exited: 0x00007fe0a516c800
Event: 1026.750 Executing VM operation: GenCollectForAllocation


Dynamic libraries:
00400000-00401000 r-xp 00000000 ca:01 286273                             /usr/lib/jvm/java-8-openjdk-amd64/jre/bin/java
00600000-00601000 r--p 00000000 ca:01 286273                             /usr/lib/jvm/java-8-openjdk-amd64/jre/bin/java
00601000-00602000 rw-p 00001000 ca:01 286273                             /usr/lib/jvm/java-8-openjdk-amd64/jre/bin/java
0147a000-014dd000 rw-p 00000000 00:00 0                                  [heap]
c0000000-c74d0000 rw-p 00000000 00:00 0 
c74d0000-d5550000 ---p 00000000 00:00 0 
d5550000-e4eda000 rw-p 00000000 00:00 0 
e5b56000-100000000 ---p 00000000 00:00 0 
100000000-100c96000 rw-p 00000000 00:00 0 
100c96000-140000000 ---p 00000000 00:00 0 
7fe090000000-7fe0937cb000 rw-p 00000000 00:00 0 
7fe0937cb000-7fe094000000 ---p 00000000 00:00 0 
7fe096e97000-7fe096e9a000 ---p 00000000 00:00 0 
7fe096e9a000-7fe097058000 rw-p 00000000 00:00 0 
7fe097058000-7fe09719b000 ---p 00000000 00:00 0 
7fe09719b000-7fe097299000 rw-p 00000000 00:00 0 
7fe097299000-7fe09729c000 ---p 00000000 00:00 0 
7fe09729c000-7fe09739a000 rw-p 00000000 00:00 0 
7fe09739a000-7fe09739d000 ---p 00000000 00:00 0 
7fe09739d000-7fe09749b000 rw-p 00000000 00:00 0 
7fe09749b000-7fe09749e000 ---p 00000000 00:00 0 
7fe09749e000-7fe09759c000 rw-p 00000000 00:00 0 
7fe09759c000-7fe09759f000 ---p 00000000 00:00 0 
7fe09759f000-7fe09769d000 rw-p 00000000 00:00 0 
7fe09769d000-7fe0976a0000 ---p 00000000 00:00 0 
7fe0976a0000-7fe09779e000 rw-p 00000000 00:00 0 
7fe09779e000-7fe0977a1000 ---p 00000000 00:00 0 
7fe0977a1000-7fe09789f000 rw-p 00000000 00:00 0 
7fe09789f000-7fe0978a2000 ---p 00000000 00:00 0 
7fe0978a2000-7fe0979a0000 rw-p 00000000 00:00 0 
7fe0979a0000-7fe0979a3000 ---p 00000000 00:00 0 
7fe0979a3000-7fe097aa1000 rw-p 00000000 00:00 0 
7fe097aa1000-7fe097aa4000 ---p 00000000 00:00 0 
7fe097aa4000-7fe097da2000 rw-p 00000000 00:00 0 
7fe097da2000-7fe097fa2000 rw-p 00000000 00:00 0 
7fe097fa2000-7fe0981a2000 rw-p 00000000 00:00 0 
7fe0981a2000-7fe0983a2000 rw-p 00000000 00:00 0 
7fe0983a2000-7fe0985a2000 rw-p 00000000 00:00 0 
7fe0985a2000-7fe0987a2000 rw-p 00000000 00:00 0 
7fe0987a2000-7fe0989a2000 rw-p 00000000 00:00 0 
7fe0989a2000-7fe098ba2000 rw-p 00000000 00:00 0 
7fe098ba2000-7fe098ba5000 ---p 00000000 00:00 0 
7fe098ba5000-7fe098ca3000 rw-p 00000000 00:00 0 
7fe098ca3000-7fe098ca6000 ---p 00000000 00:00 0 
7fe098ca6000-7fe098da4000 rw-p 00000000 00:00 0 
7fe098da4000-7fe098da7000 ---p 00000000 00:00 0 
7fe098da7000-7fe098ea5000 rw-p 00000000 00:00 0 
7fe098ea5000-7fe098ea8000 ---p 00000000 00:00 0 
7fe098ea8000-7fe098fa6000 rw-p 00000000 00:00 0 
7fe098fa6000-7fe098fa9000 ---p 00000000 00:00 0 
7fe098fa9000-7fe0990a7000 rw-p 00000000 00:00 0 
7fe0990a7000-7fe0990aa000 ---p 00000000 00:00 0 
7fe0990aa000-7fe0991a8000 rw-p 00000000 00:00 0 
7fe0991a8000-7fe0991ab000 ---p 00000000 00:00 0 
7fe0991ab000-7fe0992a9000 rw-p 00000000 00:00 0 
7fe0992a9000-7fe0992ac000 ---p 00000000 00:00 0 
7fe0992ac000-7fe0993aa000 rw-p 00000000 00:00 0 
7fe0993aa000-7fe0993ad000 ---p 00000000 00:00 0 
7fe0993ad000-7fe0996ab000 rw-p 00000000 00:00 0 
7fe0996ab000-7fe0996ae000 ---p 00000000 00:00 0 
7fe0996ae000-7fe0997ac000 rw-p 00000000 00:00 0 
7fe0997ac000-7fe0997af000 ---p 00000000 00:00 0 
7fe0997af000-7fe099aad000 rw-p 00000000 00:00 0 
7fe099aad000-7fe099ab0000 ---p 00000000 00:00 0 
7fe099ab0000-7fe099dae000 rw-p 00000000 00:00 0 
7fe099dae000-7fe099db1000 ---p 00000000 00:00 0 
7fe099db1000-7fe099eaf000 rw-p 00000000 00:00 0 
7fe099eaf000-7fe099eb2000 ---p 00000000 00:00 0 
7fe099eb2000-7fe09a1b0000 rw-p 00000000 00:00 0 
7fe09a1b0000-7fe09a1b3000 ---p 00000000 00:00 0 
7fe09a1b3000-7fe09a2b1000 rw-p 00000000 00:00 0 
7fe09a2b1000-7fe09a2b4000 ---p 00000000 00:00 0 
7fe09a2b4000-7fe09a5b2000 rw-p 00000000 00:00 0 
7fe09a5b2000-7fe09a7b2000 rw-p 00000000 00:00 0 
7fe09a7b2000-7fe09a7b5000 ---p 00000000 00:00 0 
7fe09a7b5000-7fe09a8b3000 rw-p 00000000 00:00 0 
7fe09a8b3000-7fe09a8b6000 ---p 00000000 00:00 0 
7fe09a8b6000-7fe09a9b4000 rw-p 00000000 00:00 0 
7fe09a9b4000-7fe09a9b7000 ---p 00000000 00:00 0 
7fe09a9b7000-7fe09aab5000 rw-p 00000000 00:00 0 
7fe09aab5000-7fe09aab8000 ---p 00000000 00:00 0 
7fe09aab8000-7fe09abb6000 rw-p 00000000 00:00 0 
7fe09abb6000-7fe09abb9000 ---p 00000000 00:00 0 
7fe09abb9000-7fe09aeb7000 rw-p 00000000 00:00 0 
7fe09aeb7000-7fe09b0b7000 rw-p 00000000 00:00 0 
7fe09b0b7000-7fe09b2b7000 rw-p 00000000 00:00 0 
7fe09b2b7000-7fe09b2ba000 ---p 00000000 00:00 0 
7fe09b2ba000-7fe09b3b8000 rw-p 00000000 00:00 0 
7fe09b3b8000-7fe09b3bb000 ---p 00000000 00:00 0 
7fe09b3bb000-7fe09b4b9000 rw-p 00000000 00:00 0 
7fe09b4b9000-7fe09b4bc000 ---p 00000000 00:00 0 
7fe09b4bc000-7fe09b5ba000 rw-p 00000000 00:00 0 
7fe09b5ba000-7fe09b5bd000 ---p 00000000 00:00 0 
7fe09b5bd000-7fe09b6bb000 rw-p 00000000 00:00 0 
7fe09b6bb000-7fe09b6be000 ---p 00000000 00:00 0 
7fe09b6be000-7fe09b9bc000 rw-p 00000000 00:00 0 
7fe09b9bc000-7fe09b9c9000 r-xp 00000000 ca:01 4806                       /tmp/liblz4-java3662034322738528706.so
7fe09b9c9000-7fe09bbc8000 ---p 0000d000 ca:01 4806                       /tmp/liblz4-java3662034322738528706.so
7fe09bbc8000-7fe09bbc9000 rw-p 0000c000 ca:01 4806                       /tmp/liblz4-java3662034322738528706.so
7fe09bbc9000-7fe09bdc9000 rw-p 00000000 00:00 0 
7fe09bdc9000-7fe09bfc9000 rw-p 00000000 00:00 0 
7fe09bfc9000-7fe09c1c9000 rw-p 00000000 00:00 0 
7fe09c1c9000-7fe09c3c9000 rw-p 00000000 00:00 0 
7fe09c3c9000-7fe09c5c9000 rw-p 00000000 00:00 0 
7fe09c5c9000-7fe09c7c9000 rw-p 00000000 00:00 0 
7fe09c7c9000-7fe09c9c9000 rw-p 00000000 00:00 0 
7fe09c9c9000-7fe09cbc9000 rw-p 00000000 00:00 0 
7fe09cbc9000-7fe09cbcc000 ---p 00000000 00:00 0 
7fe09cbcc000-7fe09ccca000 rw-p 00000000 00:00 0 
7fe09cd49000-7fe09cd4c000 ---p 00000000 00:00 0 
7fe09cd4c000-7fe09d04a000 rw-p 00000000 00:00 0 
7fe09d04a000-7fe09d24a000 rw-p 00000000 00:00 0 
7fe09d24a000-7fe09d44a000 rw-p 00000000 00:00 0 
7fe09d44a000-7fe09d44d000 ---p 00000000 00:00 0 
7fe09d44d000-7fe09d54b000 rw-p 00000000 00:00 0 
7fe09d54b000-7fe09d54e000 ---p 00000000 00:00 0 
7fe09d54e000-7fe09d64c000 rw-p 00000000 00:00 0 
7fe09d64c000-7fe09d64f000 ---p 00000000 00:00 0 
7fe09d64f000-7fe09d94d000 rw-p 00000000 00:00 0 
7fe09d94d000-7fe09d950000 ---p 00000000 00:00 0 
7fe09d950000-7fe09da4e000 rw-p 00000000 00:00 0 
7fe09da4e000-7fe09da51000 ---p 00000000 00:00 0 
7fe09da51000-7fe09db4f000 rw-p 00000000 00:00 0 
7fe09db4f000-7fe09db52000 ---p 00000000 00:00 0 
7fe09db52000-7fe09dc50000 rw-p 00000000 00:00 0 
7fe09dc50000-7fe09dc53000 ---p 00000000 00:00 0 
7fe09dc53000-7fe09dd51000 rw-p 00000000 00:00 0 
7fe09dd51000-7fe09dd54000 ---p 00000000 00:00 0 
7fe09dd54000-7fe09de52000 rw-p 00000000 00:00 0 
7fe09de52000-7fe09de55000 ---p 00000000 00:00 0 
7fe09de55000-7fe09df53000 rw-p 00000000 00:00 0 
7fe09df53000-7fe09df56000 ---p 00000000 00:00 0 
7fe09df56000-7fe09e054000 rw-p 00000000 00:00 0 
7fe09e054000-7fe09e057000 ---p 00000000 00:00 0 
7fe09e057000-7fe09e155000 rw-p 00000000 00:00 0 
7fe09e155000-7fe09e158000 ---p 00000000 00:00 0 
7fe09e158000-7fe09e256000 rw-p 00000000 00:00 0 
7fe09e256000-7fe09e259000 ---p 00000000 00:00 0 
7fe09e259000-7fe09e357000 rw-p 00000000 00:00 0 
7fe09e357000-7fe09e35a000 ---p 00000000 00:00 0 
7fe09e35a000-7fe09e458000 rw-p 00000000 00:00 0 
7fe09e458000-7fe09e45b000 ---p 00000000 00:00 0 
7fe09e45b000-7fe09e559000 rw-p 00000000 00:00 0 
7fe09e559000-7fe09e55c000 ---p 00000000 00:00 0 
7fe09e55c000-7fe09e65a000 rw-p 00000000 00:00 0 
7fe09e65a000-7fe09e65d000 ---p 00000000 00:00 0 
7fe09e65d000-7fe09e95b000 rw-p 00000000 00:00 0 
7fe09e95b000-7fe09e95e000 ---p 00000000 00:00 0 
7fe09e95e000-7fe09ea5c000 rw-p 00000000 00:00 0 
7fe09ea5c000-7fe09ea61000 r--s 000a3000 ca:01 286376                     /usr/lib/jvm/java-8-openjdk-amd64/jre/lib/jsse.jar
7fe09ea61000-7fe09ec61000 rw-p 00000000 00:00 0 
7fe09ec61000-7fe09ec64000 ---p 00000000 00:00 0 
7fe09ec64000-7fe09ed62000 rw-p 00000000 00:00 0 
7fe09ed62000-7fe09ed65000 ---p 00000000 00:00 0 
7fe09ed65000-7fe09ee63000 rw-p 00000000 00:00 0 
7fe09ee63000-7fe09ee66000 ---p 00000000 00:00 0 
7fe09ee66000-7fe09ef64000 rw-p 00000000 00:00 0 
7fe09ef64000-7fe09ef67000 ---p 00000000 00:00 0 
7fe09ef67000-7fe09f065000 rw-p 00000000 00:00 0 
7fe09f065000-7fe09f068000 ---p 00000000 00:00 0 
7fe09f068000-7fe09f166000 rw-p 00000000 00:00 0 
7fe09f166000-7fe09f169000 ---p 00000000 00:00 0 
7fe09f169000-7fe09f267000 rw-p 00000000 00:00 0 
7fe09f267000-7fe09f26a000 ---p 00000000 00:00 0 
7fe09f26a000-7fe09f368000 rw-p 00000000 00:00 0 
7fe09f368000-7fe09f36b000 ---p 00000000 00:00 0 
7fe09f36b000-7fe09f469000 rw-p 00000000 00:00 0 
7fe09f469000-7fe09f46c000 ---p 00000000 00:00 0 
7fe09f46c000-7fe09f56a000 rw-p 00000000 00:00 0 
7fe09f56a000-7fe09f57b000 r-xp 00000000 ca:01 286360                     /usr/lib/jvm/java-8-openjdk-amd64/jre/lib/amd64/libnio.so
7fe09f57b000-7fe09f77a000 ---p 00011000 ca:01 286360                     /usr/lib/jvm/java-8-openjdk-amd64/jre/lib/amd64/libnio.so
7fe09f77a000-7fe09f77b000 r--p 00010000 ca:01 286360                     /usr/lib/jvm/java-8-openjdk-amd64/jre/lib/amd64/libnio.so
7fe09f77b000-7fe09f77c000 rw-p 00011000 ca:01 286360                     /usr/lib/jvm/java-8-openjdk-amd64/jre/lib/amd64/libnio.so
7fe09f77c000-7fe09f97c000 rw-p 00000000 00:00 0 
7fe09f97c000-7fe09f97f000 ---p 00000000 00:00 0 
7fe09f97f000-7fe09fc7d000 rw-p 00000000 00:00 0 
7fe09fc7d000-7fe09fc94000 r-xp 00000000 ca:01 1984                       /lib/x86_64-linux-gnu/libresolv-2.23.so
7fe09fc94000-7fe09fe94000 ---p 00017000 ca:01 1984                       /lib/x86_64-linux-gnu/libresolv-2.23.so
7fe09fe94000-7fe09fe95000 r--p 00017000 ca:01 1984                       /lib/x86_64-linux-gnu/libresolv-2.23.so
7fe09fe95000-7fe09fe96000 rw-p 00018000 ca:01 1984                       /lib/x86_64-linux-gnu/libresolv-2.23.so
7fe09fe96000-7fe09fe98000 rw-p 00000000 00:00 0 
7fe09fe98000-7fe09fe9d000 r-xp 00000000 ca:01 1990                       /lib/x86_64-linux-gnu/libnss_dns-2.23.so
7fe09fe9d000-7fe0a009d000 ---p 00005000 ca:01 1990                       /lib/x86_64-linux-gnu/libnss_dns-2.23.so
7fe0a009d000-7fe0a009e000 r--p 00005000 ca:01 1990                       /lib/x86_64-linux-gnu/libnss_dns-2.23.so
7fe0a009e000-7fe0a009f000 rw-p 00006000 ca:01 1990                       /lib/x86_64-linux-gnu/libnss_dns-2.23.so
7fe0a009f000-7fe0a00a0000 r-xp 00000000 ca:01 286366                     /usr/lib/jvm/java-8-openjdk-amd64/jre/lib/amd64/libjaas_unix.so
7fe0a00a0000-7fe0a029f000 ---p 00001000 ca:01 286366                     /usr/lib/jvm/java-8-openjdk-amd64/jre/lib/amd64/libjaas_unix.so
7fe0a029f000-7fe0a02a0000 r--p 00000000 ca:01 286366                     /usr/lib/jvm/java-8-openjdk-amd64/jre/lib/amd64/libjaas_unix.so
7fe0a02a0000-7fe0a02a1000 rw-p 00001000 ca:01 286366                     /usr/lib/jvm/java-8-openjdk-amd64/jre/lib/amd64/libjaas_unix.so
7fe0a02a1000-7fe0a02a4000 ---p 00000000 00:00 0 
7fe0a02a4000-7fe0a03a2000 rw-p 00000000 00:00 0 
7fe0a03a2000-7fe0a03a5000 ---p 00000000 00:00 0 
7fe0a03a5000-7fe0a05db000 rw-p 00000000 00:00 0 
7fe0a05db000-7fe0a07db000 rw-p 00000000 00:00 0 
7fe0a07db000-7fe0a07e4000 r-xp 00000000 ca:01 286338                     /usr/lib/jvm/java-8-openjdk-amd64/jre/lib/amd64/libmanagement.so
7fe0a07e4000-7fe0a09e3000 ---p 00009000 ca:01 286338                     /usr/lib/jvm/java-8-openjdk-amd64/jre/lib/amd64/libmanagement.so
7fe0a09e3000-7fe0a09e4000 r--p 00008000 ca:01 286338                     /usr/lib/jvm/java-8-openjdk-amd64/jre/lib/amd64/libmanagement.so
7fe0a09e4000-7fe0a09e5000 rw-p 00009000 ca:01 286338                     /usr/lib/jvm/java-8-openjdk-amd64/jre/lib/amd64/libmanagement.so
7fe0a09e5000-7fe0a09e8000 ---p 00000000 00:00 0 
7fe0a09e8000-7fe0a0ae6000 rw-p 00000000 00:00 0 
7fe0a0ae6000-7fe0a0ae9000 ---p 00000000 00:00 0 
7fe0a0ae9000-7fe0a0de7000 rw-p 00000000 00:00 0 
7fe0a0de7000-7fe0a3de8000 rw-p 00000000 00:00 0 
7fe0a3de8000-7fe0a3dfe000 r-xp 00000000 ca:01 286343                     /usr/lib/jvm/java-8-openjdk-amd64/jre/lib/amd64/libnet.so
7fe0a3dfe000-7fe0a3ffe000 ---p 00016000 ca:01 286343                     /usr/lib/jvm/java-8-openjdk-amd64/jre/lib/amd64/libnet.so
7fe0a3ffe000-7fe0a3fff000 r--p 00016000 ca:01 286343                     /usr/lib/jvm/java-8-openjdk-amd64/jre/lib/amd64/libnet.so
7fe0a3fff000-7fe0a4000000 rw-p 00017000 ca:01 286343                     /usr/lib/jvm/java-8-openjdk-amd64/jre/lib/amd64/libnet.so
7fe0a4000000-7fe0a58a2000 rw-p 00000000 00:00 0 
7fe0a58a2000-7fe0a8000000 ---p 00000000 00:00 0 
7fe0a8000000-7fe0a8a8e000 rw-p 00000000 00:00 0 
7fe0a8a8e000-7fe0ac000000 ---p 00000000 00:00 0 
7fe0ac000000-7fe0ac021000 rw-p 00000000 00:00 0 
7fe0ac021000-7fe0b0000000 ---p 00000000 00:00 0 
7fe0b0000000-7fe0b3fbc000 rw-p 00000000 00:00 0 
7fe0b3fbc000-7fe0b4000000 ---p 00000000 00:00 0 
7fe0b4000000-7fe0b403e000 rw-p 00000000 00:00 0 
7fe0b403e000-7fe0b8000000 ---p 00000000 00:00 0 
7fe0b8000000-7fe0b80b3000 rw-p 00000000 00:00 0 
7fe0b80b3000-7fe0bc000000 ---p 00000000 00:00 0 
7fe0bc000000-7fe0bc53f000 rw-p 00000000 00:00 0 
7fe0bc53f000-7fe0c0000000 ---p 00000000 00:00 0 
7fe0c0002000-7fe0c0004000 r--s 00016000 ca:01 286312                     /usr/lib/jvm/java-8-openjdk-amd64/jre/lib/jce.jar
7fe0c0004000-7fe0c0017000 r--s 00346000 ca:01 286377                     /usr/lib/jvm/java-8-openjdk-amd64/jre/lib/resources.jar
7fe0c0017000-7fe0c001a000 ---p 00000000 00:00 0 
7fe0c001a000-7fe0c0118000 rw-p 00000000 00:00 0 
7fe0c0118000-7fe0c011b000 r--s 00015000 ca:01 261533                     /home/ubuntu/spark-2.1.1-bin-hadoop2.7/jars/javax.servlet-api-3.1.0.jar
7fe0c011b000-7fe0c0147000 r--s 001c9000 ca:01 261798                     /home/ubuntu/spark-2.1.1-bin-hadoop2.7/jars/shapeless_2.11-2.0.0.jar
7fe0c0147000-7fe0c0152000 r--s 000b0000 ca:01 261731                     /home/ubuntu/spark-2.1.1-bin-hadoop2.7/jars/jtransforms-2.4.0.jar
7fe0c0152000-7fe0c0158000 r--s 00043000 ca:01 261858                     /home/ubuntu/spark-2.1.1-bin-hadoop2.7/jars/commons-configuration-1.6.jar
7fe0c0158000-7fe0c015c000 r--s 00019000 ca:01 261784                     /home/ubuntu/spark-2.1.1-bin-hadoop2.7/jars/javax.ws.rs-api-2.0.1.jar
7fe0c015c000-7fe0c015e000 r--s 00009000 ca:01 261839                     /home/ubuntu/spark-2.1.1-bin-hadoop2.7/jars/commons-cli-1.2.jar
7fe0c015e000-7fe0c0168000 r--s 00095000 ca:01 261728                     /home/ubuntu/spark-2.1.1-bin-hadoop2.7/jars/scala-xml_2.11-1.0.2.jar
7fe0c0168000-7fe0c016d000 r--s 00031000 ca:01 261744                     /home/ubuntu/spark-2.1.1-bin-hadoop2.7/jars/parquet-hadoop-1.8.1.jar
7fe0c016d000-7fe0c0171000 r--s 00020000 ca:01 261720                     /home/ubuntu/spark-2.1.1-bin-hadoop2.7/jars/commons-digester-1.8.jar
7fe0c0171000-7fe0c0173000 r--s 00027000 ca:01 261790                     /home/ubuntu/spark-2.1.1-bin-hadoop2.7/jars/core-1.1.2.jar
7fe0c0173000-7fe0c018a000 r--s 00183000 ca:01 261753                     /home/ubuntu/spark-2.1.1-bin-hadoop2.7/jars/hadoop-yarn-common-2.7.3.jar
7fe0c018a000-7fe0c018b000 r--s 00004000 ca:01 261711                     /home/ubuntu/spark-2.1.1-bin-hadoop2.7/jars/eigenbase-properties-1.1.5.jar
7fe0c018b000-7fe0c0191000 r--s 00044000 ca:01 261763                     /home/ubuntu/spark-2.1.1-bin-hadoop2.7/jars/antlr4-runtime-4.5.3.jar
7fe0c0191000-7fe0c0193000 r--s 0000b000 ca:01 261840                     /home/ubuntu/spark-2.1.1-bin-hadoop2.7/jars/chill-java-0.8.0.jar
7fe0c0193000-7fe0c019d000 r--s 00086000 ca:01 261718                     /home/ubuntu/spark-2.1.1-bin-hadoop2.7/jars/json4s-core_2.11-3.2.11.jar
7fe0c019d000-7fe0c019f000 r--s 0000f000 ca:01 261566                     /home/ubuntu/spark-2.1.1-bin-hadoop2.7/jars/activation-1.1.1.jar
7fe0c019f000-7fe0c01a3000 r--s 00031000 ca:01 261583                     /home/ubuntu/spark-2.1.1-bin-hadoop2.7/jars/jline-2.12.1.jar
7fe0c01a3000-7fe0c01a9000 r--s 00028000 ca:01 261745                     /home/ubuntu/spark-2.1.1-bin-hadoop2.7/jars/curator-framework-2.6.0.jar
7fe0c01a9000-7fe0c01b6000 r--s 000b1000 ca:01 261545                     /home/ubuntu/spark-2.1.1-bin-hadoop2.7/jars/hadoop-mapreduce-client-common-2.7.3.jar
7fe0c01b6000-7fe0c01b8000 r--s 00009000 ca:01 261758                     /home/ubuntu/spark-2.1.1-bin-hadoop2.7/jars/jackson-module-paranamer-2.6.5.jar
7fe0c01b8000-7fe0c01b9000 r--s 00009000 ca:01 261845                     /home/ubuntu/spark-2.1.1-bin-hadoop2.7/jars/slf4j-api-1.7.16.jar
7fe0c01b9000-7fe0c01ba000 r--s 00004000 ca:01 261710                     /home/ubuntu/spark-2.1.1-bin-hadoop2.7/jars/jackson-jaxrs-1.9.13.jar
7fe0c01ba000-7fe0c01bc000 r--s 00012000 ca:01 261803                     /home/ubuntu/spark-2.1.1-bin-hadoop2.7/jars/api-util-1.0.0-M20.jar
7fe0c01bc000-7fe0c01c4000 r--s 00066000 ca:01 261732                     /home/ubuntu/spark-2.1.1-bin-hadoop2.7/jars/apache-log4j-extras-1.2.17.jar
7fe0c01c4000-7fe0c01c6000 r--s 00004000 ca:01 261587                     /home/ubuntu/spark-2.1.1-bin-hadoop2.7/jars/stax-api-1.0-2.jar
7fe0c01c6000-7fe0c01d4000 r--s 00078000 ca:01 261756                     /home/ubuntu/spark-2.1.1-bin-hadoop2.7/jars/spark-mesos_2.11-2.1.1.jar
7fe0c01d4000-7fe0c0202000 r--s 00212000 ca:01 261712                     /home/ubuntu/spark-2.1.1-bin-hadoop2.7/jars/spark-network-common_2.11-2.1.1.jar
7fe0c0202000-7fe0c020a000 r--s 0006e000 ca:01 261765                     /home/ubuntu/spark-2.1.1-bin-hadoop2.7/jars/commons-lang3-3.5.jar
7fe0c020a000-7fe0c0220000 r--s 001a4000 ca:01 261613                     /home/ubuntu/spark-2.1.1-bin-hadoop2.7/jars/datanucleus-rdbms-3.2.9.jar
7fe0c0220000-7fe0c0231000 r--s 0010d000 ca:01 261714                     /home/ubuntu/spark-2.1.1-bin-hadoop2.7/jars/jackson-databind-2.6.5.jar
7fe0c0231000-7fe0c0233000 r--s 0000a000 ca:01 261612                     /home/ubuntu/spark-2.1.1-bin-hadoop2.7/jars/spark-unsafe_2.11-2.1.1.jar
7fe0c0233000-7fe0c0257000 r--s 001cd000 ca:01 261855                     /home/ubuntu/spark-2.1.1-bin-hadoop2.7/jars/commons-math3-3.4.1.jar
7fe0c0257000-7fe0c025f000 r--s 00059000 ca:01 261611                     /home/ubuntu/spark-2.1.1-bin-hadoop2.7/jars/javolution-5.5.1.jar
7fe0c025f000-7fe0c02d3000 r--s 00574000 ca:01 261739                     /home/ubuntu/spark-2.1.1-bin-hadoop2.7/jars/spark-mllib_2.11-2.1.1.jar
7fe0c02d3000-7fe0c035e000 r--s 0069e000 ca:01 261713                     /home/ubuntu/spark-2.1.1-bin-hadoop2.7/jars/spark-catalyst_2.11-2.1.1.jar
7fe0c035e000-7fe0c0362000 r--s 00028000 ca:01 261573                     /home/ubuntu/spark-2.1.1-bin-hadoop2.7/jars/jetty-util-6.1.26.jar
7fe0c0362000-7fe0c0365000 r--s 00006000 ca:01 261721                     /home/ubuntu/spark-2.1.1-bin-hadoop2.7/jars/jsr305-1.3.9.jar
7fe0c0365000-7fe0c036c000 r--s 0005d000 ca:01 261793                     /home/ubuntu/spark-2.1.1-bin-hadoop2.7/jars/mx4j-3.0.2.jar
7fe0c036c000-7fe0c036e000 r--s 0000e000 ca:01 261821                     /home/ubuntu/spark-2.1.1-bin-hadoop2.7/jars/guice-servlet-3.0.jar
7fe0c036e000-7fe0c0376000 r--s 0007b000 ca:01 261737                     /home/ubuntu/spark-2.1.1-bin-hadoop2.7/jars/protobuf-java-2.5.0.jar
7fe0c0376000-7fe0c0377000 r--s 00009000 ca:01 261830                     /home/ubuntu/spark-2.1.1-bin-hadoop2.7/jars/hive-cli-1.2.1.spark2.jar
7fe0c0377000-7fe0c037b000 r--s 0002a000 ca:01 261747                     /home/ubuntu/spark-2.1.1-bin-hadoop2.7/jars/commons-io-2.4.jar
7fe0c037b000-7fe0c037c000 r--s 00003000 ca:01 261568                     /home/ubuntu/spark-2.1.1-bin-hadoop2.7/jars/jta-1.1.jar
7fe0c037c000-7fe0c037f000 r--s 00009000 ca:01 261751                     /home/ubuntu/spark-2.1.1-bin-hadoop2.7/jars/jackson-annotations-2.6.5.jar
7fe0c037f000-7fe0c039a000 r--s 001d8000 ca:01 261572                     /home/ubuntu/spark-2.1.1-bin-hadoop2.7/jars/jets3t-0.9.3.jar
7fe0c039a000-7fe0c039f000 r--s 0002a000 ca:01 261576                     /home/ubuntu/spark-2.1.1-bin-hadoop2.7/jars/commons-beanutils-1.7.0.jar
7fe0c039f000-7fe0c03a1000 r--s 00006000 ca:01 261588                     /home/ubuntu/spark-2.1.1-bin-hadoop2.7/jars/paranamer-2.3.jar
7fe0c03a1000-7fe0c03a5000 r--s 0002c000 ca:01 261748                     /home/ubuntu/spark-2.1.1-bin-hadoop2.7/jars/avro-ipc-1.7.7.jar
7fe0c03a5000-7fe0c03a6000 r--s 00003000 ca:01 261594                     /home/ubuntu/spark-2.1.1-bin-hadoop2.7/jars/xmlenc-0.52.jar
7fe0c03a6000-7fe0c03c3000 r--s 001d5000 ca:01 261860                     /home/ubuntu/spark-2.1.1-bin-hadoop2.7/jars/hadoop-yarn-api-2.7.3.jar
7fe0c03c3000-7fe0c03c4000 r--s 00004000 ca:01 261716                     /home/ubuntu/spark-2.1.1-bin-hadoop2.7/jars/opencsv-2.3.jar
7fe0c03c4000-7fe0c03c8000 r--s 00014000 ca:01 261856                     /home/ubuntu/spark-2.1.1-bin-hadoop2.7/jars/xz-1.0.jar
7fe0c03c8000-7fe0c03cb000 r--s 000fd000 ca:01 261604                     /home/ubuntu/spark-2.1.1-bin-hadoop2.7/jars/leveldbjni-all-1.8.jar
7fe0c03cb000-7fe0c03d1000 r--s 00063000 ca:01 261849                     /home/ubuntu/spark-2.1.1-bin-hadoop2.7/jars/jodd-core-3.5.2.jar
7fe0c03d1000-7fe0c03d5000 r--s 00030000 ca:01 261532                     /home/ubuntu/spark-2.1.1-bin-hadoop2.7/jars/commons-net-2.2.jar
7fe0c03d5000-7fe0c03d9000 r--s 00028000 ca:01 261608                     /home/ubuntu/spark-2.1.1-bin-hadoop2.7/jars/spark-mllib-local_2.11-2.1.1.jar
7fe0c03d9000-7fe0c03e0000 r--s 0007d000 ca:01 261722                     /home/ubuntu/spark-2.1.1-bin-hadoop2.7/jars/jetty-6.1.26.jar
7fe0c03e0000-7fe0c03e3000 r--s 0002f000 ca:01 261546                     /home/ubuntu/spark-2.1.1-bin-hadoop2.7/jars/RoaringBitmap-0.5.11.jar
7fe0c03e3000-7fe0c03e4000 r--s 00004000 ca:01 261866                     /home/ubuntu/spark-2.1.1-bin-hadoop2.7/jars/osgi-resource-locator-1.0.1.jar
7fe0c03e4000-7fe0c0405000 r--s 0019b000 ca:01 261796                     /home/ubuntu/spark-2.1.1-bin-hadoop2.7/jars/spark-hive-thriftserver_2.11-2.1.1.jar
7fe0c0405000-7fe0c040a000 r--s 00041000 ca:01 261740                     /home/ubuntu/spark-2.1.1-bin-hadoop2.7/jars/commons-lang-2.6.jar
7fe0c040a000-7fe0c040c000 r--s 00020000 ca:01 261749                     /home/ubuntu/spark-2.1.1-bin-hadoop2.7/jars/hive-beeline-1.2.1.spark2.jar
7fe0c040c000-7fe0c0413000 r--s 00049000 ca:01 261736                     /home/ubuntu/spark-2.1.1-bin-hadoop2.7/jars/httpcore-4.4.4.jar
7fe0c0413000-7fe0c0415000 r--s 00014000 ca:01 261717                     /home/ubuntu/spark-2.1.1-bin-hadoop2.7/jars/spire-macros_2.11-0.7.4.jar
7fe0c0415000-7fe0c0416000 r--s 00001000 ca:01 261621                     /home/ubuntu/spark-2.1.1-bin-hadoop2.7/jars/pmml-schema-1.2.15.jar
7fe0c0416000-7fe0c041f000 r--s 00062000 ca:01 261580                     /home/ubuntu/spark-2.1.1-bin-hadoop2.7/jars/avro-1.7.7.jar
7fe0c041f000-7fe0c0421000 r--s 00003000 ca:01 261733                     /home/ubuntu/spark-2.1.1-bin-hadoop2.7/jars/jcl-over-slf4j-1.7.16.jar
7fe0c0421000-7fe0c04f1000 r--s 00cf0000 ca:01 261540                     /home/ubuntu/spark-2.1.1-bin-hadoop2.7/jars/breeze_2.11-0.12.jar
7fe0c04f1000-7fe0c04f2000 r--s 00002000 ca:01 261619                     /home/ubuntu/spark-2.1.1-bin-hadoop2.7/jars/slf4j-log4j12-1.7.16.jar
7fe0c04f2000-7fe0c04f4000 r--s 00006000 ca:01 261578                     /home/ubuntu/spark-2.1.1-bin-hadoop2.7/jars/spark-sketch_2.11-2.1.1.jar
7fe0c04f4000-7fe0c04f9000 r--s 00068000 ca:01 261791                     /home/ubuntu/spark-2.1.1-bin-hadoop2.7/jars/antlr-2.7.7.jar
7fe0c04f9000-7fe0c04fb000 r--s 00000000 ca:01 261759                     /home/ubuntu/spark-2.1.1-bin-hadoop2.7/jars/aopalliance-1.0.jar
7fe0c04fb000-7fe0c04fd000 r--s 00012000 ca:01 261730                     /home/ubuntu/spark-2.1.1-bin-hadoop2.7/jars/compress-lzf-1.0.3.jar
7fe0c04fd000-7fe0c050a000 r--s 0009e000 ca:01 261822                     /home/ubuntu/spark-2.1.1-bin-hadoop2.7/jars/spark-graphx_2.11-2.1.1.jar
7fe0c050a000-7fe0c050f000 r--s 00028000 ca:01 261841                     /home/ubuntu/spark-2.1.1-bin-hadoop2.7/jars/avro-mapred-1.7.7-hadoop2.jar
7fe0c050f000-7fe0c0525000 r--s 00124000 ca:01 261833                     /home/ubuntu/spark-2.1.1-bin-hadoop2.7/jars/ivy-2.4.0.jar
7fe0c0525000-7fe0c052d000 r--s 00078000 ca:01 261805                     /home/ubuntu/spark-2.1.1-bin-hadoop2.7/jars/mail-1.4.7.jar
7fe0c052d000-7fe0c0532000 r--s 0004e000 ca:01 261582                     /home/ubuntu/spark-2.1.1-bin-hadoop2.7/jars/datanucleus-api-jdo-3.2.6.jar
7fe0c0532000-7fe0c060a000 r--s 00a88000 ca:01 261543                     /home/ubuntu/spark-2.1.1-bin-hadoop2.7/jars/spark-core_2.11-2.1.1.jar
7fe0c060a000-7fe0c0622000 r--s 001b6000 ca:01 261569                     /home/ubuntu/spark-2.1.1-bin-hadoop2.7/jars/datanucleus-core-3.2.10.jar
7fe0c0622000-7fe0c0636000 r--s 000ec000 ca:01 261539                     /home/ubuntu/spark-2.1.1-bin-hadoop2.7/jars/parquet-jackson-1.8.1.jar
7fe0c0636000-7fe0c0638000 r--s 0000e000 ca:01 261785                     /home/ubuntu/spark-2.1.1-bin-hadoop2.7/jars/hadoop-mapreduce-client-jobclient-2.7.3.jar
7fe0c0638000-7fe0c063a000 r--s 0000e000 ca:01 261536                     /home/ubuntu/spark-2.1.1-bin-hadoop2.7/jars/oro-2.0.8.jar
7fe0c063a000-7fe0c063c000 r--s 00003000 ca:01 261826                     /home/ubuntu/spark-2.1.1-bin-hadoop2.7/jars/JavaEWAH-0.3.2.jar
7fe0c063c000-7fe0c063e000 r--s 0000f000 ca:01 261757                     /home/ubuntu/spark-2.1.1-bin-hadoop2.7/jars/spark-launcher_2.11-2.1.1.jar
7fe0c063e000-7fe0c0660000 r--s 00335000 ca:01 261750                     /home/ubuntu/spark-2.1.1-bin-hadoop2.7/jars/mesos-1.0.0-shaded-protobuf.jar
7fe0c0660000-7fe0c0661000 r--s 00001000 ca:01 261610                     /home/ubuntu/spark-2.1.1-bin-hadoop2.7/jars/minlog-1.3.0.jar
7fe0c0661000-7fe0c0664000 r--s 0001a000 ca:01 261834                     /home/ubuntu/spark-2.1.1-bin-hadoop2.7/jars/py4j-0.10.4.jar
7fe0c0664000-7fe0c0665000 r--s 00009000 ca:01 261601                     /home/ubuntu/spark-2.1.1-bin-hadoop2.7/jars/json4s-jackson_2.11-3.2.11.jar
7fe0c0665000-7fe0c0667000 r--s 0000d000 ca:01 261725                     /home/ubuntu/spark-2.1.1-bin-hadoop2.7/jars/hadoop-yarn-server-web-proxy-2.7.3.jar
7fe0c0667000-7fe0c06ca000 r--s 004de000 ca:01 261719                     /home/ubuntu/spark-2.1.1-bin-hadoop2.7/jars/hive-metastore-1.2.1.spark2.jar
7fe0c06ca000-7fe0c06d1000 r--s 00039000 ca:01 261727                     /home/ubuntu/spark-2.1.1-bin-hadoop2.7/jars/calcite-avatica-1.2.0-incubating.jar
7fe0c06d1000-7fe0c06d8000 r--s 0003f000 ca:01 261603                     /home/ubuntu/spark-2.1.1-bin-hadoop2.7/jars/commons-codec-1.10.jar
7fe0c06d8000-7fe0c06da000 r--s 00100000 ca:01 261842                     /home/ubuntu/spark-2.1.1-bin-hadoop2.7/jars/snappy-java-1.1.2.6.jar
7fe0c06da000-7fe0c06de000 r--s 00029000 ca:01 261591                     /home/ubuntu/spark-2.1.1-bin-hadoop2.7/jars/hk2-locator-2.4.0-b34.jar
7fe0c06de000-7fe0c06e1000 r--s 0000d000 ca:01 261742                     /home/ubuntu/spark-2.1.1-bin-hadoop2.7/jars/spark-network-shuffle_2.11-2.1.1.jar
7fe0c06e1000-7fe0c06e2000 r--s 00006000 ca:01 261788                     /home/ubuntu/spark-2.1.1-bin-hadoop2.7/jars/jackson-xc-1.9.13.jar
7fe0c06e2000-7fe0c06f8000 r--s 000d1000 ca:01 261585                     /home/ubuntu/spark-2.1.1-bin-hadoop2.7/jars/parquet-column-1.8.1.jar
7fe0c06f8000-7fe0c071d000 rw-p 00000000 00:00 0 
7fe0c071d000-7fe0c0829000 r--s 00dba000 ca:01 261859                     /home/ubuntu/spark-2.1.1-bin-hadoop2.7/jars/scala-compiler-2.11.8.jar
7fe0c0829000-7fe0c082a000 r--s 00002000 ca:01 261764                     /home/ubuntu/spark-2.1.1-bin-hadoop2.7/jars/jpam-1.1.jar
7fe0c082a000-7fe0c0839000 r--s 0009f000 ca:01 261734                     /home/ubuntu/spark-2.1.1-bin-hadoop2.7/jars/guice-3.0.jar
7fe0c0839000-7fe0c0852000 r--s 00150000 ca:01 261626                     /home/ubuntu/spark-2.1.1-bin-hadoop2.7/jars/htrace-core-3.1.0-incubating.jar
7fe0c0852000-7fe0c0868000 r--s 000d3000 ca:01 261625                     /home/ubuntu/spark-2.1.1-bin-hadoop2.7/jars/jersey-server-2.22.2.jar
7fe0c0868000-7fe0c086a000 r--s 00008000 ca:01 261581                     /home/ubuntu/spark-2.1.1-bin-hadoop2.7/jars/parquet-common-1.8.1.jar
7fe0c086a000-7fe0c086c000 r--s 00002000 ca:01 261606                     /home/ubuntu/spark-2.1.1-bin-hadoop2.7/jars/aopalliance-repackaged-2.4.0-b34.jar
7fe0c086c000-7fe0c0870000 r--s 0003c000 ca:01 261854                     /home/ubuntu/spark-2.1.1-bin-hadoop2.7/jars/jackson-core-2.6.5.jar
7fe0c0870000-7fe0c087b000 r--s 00062000 ca:01 261729                     /home/ubuntu/spark-2.1.1-bin-hadoop2.7/jars/calcite-linq4j-1.2.0-incubating.jar
7fe0c087b000-7fe0c08b1000 r--s 0031c000 ca:01 261565                     /home/ubuntu/spark-2.1.1-bin-hadoop2.7/jars/hadoop-common-2.7.3.jar
7fe0c08b1000-7fe0c08b5000 r--s 0001a000 ca:01 261579                     /home/ubuntu/spark-2.1.1-bin-hadoop2.7/jars/hk2-utils-2.4.0-b34.jar
7fe0c08b5000-7fe0c08c1000 r--s 000b6000 ca:01 261831                     /home/ubuntu/spark-2.1.1-bin-hadoop2.7/jars/zookeeper-3.4.6.jar
7fe0c08c1000-7fe0c08c7000 r--s 00040000 ca:01 261709                     /home/ubuntu/spark-2.1.1-bin-hadoop2.7/jars/parquet-encoding-1.8.1.jar
7fe0c08c7000-7fe0c08cc000 r--s 00036000 ca:01 261574                     /home/ubuntu/spark-2.1.1-bin-hadoop2.7/jars/commons-compress-1.4.1.jar
7fe0c08cc000-7fe0c08f9000 r--s 001d4000 ca:01 261863                     /home/ubuntu/spark-2.1.1-bin-hadoop2.7/jars/spark-streaming_2.11-2.1.1.jar
7fe0c08f9000-7fe0c08fc000 r--s 00022000 ca:01 261806                     /home/ubuntu/spark-2.1.1-bin-hadoop2.7/jars/stringtemplate-3.2.1.jar
7fe0c08fc000-7fe0c0903000 r--s 00036000 ca:01 261624                     /home/ubuntu/spark-2.1.1-bin-hadoop2.7/jars/curator-recipes-2.6.0.jar
7fe0c0903000-7fe0c0907000 r--s 00029000 ca:01 261548                     /home/ubuntu/spark-2.1.1-bin-hadoop2.7/jars/breeze-macros_2.11-0.12.jar
7fe0c0907000-7fe0c090b000 r--s 00036000 ca:01 261851                     /home/ubuntu/spark-2.1.1-bin-hadoop2.7/jars/ST4-4.0.4.jar
7fe0c090b000-7fe0c090f000 r--s 00018000 ca:01 261584                     /home/ubuntu/spark-2.1.1-bin-hadoop2.7/jars/metrics-core-3.1.2.jar
7fe0c090f000-7fe0c091d000 r--s 000b1000 ca:01 261754                     /home/ubuntu/spark-2.1.1-bin-hadoop2.7/jars/jackson-mapper-asl-1.9.13.jar
7fe0c091d000-7fe0c092d000 r--s 000a0000 ca:01 261599                     /home/ubuntu/spark-2.1.1-bin-hadoop2.7/jars/spark-yarn_2.11-2.1.1.jar
7fe0c092d000-7fe0c092e000 r--s 00003000 ca:01 261590                     /home/ubuntu/spark-2.1.1-bin-hadoop2.7/jars/spark-tags_2.11-2.1.1.jar
7fe0c092e000-7fe0c0940000 r--s 00097000 ca:01 261804                     /home/ubuntu/spark-2.1.1-bin-hadoop2.7/jars/apacheds-kerberos-codec-2.0.0-M15.jar
7fe0c0940000-7fe0c0943000 r--s 00017000 ca:01 261800                     /home/ubuntu/spark-2.1.1-bin-hadoop2.7/jars/jaxb-api-2.2.2.jar
7fe0c0943000-7fe0c0945000 r--s 00009000 ca:01 261848                     /home/ubuntu/spark-2.1.1-bin-hadoop2.7/jars/objenesis-2.1.jar
7fe0c0945000-7fe0c09b0000 r--s 00784000 ca:01 261535                     /home/ubuntu/spark-2.1.1-bin-hadoop2.7/jars/hadoop-hdfs-2.7.3.jar
7fe0c09b0000-7fe0c09b2000 r--s 00010000 ca:01 261752                     /home/ubuntu/spark-2.1.1-bin-hadoop2.7/jars/jersey-media-jaxb-2.22.2.jar
7fe0c09b2000-7fe0c09bf000 r--s 00083000 ca:01 261598                     /home/ubuntu/spark-2.1.1-bin-hadoop2.7/jars/commons-collections-3.2.2.jar
7fe0c09bf000-7fe0c09c6000 r--s 00051000 ca:01 261542                     /home/ubuntu/spark-2.1.1-bin-hadoop2.7/jars/kryo-shaded-3.0.3.jar
7fe0c09c6000-7fe0c09fd000 r--s 00325000 ca:01 261802                     /home/ubuntu/spark-2.1.1-bin-hadoop2.7/jars/calcite-core-1.2.0-incubating.jar
7fe0c09fd000-7fe0c0a00000 r--s 00012000 ca:01 261602                     /home/ubuntu/spark-2.1.1-bin-hadoop2.7/jars/json4s-ast_2.11-3.2.11.jar
7fe0c0a00000-7fe0c0a02000 r--s 0000e000 ca:01 261794                     /home/ubuntu/spark-2.1.1-bin-hadoop2.7/jars/commons-logging-1.1.3.jar
7fe0c0a02000-7fe0c0aab000 r--s 00a4f000 ca:01 261801                     /home/ubuntu/spark-2.1.1-bin-hadoop2.7/jars/hive-exec-1.2.1.spark2.jar
7fe0c0aab000-7fe0c0aac000 r--s 0000b000 ca:01 261631                     /home/ubuntu/spark-2.1.1-bin-hadoop2.7/jars/snappy-0.2.jar
7fe0c0aac000-7fe0c0aaf000 r--s 00028000 ca:01 261541                     /home/ubuntu/spark-2.1.1-bin-hadoop2.7/jars/stream-2.7.0.jar
7fe0c0aaf000-7fe0c0ae3000 r--s 00277000 ca:01 261592                     /home/ubuntu/spark-2.1.1-bin-hadoop2.7/jars/parquet-hadoop-bundle-1.6.0.jar
7fe0c0ae3000-7fe0c0ae7000 r--s 0000c000 ca:01 261617                     /home/ubuntu/spark-2.1.1-bin-hadoop2.7/jars/validation-api-1.1.0.Final.jar
7fe0c0ae7000-7fe0c0b10000 r--s 001ee000 ca:01 261862                     /home/ubuntu/spark-2.1.1-bin-hadoop2.7/jars/guava-14.0.1.jar
7fe0c0b10000-7fe0c0b1d000 r--s 00071000 ca:01 261832                     /home/ubuntu/spark-2.1.1-bin-hadoop2.7/jars/jackson-module-scala_2.11-2.6.5.jar
7fe0c0b1d000-7fe0c0b36000 r--s 00114000 ca:01 261577                     /home/ubuntu/spark-2.1.1-bin-hadoop2.7/jars/spark-hive_2.11-2.1.1.jar
7fe0c0b36000-7fe0c0b4e000 r--s 00115000 ca:01 261824                     /home/ubuntu/spark-2.1.1-bin-hadoop2.7/jars/netty-3.8.0.Final.jar
7fe0c0b4e000-7fe0c0ba7000 r--s 00522000 ca:01 261865                     /home/ubuntu/spark-2.1.1-bin-hadoop2.7/jars/scala-library-2.11.8.jar
7fe0c0ba7000-7fe0c0bae000 r--s 00049000 ca:01 261852                     /home/ubuntu/spark-2.1.1-bin-hadoop2.7/jars/univocity-parsers-2.2.1.jar
7fe0c0bae000-7fe0c0bfa000 r--s 00411000 ca:01 261857                     /home/ubuntu/spark-2.1.1-bin-hadoop2.7/jars/scala-reflect-2.11.8.jar
7fe0c0bfa000-7fe0c0c08000 r--s 0009d000 ca:01 261614                     /home/ubuntu/spark-2.1.1-bin-hadoop2.7/jars/jersey-common-2.22.2.jar
7fe0c0c08000-7fe0c0c12000 r--s 000aa000 ca:01 261762                     /home/ubuntu/spark-2.1.1-bin-hadoop2.7/jars/janino-3.0.0.jar
7fe0c0c12000-7fe0c0c13000 r--s 00008000 ca:01 261844                     /home/ubuntu/spark-2.1.1-bin-hadoop2.7/jars/commons-compiler-3.0.0.jar
7fe0c0c13000-7fe0c0c1c000 r--s 00097000 ca:01 261837                     /home/ubuntu/spark-2.1.1-bin-hadoop2.7/jars/pmml-model-1.2.15.jar
7fe0c0c1c000-7fe0c0c1e000 r--s 00005000 ca:01 261741                     /home/ubuntu/spark-2.1.1-bin-hadoop2.7/jars/stax-api-1.0.1.jar
7fe0c0c1e000-7fe0c0c22000 r--s 00035000 ca:01 261597                     /home/ubuntu/spark-2.1.1-bin-hadoop2.7/jars/jackson-core-asl-1.9.13.jar
7fe0c0c22000-7fe0c0c25000 r--s 00019000 ca:01 261530                     /home/ubuntu/spark-2.1.1-bin-hadoop2.7/jars/bonecp-0.8.0.RELEASE.jar
7fe0c0c25000-7fe0c0c27000 r--s 00038000 ca:01 261789                     /home/ubuntu/spark-2.1.1-bin-hadoop2.7/jars/lz4-1.3.0.jar
7fe0c0c27000-7fe0c0c40000 r--s 00164000 ca:01 261738                     /home/ubuntu/spark-2.1.1-bin-hadoop2.7/jars/hadoop-mapreduce-client-core-2.7.3.jar
7fe0c0c40000-7fe0c0c43000 r--s 00026000 ca:01 261792                     /home/ubuntu/spark-2.1.1-bin-hadoop2.7/jars/hadoop-yarn-client-2.7.3.jar
7fe0c0c43000-7fe0c0c45000 r--s 00017000 ca:01 261607                     /home/ubuntu/spark-2.1.1-bin-hadoop2.7/jars/hive-jdbc-1.2.1.spark2.jar
7fe0c0c45000-7fe0c0cc6000 r--s 005d9000 ca:01 261746                     /home/ubuntu/spark-2.1.1-bin-hadoop2.7/jars/spark-sql_2.11-2.1.1.jar
7fe0c0cc6000-7fe0c0cc7000 r--s 00006000 ca:01 261755                     /home/ubuntu/spark-2.1.1-bin-hadoop2.7/jars/hadoop-client-2.7.3.jar
7fe0c0cc7000-7fe0c0cce000 r--s 00058000 ca:01 261609                     /home/ubuntu/spark-2.1.1-bin-hadoop2.7/jars/hadoop-yarn-server-common-2.7.3.jar
7fe0c0cce000-7fe0c0ccf000 r--s 0000a000 ca:01 261616                     /home/ubuntu/spark-2.1.1-bin-hadoop2.7/jars/apacheds-i18n-2.0.0-M15.jar
7fe0c0ccf000-7fe0c0cd0000 r--s 00000000 ca:01 261600                     /home/ubuntu/spark-2.1.1-bin-hadoop2.7/jars/javax.inject-1.jar
7fe0c0cd0000-7fe0c0cd6000 r--s 00045000 ca:01 261605                     /home/ubuntu/spark-2.1.1-bin-hadoop2.7/jars/commons-httpclient-3.1.jar
7fe0c0cd6000-7fe0c0ce3000 r--s 000a7000 ca:01 261627                     /home/ubuntu/spark-2.1.1-bin-hadoop2.7/jars/httpclient-4.5.2.jar
7fe0c0ce3000-7fe0c0ce5000 r--s 0001f000 ca:01 261825                     /home/ubuntu/spark-2.1.1-bin-hadoop2.7/jars/commons-crypto-1.0.0.jar
7fe0c0ce5000-7fe0c0cea000 r--s 0002a000 ca:01 261735                     /home/ubuntu/spark-2.1.1-bin-hadoop2.7/jars/gson-2.2.4.jar
7fe0c0cea000-7fe0c0d2a000 r--s 00277000 ca:01 261767                     /home/ubuntu/spark-2.1.1-bin-hadoop2.7/jars/bcprov-jdk15on-1.51.jar
7fe0c0d2a000-7fe0c0d2d000 r--s 00016000 ca:01 261593                     /home/ubuntu/spark-2.1.1-bin-hadoop2.7/jars/jsp-api-2.1.jar
7fe0c0d2d000-7fe0c0d2e000 r--s 00001000 ca:01 261838                     /home/ubuntu/spark-2.1.1-bin-hadoop2.7/jars/javax.inject-2.4.0-b34.jar
7fe0c0d2e000-7fe0c0d2f000 r--s 00002000 ca:01 261586                     /home/ubuntu/spark-2.1.1-bin-hadoop2.7/jars/java-xmlbuilder-1.0.jar
7fe0c0d2f000-7fe0c0d31000 r--s 00015000 ca:01 261547                     /home/ubuntu/spark-2.1.1-bin-hadoop2.7/jars/hadoop-auth-2.7.3.jar
7fe0c0d31000-7fe0c0d35000 r--s 0002f000 ca:01 261795                     /home/ubuntu/spark-2.1.1-bin-hadoop2.7/jars/commons-beanutils-core-1.8.0.jar
7fe0c0d35000-7fe0c0d64000 r--s 002e5000 ca:01 261846                     /home/ubuntu/spark-2.1.1-bin-hadoop2.7/jars/derby-10.12.1.1.jar
7fe0c0d64000-7fe0c0d66000 r--s 00008000 ca:01 261544                     /home/ubuntu/spark-2.1.1-bin-hadoop2.7/jars/metrics-jvm-3.1.2.jar
7fe0c0d66000-7fe0c0d69000 r--s 00015000 ca:01 261723                     /home/ubuntu/spark-2.1.1-bin-hadoop2.7/jars/pyrolite-4.13.jar
7fe0c0d69000-7fe0c0d6b000 r--s 0000e000 ca:01 261760                     /home/ubuntu/spark-2.1.1-bin-hadoop2.7/jars/spark-repl_2.11-2.1.1.jar
7fe0c0d6b000-7fe0c0d74000 r--s 0006f000 ca:01 261724                     /home/ubuntu/spark-2.1.1-bin-hadoop2.7/jars/log4j-1.2.17.jar
7fe0c0d74000-7fe0c0d78000 r--s 00025000 ca:01 261850                     /home/ubuntu/spark-2.1.1-bin-hadoop2.7/jars/jersey-client-2.22.2.jar
7fe0c0d78000-7fe0c0d7f000 r--s 00058000 ca:01 261589                     /home/ubuntu/spark-2.1.1-bin-hadoop2.7/jars/parquet-format-2.3.0-incubating.jar
7fe0c0d7f000-7fe0c0d81000 r--s 00003000 ca:01 261615                     /home/ubuntu/spark-2.1.1-bin-hadoop2.7/jars/api-asn1-api-1.0.0-M20.jar
7fe0c0d81000-7fe0c0d8b000 r--s 0007b000 ca:01 261847                     /home/ubuntu/spark-2.1.1-bin-hadoop2.7/jars/hadoop-mapreduce-client-app-2.7.3.jar
7fe0c0d8b000-7fe0c0d8e000 r--s 0000e000 ca:01 261575                     /home/ubuntu/spark-2.1.1-bin-hadoop2.7/jars/jersey-container-servlet-core-2.22.2.jar
7fe0c0d8e000-7fe0c0d92000 r--s 00025000 ca:01 261538                     /home/ubuntu/spark-2.1.1-bin-hadoop2.7/jars/antlr-runtime-3.4.jar
7fe0c0d92000-7fe0c0da3000 r--s 00089000 ca:01 261623                     /home/ubuntu/spark-2.1.1-bin-hadoop2.7/jars/joda-time-2.9.3.jar
7fe0c0da3000-7fe0c0da5000 r--s 00005000 ca:01 261743                     /home/ubuntu/spark-2.1.1-bin-hadoop2.7/jars/javax.annotation-api-1.2.jar
7fe0c0da5000-7fe0c0daa000 r--s 00032000 ca:01 261864                     /home/ubuntu/spark-2.1.1-bin-hadoop2.7/jars/chill_2.11-0.8.0.jar
7fe0c0daa000-7fe0c0db5000 r--s 0005d000 ca:01 261853                     /home/ubuntu/spark-2.1.1-bin-hadoop2.7/jars/scala-parser-combinators_2.11-1.0.4.jar
7fe0c0db5000-7fe0c0dc7000 r--s 00112000 ca:01 261835                     /home/ubuntu/spark-2.1.1-bin-hadoop2.7/jars/arpack_combined_all-0.1.jar
7fe0c0dc7000-7fe0c0ddf000 r--s 000d6000 ca:01 261571                     /home/ubuntu/spark-2.1.1-bin-hadoop2.7/jars/jersey-guava-2.22.2.jar
7fe0c0ddf000-7fe0c0de5000 r--s 0002c000 ca:01 261828                     /home/ubuntu/spark-2.1.1-bin-hadoop2.7/jars/jdo-api-3.0.1.jar
7fe0c0de5000-7fe0c0dec000 r--s 00046000 ca:01 261797                     /home/ubuntu/spark-2.1.1-bin-hadoop2.7/jars/libfb303-0.9.3.jar
7fe0c0dec000-7fe0c0dfe000 r--s 000b3000 ca:01 261829                     /home/ubuntu/spark-2.1.1-bin-hadoop2.7/jars/scalap-2.11.8.jar
7fe0c0dfe000-7fe0c0dff000 ---p 00000000 00:00 0 
7fe0c0dff000-7fe0c0eff000 rw-p 00000000 00:00 0 
7fe0c0eff000-7fe0c0f02000 ---p 00000000 00:00 0 
7fe0c0f02000-7fe0c1000000 rw-p 00000000 00:00 0 
7fe0c1000000-7fe0c4a40000 rwxp 00000000 00:00 0 
7fe0c4a40000-7fe0d0000000 ---p 00000000 00:00 0 
7fe0d0000000-7fe0d0de7000 rw-p 00000000 00:00 0 
7fe0d0de7000-7fe0d4000000 ---p 00000000 00:00 0 
7fe0d4000000-7fe0d4002000 r--s 00010000 ca:01 261622                     /home/ubuntu/spark-2.1.1-bin-hadoop2.7/jars/hadoop-mapreduce-client-shuffle-2.7.3.jar
7fe0d4002000-7fe0d4004000 r--s 00000000 ca:01 261836                     /home/ubuntu/spark-2.1.1-bin-hadoop2.7/jars/jul-to-slf4j-1.7.16.jar
7fe0d4004000-7fe0d4007000 r--s 00014000 ca:01 261761                     /home/ubuntu/spark-2.1.1-bin-hadoop2.7/jars/super-csv-2.2.0.jar
7fe0d4007000-7fe0d4009000 r--s 00003000 ca:01 261843                     /home/ubuntu/spark-2.1.1-bin-hadoop2.7/jars/base64-2.3.8.jar
7fe0d4009000-7fe0d400b000 r--s 00003000 ca:01 261570                     /home/ubuntu/spark-2.1.1-bin-hadoop2.7/jars/jersey-container-servlet-2.22.2.jar
7fe0d400b000-7fe0d4015000 r--s 000a5000 ca:01 261766                     /home/ubuntu/spark-2.1.1-bin-hadoop2.7/jars/javassist-3.18.1-GA.jar
7fe0d4015000-7fe0d402d000 r--s 00115000 ca:01 261537                     /home/ubuntu/spark-2.1.1-bin-hadoop2.7/jars/xercesImpl-2.9.1.jar
7fe0d402d000-7fe0d4030000 r--s 00021000 ca:01 261596                     /home/ubuntu/spark-2.1.1-bin-hadoop2.7/jars/xbean-asm5-shaded-4.4.jar
7fe0d4030000-7fe0d4033000 r--s 00025000 ca:01 261618                     /home/ubuntu/spark-2.1.1-bin-hadoop2.7/jars/commons-dbcp-1.4.jar
7fe0d4033000-7fe0d405a000 r--s 0020f000 ca:01 261726                     /home/ubuntu/spark-2.1.1-bin-hadoop2.7/jars/netty-all-4.0.42.Final.jar
7fe0d405a000-7fe0d405d000 r--s 00015000 ca:01 261620                     /home/ubuntu/spark-2.1.1-bin-hadoop2.7/jars/commons-pool-1.5.4.jar
7fe0d405d000-7fe0d40b2000 r--s 0069c000 ca:01 261595                     /home/ubuntu/spark-2.1.1-bin-hadoop2.7/jars/spire_2.11-0.7.4.jar
7fe0d40b2000-7fe0d40b4000 r--s 00004000 ca:01 261787                     /home/ubuntu/spark-2.1.1-bin-hadoop2.7/jars/metrics-graphite-3.1.2.jar
7fe0d40b4000-7fe0d40b9000 r--s 00027000 ca:01 261861                     /home/ubuntu/spark-2.1.1-bin-hadoop2.7/jars/hk2-api-2.4.0-b34.jar
7fe0d40b9000-7fe0d40bf000 r--s 00034000 ca:01 261799                     /home/ubuntu/spark-2.1.1-bin-hadoop2.7/jars/libthrift-0.9.3.jar
7fe0d40bf000-7fe0d40da000 r--s 001d6000 ca:01 286319                     /usr/lib/jvm/java-8-openjdk-amd64/jre/lib/ext/nashorn.jar
7fe0d40da000-7fe0d40f5000 r--s 00394000 ca:01 286322                     /usr/lib/jvm/java-8-openjdk-amd64/jre/lib/ext/cldrdata.jar
7fe0d40f5000-7fe0d40f8000 ---p 00000000 00:00 0 
7fe0d40f8000-7fe0d41f6000 rw-p 00000000 00:00 0 
7fe0d41f6000-7fe0d41f9000 ---p 00000000 00:00 0 
7fe0d41f9000-7fe0d42f7000 rw-p 00000000 00:00 0 
7fe0d42f7000-7fe0d42fa000 ---p 00000000 00:00 0 
7fe0d42fa000-7fe0d43f8000 rw-p 00000000 00:00 0 
7fe0d43f8000-7fe0d4590000 r--p 00000000 ca:01 29052                      /usr/lib/locale/locale-archive
7fe0d4590000-7fe0d4593000 ---p 00000000 00:00 0 
7fe0d4593000-7fe0d4691000 rw-p 00000000 00:00 0 
7fe0d4691000-7fe0d4694000 ---p 00000000 00:00 0 
7fe0d4694000-7fe0d4792000 rw-p 00000000 00:00 0 
7fe0d4792000-7fe0d4793000 ---p 00000000 00:00 0 
7fe0d4793000-7fe0d4893000 rw-p 00000000 00:00 0 
7fe0d4893000-7fe0d4a63000 r--s 03c5c000 ca:01 286303                     /usr/lib/jvm/java-8-openjdk-amd64/jre/lib/rt.jar
7fe0d4a63000-7fe0d52d9000 rw-p 00000000 00:00 0 
7fe0d52d9000-7fe0d5356000 rw-p 00000000 00:00 0 
7fe0d5356000-7fe0d542f000 ---p 00000000 00:00 0 
7fe0d542f000-7fe0d546a000 rw-p 00000000 00:00 0 
7fe0d546a000-7fe0d54d9000 ---p 00000000 00:00 0 
7fe0d54d9000-7fe0d5557000 rw-p 00000000 00:00 0 
7fe0d5557000-7fe0d562f000 ---p 00000000 00:00 0 
7fe0d562f000-7fe0d5719000 rw-p 00000000 00:00 0 
7fe0d5719000-7fe0d59f0000 ---p 00000000 00:00 0 
7fe0d59f0000-7fe0d59f8000 r-xp 00000000 ca:01 286357                     /usr/lib/jvm/java-8-openjdk-amd64/jre/lib/amd64/libzip.so
7fe0d59f8000-7fe0d5bf7000 ---p 00008000 ca:01 286357                     /usr/lib/jvm/java-8-openjdk-amd64/jre/lib/amd64/libzip.so
7fe0d5bf7000-7fe0d5bf8000 r--p 00007000 ca:01 286357                     /usr/lib/jvm/java-8-openjdk-amd64/jre/lib/amd64/libzip.so
7fe0d5bf8000-7fe0d5bf9000 rw-p 00008000 ca:01 286357                     /usr/lib/jvm/java-8-openjdk-amd64/jre/lib/amd64/libzip.so
7fe0d5bf9000-7fe0d5c04000 r-xp 00000000 ca:01 1993                       /lib/x86_64-linux-gnu/libnss_files-2.23.so
7fe0d5c04000-7fe0d5e03000 ---p 0000b000 ca:01 1993                       /lib/x86_64-linux-gnu/libnss_files-2.23.so
7fe0d5e03000-7fe0d5e04000 r--p 0000a000 ca:01 1993                       /lib/x86_64-linux-gnu/libnss_files-2.23.so
7fe0d5e04000-7fe0d5e05000 rw-p 0000b000 ca:01 1993                       /lib/x86_64-linux-gnu/libnss_files-2.23.so
7fe0d5e05000-7fe0d5e0b000 rw-p 00000000 00:00 0 
7fe0d5e0b000-7fe0d5e16000 r-xp 00000000 ca:01 1997                       /lib/x86_64-linux-gnu/libnss_nis-2.23.so
7fe0d5e16000-7fe0d6015000 ---p 0000b000 ca:01 1997                       /lib/x86_64-linux-gnu/libnss_nis-2.23.so
7fe0d6015000-7fe0d6016000 r--p 0000a000 ca:01 1997                       /lib/x86_64-linux-gnu/libnss_nis-2.23.so
7fe0d6016000-7fe0d6017000 rw-p 0000b000 ca:01 1997                       /lib/x86_64-linux-gnu/libnss_nis-2.23.so
7fe0d6017000-7fe0d602d000 r-xp 00000000 ca:01 1977                       /lib/x86_64-linux-gnu/libnsl-2.23.so
7fe0d602d000-7fe0d622c000 ---p 00016000 ca:01 1977                       /lib/x86_64-linux-gnu/libnsl-2.23.so
7fe0d622c000-7fe0d622d000 r--p 00015000 ca:01 1977                       /lib/x86_64-linux-gnu/libnsl-2.23.so
7fe0d622d000-7fe0d622e000 rw-p 00016000 ca:01 1977                       /lib/x86_64-linux-gnu/libnsl-2.23.so
7fe0d622e000-7fe0d6230000 rw-p 00000000 00:00 0 
7fe0d6230000-7fe0d6238000 r-xp 00000000 ca:01 1988                       /lib/x86_64-linux-gnu/libnss_compat-2.23.so
7fe0d6238000-7fe0d6437000 ---p 00008000 ca:01 1988                       /lib/x86_64-linux-gnu/libnss_compat-2.23.so
7fe0d6437000-7fe0d6438000 r--p 00007000 ca:01 1988                       /lib/x86_64-linux-gnu/libnss_compat-2.23.so
7fe0d6438000-7fe0d6439000 rw-p 00008000 ca:01 1988                       /lib/x86_64-linux-gnu/libnss_compat-2.23.so
7fe0d6439000-7fe0d6462000 r-xp 00000000 ca:01 286342                     /usr/lib/jvm/java-8-openjdk-amd64/jre/lib/amd64/libjava.so
7fe0d6462000-7fe0d6661000 ---p 00029000 ca:01 286342                     /usr/lib/jvm/java-8-openjdk-amd64/jre/lib/amd64/libjava.so
7fe0d6661000-7fe0d6662000 r--p 00028000 ca:01 286342                     /usr/lib/jvm/java-8-openjdk-amd64/jre/lib/amd64/libjava.so
7fe0d6662000-7fe0d6664000 rw-p 00029000 ca:01 286342                     /usr/lib/jvm/java-8-openjdk-amd64/jre/lib/amd64/libjava.so
7fe0d6664000-7fe0d6673000 r-xp 00000000 ca:01 286359                     /usr/lib/jvm/java-8-openjdk-amd64/jre/lib/amd64/libverify.so
7fe0d6673000-7fe0d6872000 ---p 0000f000 ca:01 286359                     /usr/lib/jvm/java-8-openjdk-amd64/jre/lib/amd64/libverify.so
7fe0d6872000-7fe0d6874000 r--p 0000e000 ca:01 286359                     /usr/lib/jvm/java-8-openjdk-amd64/jre/lib/amd64/libverify.so
7fe0d6874000-7fe0d6875000 rw-p 00010000 ca:01 286359                     /usr/lib/jvm/java-8-openjdk-amd64/jre/lib/amd64/libverify.so
7fe0d6875000-7fe0d687c000 r-xp 00000000 ca:01 1998                       /lib/x86_64-linux-gnu/librt-2.23.so
7fe0d687c000-7fe0d6a7b000 ---p 00007000 ca:01 1998                       /lib/x86_64-linux-gnu/librt-2.23.so
7fe0d6a7b000-7fe0d6a7c000 r--p 00006000 ca:01 1998                       /lib/x86_64-linux-gnu/librt-2.23.so
7fe0d6a7c000-7fe0d6a7d000 rw-p 00007000 ca:01 1998                       /lib/x86_64-linux-gnu/librt-2.23.so
7fe0d6a7d000-7fe0d6a93000 r-xp 00000000 ca:01 1975                       /lib/x86_64-linux-gnu/libgcc_s.so.1
7fe0d6a93000-7fe0d6c92000 ---p 00016000 ca:01 1975                       /lib/x86_64-linux-gnu/libgcc_s.so.1
7fe0d6c92000-7fe0d6c93000 rw-p 00015000 ca:01 1975                       /lib/x86_64-linux-gnu/libgcc_s.so.1
7fe0d6c93000-7fe0d6d9b000 r-xp 00000000 ca:01 1976                       /lib/x86_64-linux-gnu/libm-2.23.so
7fe0d6d9b000-7fe0d6f9a000 ---p 00108000 ca:01 1976                       /lib/x86_64-linux-gnu/libm-2.23.so
7fe0d6f9a000-7fe0d6f9b000 r--p 00107000 ca:01 1976                       /lib/x86_64-linux-gnu/libm-2.23.so
7fe0d6f9b000-7fe0d6f9c000 rw-p 00108000 ca:01 1976                       /lib/x86_64-linux-gnu/libm-2.23.so
7fe0d6f9c000-7fe0d710e000 r-xp 00000000 ca:01 7979                       /usr/lib/x86_64-linux-gnu/libstdc++.so.6.0.21
7fe0d710e000-7fe0d730e000 ---p 00172000 ca:01 7979                       /usr/lib/x86_64-linux-gnu/libstdc++.so.6.0.21
7fe0d730e000-7fe0d7318000 r--p 00172000 ca:01 7979                       /usr/lib/x86_64-linux-gnu/libstdc++.so.6.0.21
7fe0d7318000-7fe0d731a000 rw-p 0017c000 ca:01 7979                       /usr/lib/x86_64-linux-gnu/libstdc++.so.6.0.21
7fe0d731a000-7fe0d731e000 rw-p 00000000 00:00 0 
7fe0d731e000-7fe0d7f82000 r-xp 00000000 ca:01 286369                     /usr/lib/jvm/java-8-openjdk-amd64/jre/lib/amd64/server/libjvm.so
7fe0d7f82000-7fe0d8181000 ---p 00c64000 ca:01 286369                     /usr/lib/jvm/java-8-openjdk-amd64/jre/lib/amd64/server/libjvm.so
7fe0d8181000-7fe0d8215000 r--p 00c63000 ca:01 286369                     /usr/lib/jvm/java-8-openjdk-amd64/jre/lib/amd64/server/libjvm.so
7fe0d8215000-7fe0d823e000 rw-p 00cf7000 ca:01 286369                     /usr/lib/jvm/java-8-openjdk-amd64/jre/lib/amd64/server/libjvm.so
7fe0d823e000-7fe0d826e000 rw-p 00000000 00:00 0 
7fe0d826e000-7fe0d8286000 r-xp 00000000 ca:01 1979                       /lib/x86_64-linux-gnu/libpthread-2.23.so
7fe0d8286000-7fe0d8485000 ---p 00018000 ca:01 1979                       /lib/x86_64-linux-gnu/libpthread-2.23.so
7fe0d8485000-7fe0d8486000 r--p 00017000 ca:01 1979                       /lib/x86_64-linux-gnu/libpthread-2.23.so
7fe0d8486000-7fe0d8487000 rw-p 00018000 ca:01 1979                       /lib/x86_64-linux-gnu/libpthread-2.23.so
7fe0d8487000-7fe0d848b000 rw-p 00000000 00:00 0 
7fe0d848b000-7fe0d848e000 r-xp 00000000 ca:01 1982                       /lib/x86_64-linux-gnu/libdl-2.23.so
7fe0d848e000-7fe0d868d000 ---p 00003000 ca:01 1982                       /lib/x86_64-linux-gnu/libdl-2.23.so
7fe0d868d000-7fe0d868e000 r--p 00002000 ca:01 1982                       /lib/x86_64-linux-gnu/libdl-2.23.so
7fe0d868e000-7fe0d868f000 rw-p 00003000 ca:01 1982                       /lib/x86_64-linux-gnu/libdl-2.23.so
7fe0d868f000-7fe0d86a8000 r-xp 00000000 ca:01 2129                       /lib/x86_64-linux-gnu/libz.so.1.2.8
7fe0d86a8000-7fe0d88a7000 ---p 00019000 ca:01 2129                       /lib/x86_64-linux-gnu/libz.so.1.2.8
7fe0d88a7000-7fe0d88a8000 r--p 00018000 ca:01 2129                       /lib/x86_64-linux-gnu/libz.so.1.2.8
7fe0d88a8000-7fe0d88a9000 rw-p 00019000 ca:01 2129                       /lib/x86_64-linux-gnu/libz.so.1.2.8
7fe0d88a9000-7fe0d8a69000 r-xp 00000000 ca:01 1980                       /lib/x86_64-linux-gnu/libc-2.23.so
7fe0d8a69000-7fe0d8c69000 ---p 001c0000 ca:01 1980                       /lib/x86_64-linux-gnu/libc-2.23.so
7fe0d8c69000-7fe0d8c6d000 r--p 001c0000 ca:01 1980                       /lib/x86_64-linux-gnu/libc-2.23.so
7fe0d8c6d000-7fe0d8c6f000 rw-p 001c4000 ca:01 1980                       /lib/x86_64-linux-gnu/libc-2.23.so
7fe0d8c6f000-7fe0d8c73000 rw-p 00000000 00:00 0 
7fe0d8c73000-7fe0d8c80000 r-xp 00000000 ca:01 286351                     /usr/lib/jvm/java-8-openjdk-amd64/jre/lib/amd64/jli/libjli.so
7fe0d8c80000-7fe0d8e7f000 ---p 0000d000 ca:01 286351                     /usr/lib/jvm/java-8-openjdk-amd64/jre/lib/amd64/jli/libjli.so
7fe0d8e7f000-7fe0d8e80000 r--p 0000c000 ca:01 286351                     /usr/lib/jvm/java-8-openjdk-amd64/jre/lib/amd64/jli/libjli.so
7fe0d8e80000-7fe0d8e81000 rw-p 0000d000 ca:01 286351                     /usr/lib/jvm/java-8-openjdk-amd64/jre/lib/amd64/jli/libjli.so
7fe0d8e81000-7fe0d8ea7000 r-xp 00000000 ca:01 1978                       /lib/x86_64-linux-gnu/ld-2.23.so
7fe0d8ea7000-7fe0d8ea8000 r--s 00009000 ca:01 261534                     /home/ubuntu/spark-2.1.1-bin-hadoop2.7/jars/hadoop-annotations-2.7.3.jar
7fe0d8ea8000-7fe0d8ea9000 r--s 00003000 ca:01 261827                     /home/ubuntu/spark-2.1.1-bin-hadoop2.7/jars/metrics-json-3.1.2.jar
7fe0d8ea9000-7fe0d8eab000 r--s 0000f000 ca:01 261715                     /home/ubuntu/spark-2.1.1-bin-hadoop2.7/jars/curator-client-2.6.0.jar
7fe0d8eab000-7fe0d8eae000 r--s 0000f000 ca:01 286318                     /usr/lib/jvm/java-8-openjdk-amd64/jre/lib/ext/icedtea-sound.jar
7fe0d8eae000-7fe0d8eaf000 r--s 00010000 ca:01 286325                     /usr/lib/jvm/java-8-openjdk-amd64/jre/lib/ext/zipfs.jar
7fe0d8eaf000-7fe0d8eb2000 r--s 00039000 ca:01 286321                     /usr/lib/jvm/java-8-openjdk-amd64/jre/lib/ext/sunpkcs11.jar
7fe0d8eb2000-7fe0d8eb3000 r--s 0000a000 ca:01 286320                     /usr/lib/jvm/java-8-openjdk-amd64/jre/lib/ext/jaccess.jar
7fe0d8eb3000-7fe0d8eb5000 r--s 00001000 ca:01 286323                     /usr/lib/jvm/java-8-openjdk-amd64/jre/lib/ext/dnsns.jar
7fe0d8eb5000-7fe0d8ebf000 r--s 00116000 ca:01 286326                     /usr/lib/jvm/java-8-openjdk-amd64/jre/lib/ext/localedata.jar
7fe0d8ebf000-7fe0d8f90000 rw-p 00000000 00:00 0 
7fe0d8f90000-7fe0d8f98000 rw-s 00000000 ca:01 779861                     /tmp/hsperfdata_ubuntu/9234
7fe0d8f98000-7fe0d8f9b000 ---p 00000000 00:00 0 
7fe0d8f9b000-7fe0d909d000 rw-p 00000000 00:00 0 
7fe0d909d000-7fe0d90a2000 r--s 0003c000 ca:01 286324                     /usr/lib/jvm/java-8-openjdk-amd64/jre/lib/ext/sunjce_provider.jar
7fe0d90a2000-7fe0d90a3000 r--s 0000d000 ca:01 286317                     /usr/lib/jvm/java-8-openjdk-amd64/jre/lib/ext/sunec.jar
7fe0d90a3000-7fe0d90a4000 rw-p 00000000 00:00 0 
7fe0d90a4000-7fe0d90a5000 ---p 00000000 00:00 0 
7fe0d90a5000-7fe0d90a6000 rw-p 00000000 00:00 0 
7fe0d90a6000-7fe0d90a7000 r--p 00025000 ca:01 1978                       /lib/x86_64-linux-gnu/ld-2.23.so
7fe0d90a7000-7fe0d90a8000 rw-p 00026000 ca:01 1978                       /lib/x86_64-linux-gnu/ld-2.23.so
7fe0d90a8000-7fe0d90a9000 rw-p 00000000 00:00 0 
7ffeef218000-7ffeef239000 rw-p 00000000 00:00 0                          [stack]
7ffeef241000-7ffeef244000 r--p 00000000 00:00 0                          [vvar]
7ffeef244000-7ffeef246000 r-xp 00000000 00:00 0                          [vdso]
ffffffffff600000-ffffffffff601000 r-xp 00000000 00:00 0                  [vsyscall]

VM Arguments:
jvm_args: -Xmx1g 
java_command: org.apache.spark.deploy.SparkSubmit --conf spark.app.name=Data_Understanding pyspark-shell
java_class_path (initial): /home/ubuntu/spark-2.1.1-bin-hadoop2.7/conf/:/home/ubuntu/spark-2.1.1-bin-hadoop2.7/jars/libthrift-0.9.3.jar:/home/ubuntu/spark-2.1.1-bin-hadoop2.7/jars/curator-client-2.6.0.jar:/home/ubuntu/spark-2.1.1-bin-hadoop2.7/jars/hk2-api-2.4.0-b34.jar:/home/ubuntu/spark-2.1.1-bin-hadoop2.7/jars/metrics-json-3.1.2.jar:/home/ubuntu/spark-2.1.1-bin-hadoop2.7/jars/metrics-graphite-3.1.2.jar:/home/ubuntu/spark-2.1.1-bin-hadoop2.7/jars/spire_2.11-0.7.4.jar:/home/ubuntu/spark-2.1.1-bin-hadoop2.7/jars/commons-pool-1.5.4.jar:/home/ubuntu/spark-2.1.1-bin-hadoop2.7/jars/netty-all-4.0.42.Final.jar:/home/ubuntu/spark-2.1.1-bin-hadoop2.7/jars/commons-dbcp-1.4.jar:/home/ubuntu/spark-2.1.1-bin-hadoop2.7/jars/xbean-asm5-shaded-4.4.jar:/home/ubuntu/spark-2.1.1-bin-hadoop2.7/jars/xercesImpl-2.9.1.jar:/home/ubuntu/spark-2.1.1-bin-hadoop2.7/jars/hadoop-annotations-2.7.3.jar:/home/ubuntu/spark-2.1.1-bin-hadoop2.7/jars/javassist-3.18.1-GA.jar:/home/ubuntu/spark-2.1.1-bin-hadoop2.7/jars/jersey-container-servlet-2.22.2.jar:/home/ubuntu/spark-2.1.1-bin-hadoop2.7/jars/base64-2.3.8.jar:/home/ubuntu/spark-2.1.1-bin-hadoop2.7/jars/scalap-2.11.8.jar:/home/ubuntu/spark-2.1.1-bin-hadoop2.7/jars/super-csv-2.2.0.jar:/home/ubuntu/spark-2.1.1-bin-hadoop2.7/jars/jul-to-slf4j-1.7.16.jar:/home/ubuntu/spark-2.1.1-bin-hadoop2.7/jars/hadoop-mapreduce-client-shuffle-2.7.3.jar:/home/ubuntu/spark-2.1.1-bin-hadoop2.7/jars/libfb303-0.9.3.jar:/home/ubuntu/spark-2.1.1-bin-hadoop2.7/jars/jdo-api-3.0.1.jar:/home/ubuntu/spark-2.1.1-bin-hadoop2.7/jars/jersey-guava-2.22.2.jar:/home/ubuntu/spark-2.1.1-bin-hadoop2.7/jars/arpack_combined_all-0.1.jar:/home/ubuntu/spark-2.1.1-bin-hadoop2.7/jars/scala-parser-combinators_2.11-1.0.4.jar:/home/ubuntu/spark-2.1.1-bin-hadoop2.7/jars/chill_2.11-0.8.0.jar:/home/ubuntu/spark-2.1.1-bin-hadoop2.7/jars/javax.annotation-api-1.2.jar:/home/ubuntu/spark-2.1.1-bin-hadoop2.7/jars/joda-time-2.9.3.jar:/home/ubuntu/spark-2.1.1-bin-hadoop2.7/jars/antlr-runtime-3.4.jar:/home/u
Launcher Type: SUN_STANDARD

Environment Variables:
PATH=/home/ubuntu/.local/bin:/home/ubuntu/bin:/home/ubuntu/.local/bin:/usr/local/sbin:/usr/local/bin:/usr/sbin:/usr/bin:/sbin:/bin:/usr/games:/usr/local/games:/snap/bin
SHELL=/bin/bash
DISPLAY=localhost:10.0

Signal Handlers:
SIGSEGV: [libjvm.so+0xa783e0], sa_mask[0]=11111111011111111101111111111110, sa_flags=SA_RESTART|SA_SIGINFO
SIGBUS: [libjvm.so+0xa783e0], sa_mask[0]=11111111011111111101111111111110, sa_flags=SA_RESTART|SA_SIGINFO
SIGFPE: [libjvm.so+0x8c0e10], sa_mask[0]=11111111011111111101111111111110, sa_flags=SA_RESTART|SA_SIGINFO
SIGPIPE: [libjvm.so+0x8c0e10], sa_mask[0]=11111111011111111101111111111110, sa_flags=SA_RESTART|SA_SIGINFO
SIGXFSZ: [libjvm.so+0x8c0e10], sa_mask[0]=11111111011111111101111111111110, sa_flags=SA_RESTART|SA_SIGINFO
SIGILL: [libjvm.so+0x8c0e10], sa_mask[0]=11111111011111111101111111111110, sa_flags=SA_RESTART|SA_SIGINFO
SIGUSR1: SIG_DFL, sa_mask[0]=00000000000000000000000000000000, sa_flags=none
SIGUSR2: [libjvm.so+0x8c0cc0], sa_mask[0]=00000000000000000000000000000000, sa_flags=SA_RESTART|SA_SIGINFO
SIGHUP: [libjvm.so+0x8c1350], sa_mask[0]=11111111011111111101111111111110, sa_flags=SA_RESTART|SA_SIGINFO
SIGINT: SIG_IGN, sa_mask[0]=00000000000000000000000000000000, sa_flags=none
SIGTERM: [libjvm.so+0x8c1350], sa_mask[0]=11111111011111111101111111111110, sa_flags=SA_RESTART|SA_SIGINFO
SIGQUIT: [libjvm.so+0x8c1350], sa_mask[0]=11111111011111111101111111111110, sa_flags=SA_RESTART|SA_SIGINFO


---------------  S Y S T E M  ---------------

OS:DISTRIB_ID=Ubuntu
DISTRIB_RELEASE=16.04
DISTRIB_CODENAME=xenial
DISTRIB_DESCRIPTION="Ubuntu 16.04.4 LTS"

uname:Linux 4.4.0-1065-aws #75-Ubuntu SMP Fri Aug 10 11:14:32 UTC 2018 x86_64
libc:glibc 2.23 NPTL 2.23 
rlimit: STACK 8192k, CORE 0k, NPROC 3900, NOFILE 1048576, AS infinity
load average:0.79 0.32 1.26

/proc/meminfo:
MemTotal:        1014500 kB
MemFree:           61688 kB
MemAvailable:        604 kB
Buffers:             460 kB
Cached:            14164 kB
SwapCached:            0 kB
Active:           877440 kB
Inactive:          11408 kB
Active(anon):     877084 kB
Inactive(anon):    10328 kB
Active(file):        356 kB
Inactive(file):     1080 kB
Unevictable:        3652 kB
Mlocked:            3652 kB
SwapTotal:             0 kB
SwapFree:              0 kB
Dirty:                68 kB
Writeback:             0 kB
AnonPages:        877920 kB
Mapped:             3228 kB
Shmem:             10720 kB
Slab:              36464 kB
SReclaimable:      19212 kB
SUnreclaim:        17252 kB
KernelStack:        3760 kB
PageTables:         6496 kB
NFS_Unstable:          0 kB
Bounce:                0 kB
WritebackTmp:          0 kB
CommitLimit:      507248 kB
Committed_AS:    1273904 kB
VmallocTotal:   34359738367 kB
VmallocUsed:           0 kB
VmallocChunk:          0 kB
HardwareCorrupted:     0 kB
AnonHugePages:    241664 kB
CmaTotal:              0 kB
CmaFree:               0 kB
HugePages_Total:       0
HugePages_Free:        0
HugePages_Rsvd:        0
HugePages_Surp:        0
Hugepagesize:       2048 kB
DirectMap4k:       47104 kB
DirectMap2M:     1001472 kB

container (cgroup) information:
container_type: cgroupv1
cpu_cpuset_cpus: 0
cpu_memory_nodes: 0
active_processor_count: 1
cpu_quota: -1
cpu_period: 100000
cpu_shares: -1
memory_limit_in_bytes: -1
memory_and_swap_limit_in_bytes: -2
memory_soft_limit_in_bytes: -1
memory_usage_in_bytes: 877236224
memory_max_usage_in_bytes: 896360448


CPU:total 1 (initial active 1) (1 cores per cpu, 1 threads per core) family 6 model 63 stepping 2, cmov, cx8, fxsr, mmx, sse, sse2, sse3, ssse3, sse4.1, sse4.2, popcnt, avx, avx2, aes, clmul, erms, lzcnt, tsc, bmi1, bmi2

/proc/cpuinfo:
processor	: 0
vendor_id	: GenuineIntel
cpu family	: 6
model		: 63
model name	: Intel(R) Xeon(R) CPU E5-2676 v3 @ 2.40GHz
stepping	: 2
microcode	: 0x43
cpu MHz		: 2400.054
cache size	: 30720 KB
physical id	: 0
siblings	: 1
core id		: 0
cpu cores	: 1
apicid		: 0
initial apicid	: 0
fpu		: yes
fpu_exception	: yes
cpuid level	: 13
wp		: yes
flags		: fpu vme de pse tsc msr pae mce cx8 apic sep mtrr pge mca cmov pat pse36 clflush mmx fxsr sse sse2 ht syscall nx rdtscp lm constant_tsc rep_good nopl xtopology eagerfpu pni pclmulqdq ssse3 fma cx16 pcid sse4_1 sse4_2 x2apic movbe popcnt tsc_deadline_timer aes xsave avx f16c rdrand hypervisor lahf_lm abm invpcid_single kaiser fsgsbase bmi1 avx2 smep bmi2 erms invpcid xsaveopt
bugs		: cpu_meltdown spectre_v1 spectre_v2 spec_store_bypass l1tf
bogomips	: 4800.10
clflush size	: 64
cache_alignment	: 64
address sizes	: 46 bits physical, 48 bits virtual
power management:



Memory: 4k page, physical 1014500k(61068k free), swap 0k(0k free)

vm_info: OpenJDK 64-Bit Server VM (25.222-b10) for linux-amd64 JRE (1.8.0_222-8u222-b10-1ubuntu1~16.04.1-b10), built on Jul 18 2019 20:25:18 by "buildd" with gcc 5.4.0 20160609

time: Tue Oct  1 21:54:44 2019
timezone: UTC
elapsed time: 1027 seconds (0d 0h 17m 7s)

