#
# There is insufficient memory for the Java Runtime Environment to continue.
# Native memory allocation (mmap) failed to map 74133504 bytes for committing reserved memory.
# Possible reasons:
#   The system is out of physical RAM or swap space
#   The process is running with CompressedOops enabled, and the Java Heap may be blocking the growth of the native heap
# Possible solutions:
#   Reduce memory load on the system
#   Increase physical memory or swap space
#   Check if swap backing store is full
#   Decrease Java heap size (-Xmx/-Xms)
#   Decrease number of Java threads
#   Decrease Java thread stack sizes (-Xss)
#   Set larger code cache with -XX:ReservedCodeCacheSize=
#   JVM is running with Unscaled Compressed Oops mode in which the Java heap is
#     placed in the first 4GB address space. The Java Heap base address is the
#     maximum limit for the native heap growth. Please use -XX:HeapBaseMinAddress
#     to set the Java Heap base and to place the Java Heap above 4GB virtual address.
# This output file may be truncated or incomplete.
#
#  Out of Memory Error (os_linux.cpp:2757), pid=10360, tid=0x00007f781157a700
#
# JRE version: OpenJDK Runtime Environment (8.0_222-b10) (build 1.8.0_222-8u222-b10-1ubuntu1~16.04.1-b10)
# Java VM: OpenJDK 64-Bit Server VM (25.222-b10 mixed mode linux-amd64 compressed oops)
# Failed to write core dump. Core dumps have been disabled. To enable core dumping, try "ulimit -c unlimited" before starting Java again
#

---------------  T H R E A D  ---------------

Current thread (0x00007f780c075800):  VMThread [stack: 0x00007f781147a000,0x00007f781157b000] [id=10374]

Stack: [0x00007f781147a000,0x00007f781157b000],  sp=0x00007f7811579540,  free space=1021k
Native frames: (J=compiled Java code, j=interpreted, Vv=VM code, C=native code)
V  [libjvm.so+0xa7787b]
V  [libjvm.so+0x4caa8c]
V  [libjvm.so+0x8c5da8]
V  [libjvm.so+0x8bd3ee]
V  [libjvm.so+0xa73fd4]
V  [libjvm.so+0x5cf9dd]
V  [libjvm.so+0x5d057d]
V  [libjvm.so+0x5bcf68]
V  [libjvm.so+0x45135f]
V  [libjvm.so+0xa78991]
V  [libjvm.so+0xa7e587]
V  [libjvm.so+0xa7bde7]
V  [libjvm.so+0xa7d0cf]
V  [libjvm.so+0xa7d5f2]
V  [libjvm.so+0x8c3102]

VM_Operation (0x00007f77fc7dfa30): GenCollectForAllocation, mode: safepoint, requested by thread 0x00007f77e0314800


---------------  P R O C E S S  ---------------

Java Threads: ( => current thread )
  0x00007f77e2472000 JavaThread "Worker Monitor for /usr/bin/python3" daemon [_thread_blocked, id=12093, stack(0x00007f77d713a000,0x00007f77d723b000)]
  0x00007f77e8013000 JavaThread "Worker Monitor for /usr/bin/python3" daemon [_thread_blocked, id=12091, stack(0x00007f77d3f24000,0x00007f77d4025000)]
  0x00007f77e8010800 JavaThread "Worker Monitor for /usr/bin/python3" daemon [_thread_blocked, id=12089, stack(0x00007f77d6c37000,0x00007f77d6d38000)]
  0x00007f77e8011800 JavaThread "Worker Monitor for /usr/bin/python3" daemon [_thread_blocked, id=12087, stack(0x00007f77d723b000,0x00007f77d733c000)]
  0x00007f77e801c000 JavaThread "Worker Monitor for /usr/bin/python3" daemon [_thread_blocked, id=12085, stack(0x00007f77d4627000,0x00007f77d4728000)]
  0x00007f77e0a84000 JavaThread "Worker Monitor for /usr/bin/python3" daemon [_thread_blocked, id=12083, stack(0x00007f77d7d3e000,0x00007f77d7e3f000)]
  0x00007f77e04b2800 JavaThread "Worker Monitor for /usr/bin/python3" daemon [_thread_blocked, id=12081, stack(0x00007f77d5a2d000,0x00007f77d5b2e000)]
  0x00007f77f8211000 JavaThread "Executor task launch worker for task 4817" daemon [_thread_blocked, id=11633, stack(0x00007f77d8243000,0x00007f77d8344000)]
  0x00007f77f0025000 JavaThread "Executor task launch worker for task 4815" daemon [_thread_blocked, id=11625, stack(0x00007f77d4225000,0x00007f77d4326000)]
  0x00007f780c963000 JavaThread "block-manager-slave-async-thread-pool-16" daemon [_thread_blocked, id=11624, stack(0x00007f77d6233000,0x00007f77d6334000)]
  0x00007f77f0024000 JavaThread "block-manager-slave-async-thread-pool-15" daemon [_thread_blocked, id=11623, stack(0x00007f77d4829000,0x00007f77d492a000)]
  0x00007f77f4009000 JavaThread "block-manager-slave-async-thread-pool-14" daemon [_thread_blocked, id=11622, stack(0x00007f77d592c000,0x00007f77d5a2d000)]
  0x00007f77f820f800 JavaThread "block-manager-slave-async-thread-pool-12" daemon [_thread_blocked, id=11620, stack(0x00007f77d6835000,0x00007f77d6936000)]
  0x00007f77f0023000 JavaThread "block-manager-ask-thread-pool-7" daemon [_thread_blocked, id=11619, stack(0x00007f77d733c000,0x00007f77d743d000)]
  0x00007f77f8222800 JavaThread "block-manager-slave-async-thread-pool-10" daemon [_thread_blocked, id=11617, stack(0x00007f77d582b000,0x00007f77d592c000)]
  0x00007f77f001a000 JavaThread "block-manager-ask-thread-pool-6" daemon [_thread_blocked, id=11616, stack(0x00007f77d6534000,0x00007f77d6635000)]
  0x00007f77e0141000 JavaThread "Thread-18" [_thread_in_native, id=10490, stack(0x00007f77d5b2e000,0x00007f77d5c2f000)]
  0x00007f77f8172800 JavaThread "task-result-getter-3" daemon [_thread_blocked, id=10440, stack(0x00007f77d6d38000,0x00007f77d6e39000)]
  0x00007f77f816c000 JavaThread "task-result-getter-2" daemon [_thread_blocked, id=10437, stack(0x00007f77d763d000,0x00007f77d773e000)]
  0x00007f77f8167000 JavaThread "task-result-getter-1" daemon [_thread_blocked, id=10436, stack(0x00007f77d7039000,0x00007f77d713a000)]
  0x00007f77f8137800 JavaThread "task-result-getter-0" daemon [_thread_blocked, id=10428, stack(0x00007f77d7e3f000,0x00007f77d7f40000)]
  0x00007f77e4017000 JavaThread "stderr reader for /usr/bin/python3" daemon [_thread_in_native, id=10424, stack(0x00007f77d7f40000,0x00007f77d8041000)]
  0x00007f77e4016000 JavaThread "stdout reader for /usr/bin/python3" daemon [_thread_in_native, id=10423, stack(0x00007f77d8041000,0x00007f77d8142000)]
  0x00007f77e4027000 JavaThread "Idle Worker Monitor for /usr/bin/python3" daemon [_thread_blocked, id=10421, stack(0x00007f77d8142000,0x00007f77d8243000)]
  0x00007f77ee320800 JavaThread "org.apache.hadoop.fs.FileSystem$Statistics$StatisticsDataReferenceCleaner" daemon [_thread_blocked, id=10419, stack(0x00007f77d9bcb000,0x00007f77d9ccc000)]
  0x00007f77ecc48000 JavaThread "SparkListenerBus" daemon [_thread_blocked, id=10417, stack(0x00007f77d9ecc000,0x00007f77d9fcd000)]
  0x00007f77ecd9c800 JavaThread "context-cleaner-periodic-gc" daemon [_thread_blocked, id=10416, stack(0x00007f77da0c5000,0x00007f77da1c6000)]
  0x00007f77ec0e1000 JavaThread "Spark Context Cleaner" daemon [_thread_blocked, id=10415, stack(0x00007f77da2ae000,0x00007f77da3af000)]
  0x00007f77ec8b4000 JavaThread "shuffle-server-5-1" daemon [_thread_blocked, id=10414, stack(0x00007f77da5af000,0x00007f77da6b0000)]
  0x00007f77ec8ad000 JavaThread "driver-heartbeater" daemon [_thread_blocked, id=10413, stack(0x00007f77da6b0000,0x00007f77da7b1000)]
  0x00007f77ec7a8000 JavaThread "dag-scheduler-event-loop" daemon [_thread_blocked, id=10412, stack(0x00007f77da7b1000,0x00007f77da8b2000)]
  0x000000000117a800 JavaThread "netty-rpc-env-timeout" daemon [_thread_blocked, id=10411, stack(0x00007f77da8b2000,0x00007f77da9b3000)]
  0x00007f77ec76f800 JavaThread "Timer-0" daemon [_thread_blocked, id=10410, stack(0x00007f77da9b3000,0x00007f77daab4000)]
  0x00007f77f806f800 JavaThread "heartbeat-receiver-event-loop-thread" daemon [_thread_blocked, id=10409, stack(0x00007f77daab4000,0x00007f77dabb5000)]
  0x00007f77ec784000 JavaThread "SparkUI-37" daemon [_thread_blocked, id=10408, stack(0x00007f77dabb5000,0x00007f77dacb6000)]
  0x00007f77ec74a800 JavaThread "SparkUI-36" daemon [_thread_blocked, id=10407, stack(0x00007f77dacb6000,0x00007f77dadb7000)]
  0x00007f77ec749000 JavaThread "SparkUI-35" daemon [_thread_blocked, id=10406, stack(0x00007f77dadb7000,0x00007f77daeb8000)]
  0x00007f77ec747800 JavaThread "SparkUI-34" daemon [_thread_blocked, id=10405, stack(0x00007f77daeb8000,0x00007f77dafb9000)]
  0x00007f77ec745800 JavaThread "SparkUI-33" daemon [_thread_blocked, id=10404, stack(0x00007f77dafb9000,0x00007f77db0ba000)]
  0x00007f77ec744000 JavaThread "SparkUI-32" daemon [_thread_blocked, id=10403, stack(0x00007f77db0ba000,0x00007f77db1bb000)]
  0x00007f77ec826000 JavaThread "SparkUI-31-acceptor-0@7671f0f9-Spark@78b60047{HTTP/1.1}{0.0.0.0:4040}" daemon [_thread_in_native, id=10402, stack(0x00007f77db1bb000,0x00007f77db2bc000)]
  0x00007f77ec827800 JavaThread "SparkUI-30-selector-ServerConnectorManager@7b5af45e/0" daemon [_thread_in_native, id=10401, stack(0x00007f77db2bc000,0x00007f77db3bd000)]
  0x00007f77ec666800 JavaThread "refresh progress" daemon [_thread_blocked, id=10399, stack(0x00007f77db5bd000,0x00007f77db6be000)]
  0x00007f77ec64e000 JavaThread "map-output-dispatcher-7" daemon [_thread_blocked, id=10398, stack(0x00007f77db8be000,0x00007f77db9bf000)]
  0x00007f77ec64c800 JavaThread "map-output-dispatcher-6" daemon [_thread_blocked, id=10397, stack(0x00007f77db9bf000,0x00007f77dbac0000)]
  0x00007f77ec682000 JavaThread "map-output-dispatcher-5" daemon [_thread_blocked, id=10396, stack(0x00007f77dbac0000,0x00007f77dbbc1000)]
  0x00007f77ec737800 JavaThread "map-output-dispatcher-4" daemon [_thread_blocked, id=10395, stack(0x00007f77dbbc1000,0x00007f77dbcc2000)]
  0x00007f77ec735800 JavaThread "map-output-dispatcher-3" daemon [_thread_blocked, id=10394, stack(0x00007f77dbcc2000,0x00007f77dbdc3000)]
  0x00007f77ec684000 JavaThread "map-output-dispatcher-2" daemon [_thread_blocked, id=10393, stack(0x00007f77dbdc3000,0x00007f77dbec4000)]
  0x00007f77ec6a6800 JavaThread "map-output-dispatcher-1" daemon [_thread_blocked, id=10392, stack(0x00007f77dbec4000,0x00007f77dbfc5000)]
  0x00007f77ec6a6000 JavaThread "map-output-dispatcher-0" daemon [_thread_blocked, id=10391, stack(0x00007f77dbfc5000,0x00007f77dc0c6000)]
  0x00007f77ec641000 JavaThread "rpc-server-3-1" daemon [_thread_blocked, id=10390, stack(0x00007f77dc0c6000,0x00007f77dc1c7000)]
  0x00007f77ec3e1000 JavaThread "dispatcher-event-loop-1" daemon [_thread_blocked, id=10389, stack(0x00007f77dc5d9000,0x00007f77dc6da000)]
  0x00007f77ec3e0800 JavaThread "dispatcher-event-loop-0" daemon [_thread_blocked, id=10388, stack(0x00007f77dcefe000,0x00007f77dcfff000)]
  0x00007f77ec334000 JavaThread "process reaper" daemon [_thread_in_native, id=10386, stack(0x00007f77fc0a2000,0x00007f77fc0db000)]
  0x00007f77e0314800 JavaThread "Thread-2" [_thread_blocked, id=10384, stack(0x00007f77fc6e5000,0x00007f77fc7e6000)]
  0x00007f780cd9e800 JavaThread "Thread-1" [_thread_in_native, id=10383, stack(0x00007f77fc7e6000,0x00007f77fc8e7000)]
  0x00007f780cd91000 JavaThread "pool-1-thread-1" [_thread_blocked, id=10382, stack(0x00007f77fcae7000,0x00007f77fcbe8000)]
  0x00007f780c0bb000 JavaThread "Service Thread" daemon [_thread_blocked, id=10380, stack(0x00007f7810cdc000,0x00007f7810ddd000)]
  0x00007f780c0b8000 JavaThread "C1 CompilerThread1" daemon [_thread_blocked, id=10379, stack(0x00007f7810ddd000,0x00007f7810ede000)]
  0x00007f780c0b6000 JavaThread "C2 CompilerThread0" daemon [_thread_blocked, id=10378, stack(0x00007f7810ede000,0x00007f7810fdf000)]
  0x00007f780c0b4000 JavaThread "Signal Dispatcher" daemon [_thread_blocked, id=10377, stack(0x00007f7810fdf000,0x00007f78110e0000)]
  0x00007f780c082000 JavaThread "Finalizer" daemon [_thread_blocked, id=10376, stack(0x00007f7811278000,0x00007f7811379000)]
  0x00007f780c07f800 JavaThread "Reference Handler" daemon [_thread_blocked, id=10375, stack(0x00007f7811379000,0x00007f781147a000)]
  0x00007f780c011800 JavaThread "main" [_thread_in_native, id=10373, stack(0x00007f7815c80000,0x00007f7815d81000)]

Other Threads:
=>0x00007f780c075800 VMThread [stack: 0x00007f781147a000,0x00007f781157b000] [id=10374]
  0x00007f780c0be000 WatcherThread [stack: 0x00007f7810bdb000,0x00007f7810cdc000] [id=10381]

VM state:at safepoint (normal execution)

VM Mutex/Monitor currently owned by a thread:  ([mutex/lock_event])
[0x00007f780c00df10] Threads_lock - owner thread: 0x00007f780c075800
[0x00007f780c00e410] Heap_lock - owner thread: 0x00007f77e0314800

heap address: 0x00000000c0000000, size: 1024 MB, Compressed Oops mode: 32-bit
Narrow klass base: 0x0000000000000000, Narrow klass shift: 3
Compressed class space size: 1073741824 Address: 0x0000000100000000

Heap:
 def new generation   total 84288K, used 0K [0x00000000c0000000, 0x00000000c5b70000, 0x00000000d5550000)
  eden space 74944K,   0% used [0x00000000c0000000, 0x00000000c0000000, 0x00000000c4930000)
  from space 9344K,   0% used [0x00000000c4930000, 0x00000000c4930000, 0x00000000c5250000)
  to   space 9344K,   0% used [0x00000000c5250000, 0x00000000c5250000, 0x00000000c5b70000)
 tenured generation   total 203500K, used 165535K [0x00000000d5550000, 0x00000000e1c0b000, 0x0000000100000000)
   the space 203500K,  81% used [0x00000000d5550000, 0x00000000df6f7e10, 0x00000000df6f8000, 0x00000000e1c0b000)
 Metaspace       used 92679K, capacity 95683K, committed 103896K, reserved 1138688K
  class space    used 11983K, capacity 12455K, committed 13784K, reserved 1048576K

Card table byte_map: [0x00007f7812117000,0x00007f7812318000] byte_map_base: 0x00007f7811b17000

Polling page: 0x00007f7815d8c000

CodeCache: size=245760Kb used=64042Kb max_used=64083Kb free=181717Kb
 bounds [0x00007f77fd000000, 0x00007f7800f20000, 0x00007f780c000000]
 total_blobs=17641 nmethods=16881 adapters=670
 compilation: enabled

Compilation events (10 events):
Event: 851.749 Thread 0x00007f780c0b8000 25485       3       org.apache.spark.sql.execution.InputAdapter::productElement (40 bytes)
Event: 851.749 Thread 0x00007f780c0b8000 nmethod 25485 0x00007f77ff345a10 code [0x00007f77ff345bc0, 0x00007f77ff345f20]
Event: 852.087 Thread 0x00007f780c0b6000 25486   !   4       sun.reflect.GeneratedSerializationConstructorAccessor112::newInstance (49 bytes)
Event: 852.097 Thread 0x00007f780c0b6000 nmethod 25486 0x00007f77fe0be6d0 code [0x00007f77fe0be880, 0x00007f77fe0bec78]
Event: 852.255 Thread 0x00007f780c0b6000 25487   !   4       org.apache.spark.storage.BlockManager$$anonfun$doPutBytes$1::apply (526 bytes)
Event: 852.412 Thread 0x00007f780c0b8000 25489 % !   3       java.util.concurrent.ThreadPoolExecutor::runWorker @ 21 (225 bytes)
Event: 852.414 Thread 0x00007f780c0b8000 nmethod 25489% 0x00007f77ffc1b310 code [0x00007f77ffc1b620, 0x00007f77ffc1d0d0]
Event: 852.570 Thread 0x00007f780c0b6000 nmethod 25487 0x00007f7800da2d10 code [0x00007f7800da3200, 0x00007f7800da5c80]
Event: 852.571 Thread 0x00007f780c0b6000 25488   !   4       org.apache.spark.storage.memory.MemoryStore::putBytes (145 bytes)
Event: 852.645 Thread 0x00007f780c0b6000 nmethod 25488 0x00007f7800022210 code [0x00007f7800022520, 0x00007f7800023c10]

GC Heap History (10 events):
Event: 851.765 GC heap after
Heap after GC invocations=1539 (full 16):
 def new generation   total 84288K, used 797K [0x00000000c0000000, 0x00000000c5b70000, 0x00000000d5550000)
  eden space 74944K,   0% used [0x00000000c0000000, 0x00000000c0000000, 0x00000000c4930000)
  from space 9344K,   8% used [0x00000000c5250000, 0x00000000c53177f8, 0x00000000c5b70000)
  to   space 9344K,   0% used [0x00000000c4930000, 0x00000000c4930000, 0x00000000c5250000)
 tenured generation   total 187112K, used 130273K [0x00000000d5550000, 0x00000000e0c0a000, 0x0000000100000000)
   the space 187112K,  69% used [0x00000000d5550000, 0x00000000dd488768, 0x00000000dd488800, 0x00000000e0c0a000)
 Metaspace       used 92643K, capacity 95629K, committed 103896K, reserved 1138688K
  class space    used 11979K, capacity 12446K, committed 13784K, reserved 1048576K
}
Event: 851.862 GC heap before
{Heap before GC invocations=1539 (full 16):
 def new generation   total 84288K, used 75375K [0x00000000c0000000, 0x00000000c5b70000, 0x00000000d5550000)
  eden space 74944K,  99% used [0x00000000c0000000, 0x00000000c48d4498, 0x00000000c4930000)
  from space 9344K,   8% used [0x00000000c5250000, 0x00000000c53177f8, 0x00000000c5b70000)
  to   space 9344K,   0% used [0x00000000c4930000, 0x00000000c4930000, 0x00000000c5250000)
 tenured generation   total 187112K, used 130273K [0x00000000d5550000, 0x00000000e0c0a000, 0x0000000100000000)
   the space 187112K,  69% used [0x00000000d5550000, 0x00000000dd488768, 0x00000000dd488800, 0x00000000e0c0a000)
 Metaspace       used 92647K, capacity 95635K, committed 103896K, reserved 1138688K
  class space    used 11979K, capacity 12447K, committed 13784K, reserved 1048576K
Event: 851.870 GC heap after
Heap after GC invocations=1540 (full 16):
 def new generation   total 84288K, used 1242K [0x00000000c0000000, 0x00000000c5b70000, 0x00000000d5550000)
  eden space 74944K,   0% used [0x00000000c0000000, 0x00000000c0000000, 0x00000000c4930000)
  from space 9344K,  13% used [0x00000000c4930000, 0x00000000c4a66918, 0x00000000c5250000)
  to   space 9344K,   0% used [0x00000000c5250000, 0x00000000c5250000, 0x00000000c5b70000)
 tenured generation   total 187112K, used 146657K [0x00000000d5550000, 0x00000000e0c0a000, 0x0000000100000000)
   the space 187112K,  78% used [0x00000000d5550000, 0x00000000de488778, 0x00000000de488800, 0x00000000e0c0a000)
 Metaspace       used 92647K, capacity 95635K, committed 103896K, reserved 1138688K
  class space    used 11979K, capacity 12447K, committed 13784K, reserved 1048576K
}
Event: 852.116 GC heap before
{Heap before GC invocations=1540 (full 16):
 def new generation   total 84288K, used 72508K [0x00000000c0000000, 0x00000000c5b70000, 0x00000000d5550000)
  eden space 74944K,  95% used [0x00000000c0000000, 0x00000000c4598a18, 0x00000000c4930000)
  from space 9344K,  13% used [0x00000000c4930000, 0x00000000c4a66918, 0x00000000c5250000)
  to   space 9344K,   0% used [0x00000000c5250000, 0x00000000c5250000, 0x00000000c5b70000)
 tenured generation   total 187112K, used 146657K [0x00000000d5550000, 0x00000000e0c0a000, 0x0000000100000000)
   the space 187112K,  78% used [0x00000000d5550000, 0x00000000de488778, 0x00000000de488800, 0x00000000e0c0a000)
 Metaspace       used 92658K, capacity 95653K, committed 103896K, reserved 1138688K
  class space    used 11981K, capacity 12450K, committed 13784K, reserved 1048576K
Event: 852.124 GC heap after
Heap after GC invocations=1541 (full 16):
 def new generation   total 84288K, used 1889K [0x00000000c0000000, 0x00000000c5b70000, 0x00000000d5550000)
  eden space 74944K,   0% used [0x00000000c0000000, 0x00000000c0000000, 0x00000000c4930000)
  from space 9344K,  20% used [0x00000000c5250000, 0x00000000c5428678, 0x00000000c5b70000)
  to   space 9344K,   0% used [0x00000000c4930000, 0x00000000c4930000, 0x00000000c5250000)
 tenured generation   total 187112K, used 163041K [0x00000000d5550000, 0x00000000e0c0a000, 0x0000000100000000)
   the space 187112K,  87% used [0x00000000d5550000, 0x00000000df488788, 0x00000000df488800, 0x00000000e0c0a000)
 Metaspace       used 92658K, capacity 95653K, committed 103896K, reserved 1138688K
  class space    used 11981K, capacity 12450K, committed 13784K, reserved 1048576K
}
Event: 852.283 GC heap before
{Heap before GC invocations=1541 (full 16):
 def new generation   total 84288K, used 75049K [0x00000000c0000000, 0x00000000c5b70000, 0x00000000d5550000)
  eden space 74944K,  97% used [0x00000000c0000000, 0x00000000c4772068, 0x00000000c4930000)
  from space 9344K,  20% used [0x00000000c5250000, 0x00000000c5428678, 0x00000000c5b70000)
  to   space 9344K,   0% used [0x00000000c4930000, 0x00000000c4930000, 0x00000000c5250000)
 tenured generation   total 187112K, used 163041K [0x00000000d5550000, 0x00000000e0c0a000, 0x0000000100000000)
   the space 187112K,  87% used [0x00000000d5550000, 0x00000000df488788, 0x00000000df488800, 0x00000000e0c0a000)
 Metaspace       used 92665K, capacity 95665K, committed 103896K, reserved 1138688K
  class space    used 11982K, capacity 12452K, committed 13784K, reserved 1048576K
Event: 852.291 GC heap after
Heap after GC invocations=1542 (full 16):
 def new generation   total 84288K, used 2114K [0x00000000c0000000, 0x00000000c5b70000, 0x00000000d5550000)
  eden space 74944K,   0% used [0x00000000c0000000, 0x00000000c0000000, 0x00000000c4930000)
  from space 9344K,  22% used [0x00000000c4930000, 0x00000000c4b40840, 0x00000000c5250000)
  to   space 9344K,   0% used [0x00000000c5250000, 0x00000000c5250000, 0x00000000c5b70000)
 tenured generation   total 187112K, used 179425K [0x00000000d5550000, 0x00000000e0c0a000, 0x0000000100000000)
   the space 187112K,  95% used [0x00000000d5550000, 0x00000000e0488798, 0x00000000e0488800, 0x00000000e0c0a000)
 Metaspace       used 92665K, capacity 95665K, committed 103896K, reserved 1138688K
  class space    used 11982K, capacity 12452K, committed 13784K, reserved 1048576K
}
Event: 852.403 GC heap before
{Heap before GC invocations=1542 (full 16):
 def new generation   total 84288K, used 77058K [0x00000000c0000000, 0x00000000c5b70000, 0x00000000d5550000)
  eden space 74944K, 100% used [0x00000000c0000000, 0x00000000c4930000, 0x00000000c4930000)
  from space 9344K,  22% used [0x00000000c4930000, 0x00000000c4b40840, 0x00000000c5250000)
  to   space 9344K,   0% used [0x00000000c5250000, 0x00000000c5250000, 0x00000000c5b70000)
 tenured generation   total 187112K, used 179425K [0x00000000d5550000, 0x00000000e0c0a000, 0x0000000100000000)
   the space 187112K,  95% used [0x00000000d5550000, 0x00000000e0488798, 0x00000000e0488800, 0x00000000e0c0a000)
 Metaspace       used 92673K, capacity 95677K, committed 103896K, reserved 1138688K
  class space    used 11983K, capacity 12454K, committed 13784K, reserved 1048576K
Event: 852.408 GC heap after
Heap after GC invocations=1543 (full 16):
 def new generation   total 84288K, used 2551K [0x00000000c0000000, 0x00000000c5b70000, 0x00000000d5550000)
  eden space 74944K,   0% used [0x00000000c0000000, 0x00000000c0000000, 0x00000000c4930000)
  from space 9344K,  27% used [0x00000000c5250000, 0x00000000c54cdd20, 0x00000000c5b70000)
  to   space 9344K,   0% used [0x00000000c4930000, 0x00000000c4930000, 0x00000000c5250000)
 tenured generation   total 187112K, used 179425K [0x00000000d5550000, 0x00000000e0c0a000, 0x0000000100000000)
   the space 187112K,  95% used [0x00000000d5550000, 0x00000000e0488798, 0x00000000e0488800, 0x00000000e0c0a000)
 Metaspace       used 92673K, capacity 95677K, committed 103896K, reserved 1138688K
  class space    used 11983K, capacity 12454K, committed 13784K, reserved 1048576K
}
Event: 852.688 GC heap before
{Heap before GC invocations=1543 (full 16):
 def new generation   total 84288K, used 77477K [0x00000000c0000000, 0x00000000c5b70000, 0x00000000d5550000)
  eden space 74944K,  99% used [0x00000000c0000000, 0x00000000c492bad8, 0x00000000c4930000)
  from space 9344K,  27% used [0x00000000c5250000, 0x00000000c54cdd20, 0x00000000c5b70000)
  to   space 9344K,   0% used [0x00000000c4930000, 0x00000000c4930000, 0x00000000c5250000)
 tenured generation   total 187112K, used 179425K [0x00000000d5550000, 0x00000000e0c0a000, 0x0000000100000000)
   the space 187112K,  95% used [0x00000000d5550000, 0x00000000e0488798, 0x00000000e0488800, 0x00000000e0c0a000)
 Metaspace       used 92679K, capacity 95683K, committed 103896K, reserved 1138688K
  class space    used 11983K, capacity 12455K, committed 13784K, reserved 1048576K

Deoptimization events (10 events):
Event: 784.683 Thread 0x00007f77ec3e0800 Uncommon trap: reason=unstable_if action=reinterpret pc=0x00007f77fe68f274 method=java.util.concurrent.SynchronousQueue$TransferStack$SNode.tryMatch(Ljava/util/concurrent/SynchronousQueue$TransferStack$SNode;)Z @ 28
Event: 796.004 Thread 0x00007f77e0314800 Uncommon trap: reason=class_check action=maybe_recompile pc=0x00007f77fdf4e2f0 method=org.apache.spark.sql.catalyst.plans.logical.Sample.equals(Ljava/lang/Object;)Z @ 8
Event: 796.004 Thread 0x00007f77e0314800 Uncommon trap: reason=class_check action=maybe_recompile pc=0x00007f77fdf4e2f0 method=org.apache.spark.sql.catalyst.plans.logical.Sample.equals(Ljava/lang/Object;)Z @ 8
Event: 796.007 Thread 0x00007f77e0314800 Uncommon trap: reason=unstable_if action=reinterpret pc=0x00007f7800b44178 method=org.apache.spark.sql.catalyst.optimizer.RemoveRedundantProject$$anonfun$apply$4.applyOrElse(Lorg/apache/spark/sql/catalyst/plans/logical/LogicalPlan;Lscala/Function1;)Ljava/
Event: 796.008 Thread 0x00007f77e0314800 Uncommon trap: reason=class_check action=maybe_recompile pc=0x00007f77fde1aa38 method=org.apache.spark.sql.catalyst.optimizer.CombineLimits$$anonfun$apply$20.applyOrElse(Lorg/apache/spark/sql/catalyst/plans/logical/LogicalPlan;Lscala/Function1;)Ljava/lang
Event: 820.906 Thread 0x00007f77e0314800 Uncommon trap: reason=null_check action=make_not_entrant pc=0x00007f7800cf3d94 method=org.apache.spark.rdd.RDD.<init>(Lorg/apache/spark/SparkContext;Lscala/collection/Seq;Lscala/reflect/ClassTag;)V @ 34
Event: 822.308 Thread 0x00007f77ec3e1000 Uncommon trap: reason=class_check action=maybe_recompile pc=0x00007f78008342dc method=scala.collection.generic.TraversableForwarder$class.toStream(Lscala/collection/generic/TraversableForwarder;)Lscala/collection/immutable/Stream; @ 6
Event: 842.268 Thread 0x00007f77ec7a8000 Uncommon trap: reason=unstable_if action=reinterpret pc=0x00007f780035562c method=java.util.concurrent.ConcurrentSkipListMap.tryReduceLevel()V @ 41
Event: 850.608 Thread 0x00007f77ec3e0800 Uncommon trap: reason=class_check action=maybe_recompile pc=0x00007f78008342dc method=scala.collection.generic.TraversableForwarder$class.toStream(Lscala/collection/generic/TraversableForwarder;)Lscala/collection/immutable/Stream; @ 6
Event: 851.244 Thread 0x00007f77ec0e1000 Uncommon trap: reason=unstable_if action=reinterpret pc=0x00007f77fe5cacac method=java.util.concurrent.ConcurrentHashMap.replaceNode(Ljava/lang/Object;Ljava/lang/Object;Ljava/lang/Object;)Ljava/lang/Object; @ 150

Classes redefined (0 events):
No events

Internal exceptions (10 events):
Event: 229.400 Thread 0x00007f77e40f6000 Implicit null exception at 0x00007f77fee84f7b to 0x00007f77fee86301
Event: 229.400 Thread 0x00007f77e085a800 Implicit null exception at 0x00007f77fee84f7b to 0x00007f77fee86301
Event: 229.401 Thread 0x00007f77e418c000 Implicit null exception at 0x00007f77fee84f7b to 0x00007f77fee86301
Event: 229.401 Thread 0x00007f77e41ad800 Implicit null exception at 0x00007f77fee84f7b to 0x00007f77fee86301
Event: 229.401 Thread 0x00007f77e40c5800 Implicit null exception at 0x00007f77fee84f7b to 0x00007f77fee86301
Event: 229.401 Thread 0x00007f77f80d9000 Implicit null exception at 0x00007f77fee84f7b to 0x00007f77fee86301
Event: 229.501 Thread 0x00007f77f8121800 Implicit null exception at 0x00007f77fee84f7b to 0x00007f77fee86301
Event: 521.755 Thread 0x00007f77e0314800 Exception <a 'java/lang/NoSuchMethodError': <clinit>> (0x00000000c366d4c8) thrown at [/build/openjdk-8-g3XteX/openjdk-8-8u222-b10/src/hotspot/src/share/vm/prims/jni.cpp, line 1615]
Event: 521.763 Thread 0x00007f77e0314800 Exception <a 'java/lang/NoSuchMethodError': <clinit>> (0x00000000c369da90) thrown at [/build/openjdk-8-g3XteX/openjdk-8-8u222-b10/src/hotspot/src/share/vm/prims/jni.cpp, line 1615]
Event: 782.473 Thread 0x00007f77e0314800 Exception <a 'java/lang/NoSuchMethodError': <clinit>> (0x00000000c320c7d8) thrown at [/build/openjdk-8-g3XteX/openjdk-8-8u222-b10/src/hotspot/src/share/vm/prims/jni.cpp, line 1615]

Events (10 events):
Event: 852.564 loading class org/apache/spark/ml done
Event: 852.565 loading class org/apache/spark/ml/linalg
Event: 852.565 loading class org/apache/spark/ml/linalg done
Event: 852.565 loading class org/apache/spark/ml/linalg/package
Event: 852.565 loading class org/apache/spark/ml/linalg/package done
Event: 852.627 Thread 0x00007f77e0e4a800 Thread exited: 0x00007f77e0e4a800
Event: 852.645 Thread 0x00007f780c0b6000 flushing nmethod 0x00007f77fd5b7690
Event: 852.645 Thread 0x00007f780c0b6000 flushing nmethod 0x00007f77fd5e6610
Event: 852.645 Thread 0x00007f780c0b6000 flushing nmethod 0x00007f77fd6f80d0
Event: 852.688 Executing VM operation: GenCollectForAllocation


Dynamic libraries:
00400000-00401000 r-xp 00000000 ca:01 286273                             /usr/lib/jvm/java-8-openjdk-amd64/jre/bin/java
00600000-00601000 r--p 00000000 ca:01 286273                             /usr/lib/jvm/java-8-openjdk-amd64/jre/bin/java
00601000-00602000 rw-p 00001000 ca:01 286273                             /usr/lib/jvm/java-8-openjdk-amd64/jre/bin/java
01157000-01199000 rw-p 00000000 00:00 0                                  [heap]
c0000000-c5b70000 rw-p 00000000 00:00 0 
c5b70000-d5550000 ---p 00000000 00:00 0 
d5550000-e1c0b000 rw-p 00000000 00:00 0 
e62be000-100000000 ---p 00000000 00:00 0 
100000000-100d76000 rw-p 00000000 00:00 0 
100d76000-140000000 ---p 00000000 00:00 0 
7f77cc000000-7f77cf1e9000 rw-p 00000000 00:00 0 
7f77cf1e9000-7f77d0000000 ---p 00000000 00:00 0 
7f77d3b24000-7f77d3d24000 rw-p 00000000 00:00 0 
7f77d3d24000-7f77d3f24000 rw-p 00000000 00:00 0 
7f77d3f24000-7f77d3f27000 ---p 00000000 00:00 0 
7f77d3f27000-7f77d4225000 rw-p 00000000 00:00 0 
7f77d4225000-7f77d4228000 ---p 00000000 00:00 0 
7f77d4228000-7f77d4326000 rw-p 00000000 00:00 0 
7f77d4326000-7f77d4329000 ---p 00000000 00:00 0 
7f77d4329000-7f77d4627000 rw-p 00000000 00:00 0 
7f77d4627000-7f77d462a000 ---p 00000000 00:00 0 
7f77d462a000-7f77d4728000 rw-p 00000000 00:00 0 
7f77d4728000-7f77d472b000 ---p 00000000 00:00 0 
7f77d472b000-7f77d4829000 rw-p 00000000 00:00 0 
7f77d4829000-7f77d482c000 ---p 00000000 00:00 0 
7f77d482c000-7f77d4b2a000 rw-p 00000000 00:00 0 
7f77d4b2a000-7f77d4d2a000 rw-p 00000000 00:00 0 
7f77d4d2a000-7f77d4f2a000 rw-p 00000000 00:00 0 
7f77d4f2a000-7f77d512a000 rw-p 00000000 00:00 0 
7f77d512a000-7f77d532a000 rw-p 00000000 00:00 0 
7f77d532a000-7f77d552a000 rw-p 00000000 00:00 0 
7f77d552a000-7f77d572a000 rw-p 00000000 00:00 0 
7f77d572a000-7f77d572d000 ---p 00000000 00:00 0 
7f77d572d000-7f77d582b000 rw-p 00000000 00:00 0 
7f77d582b000-7f77d582e000 ---p 00000000 00:00 0 
7f77d582e000-7f77d592c000 rw-p 00000000 00:00 0 
7f77d592c000-7f77d592f000 ---p 00000000 00:00 0 
7f77d592f000-7f77d5a2d000 rw-p 00000000 00:00 0 
7f77d5a2d000-7f77d5a30000 ---p 00000000 00:00 0 
7f77d5a30000-7f77d5b2e000 rw-p 00000000 00:00 0 
7f77d5b2e000-7f77d5b31000 ---p 00000000 00:00 0 
7f77d5b31000-7f77d5c2f000 rw-p 00000000 00:00 0 
7f77d5c2f000-7f77d5c32000 ---p 00000000 00:00 0 
7f77d5c32000-7f77d5d30000 rw-p 00000000 00:00 0 
7f77d5d30000-7f77d5d33000 ---p 00000000 00:00 0 
7f77d5d33000-7f77d5e31000 rw-p 00000000 00:00 0 
7f77d5e31000-7f77d5e34000 ---p 00000000 00:00 0 
7f77d5e34000-7f77d5f32000 rw-p 00000000 00:00 0 
7f77d5f32000-7f77d5f35000 ---p 00000000 00:00 0 
7f77d5f35000-7f77d6233000 rw-p 00000000 00:00 0 
7f77d6233000-7f77d6236000 ---p 00000000 00:00 0 
7f77d6236000-7f77d6534000 rw-p 00000000 00:00 0 
7f77d6534000-7f77d6537000 ---p 00000000 00:00 0 
7f77d6537000-7f77d6835000 rw-p 00000000 00:00 0 
7f77d6835000-7f77d6838000 ---p 00000000 00:00 0 
7f77d6838000-7f77d6936000 rw-p 00000000 00:00 0 
7f77d6936000-7f77d6939000 ---p 00000000 00:00 0 
7f77d6939000-7f77d6c37000 rw-p 00000000 00:00 0 
7f77d6c37000-7f77d6c3a000 ---p 00000000 00:00 0 
7f77d6c3a000-7f77d6d38000 rw-p 00000000 00:00 0 
7f77d6d38000-7f77d6d3b000 ---p 00000000 00:00 0 
7f77d6d3b000-7f77d7039000 rw-p 00000000 00:00 0 
7f77d7039000-7f77d703c000 ---p 00000000 00:00 0 
7f77d703c000-7f77d713a000 rw-p 00000000 00:00 0 
7f77d713a000-7f77d713d000 ---p 00000000 00:00 0 
7f77d713d000-7f77d723b000 rw-p 00000000 00:00 0 
7f77d723b000-7f77d723e000 ---p 00000000 00:00 0 
7f77d723e000-7f77d733c000 rw-p 00000000 00:00 0 
7f77d733c000-7f77d733f000 ---p 00000000 00:00 0 
7f77d733f000-7f77d763d000 rw-p 00000000 00:00 0 
7f77d763d000-7f77d7640000 ---p 00000000 00:00 0 
7f77d7640000-7f77d793e000 rw-p 00000000 00:00 0 
7f77d793e000-7f77d7b3e000 rw-p 00000000 00:00 0 
7f77d7b3e000-7f77d7d3e000 rw-p 00000000 00:00 0 
7f77d7d3e000-7f77d7d41000 ---p 00000000 00:00 0 
7f77d7d41000-7f77d7e3f000 rw-p 00000000 00:00 0 
7f77d7e3f000-7f77d7e42000 ---p 00000000 00:00 0 
7f77d7e42000-7f77d7f40000 rw-p 00000000 00:00 0 
7f77d7f40000-7f77d7f43000 ---p 00000000 00:00 0 
7f77d7f43000-7f77d8041000 rw-p 00000000 00:00 0 
7f77d8041000-7f77d8044000 ---p 00000000 00:00 0 
7f77d8044000-7f77d8142000 rw-p 00000000 00:00 0 
7f77d8142000-7f77d8145000 ---p 00000000 00:00 0 
7f77d8145000-7f77d8243000 rw-p 00000000 00:00 0 
7f77d8243000-7f77d8246000 ---p 00000000 00:00 0 
7f77d8246000-7f77d8544000 rw-p 00000000 00:00 0 
7f77d8544000-7f77d8551000 r-xp 00000000 ca:01 4813                       /tmp/liblz4-java3521598641703839784.so
7f77d8551000-7f77d8750000 ---p 0000d000 ca:01 4813                       /tmp/liblz4-java3521598641703839784.so
7f77d8750000-7f77d8751000 rw-p 0000c000 ca:01 4813                       /tmp/liblz4-java3521598641703839784.so
7f77d8751000-7f77d8951000 rw-p 00000000 00:00 0 
7f77d8951000-7f77d8b51000 rw-p 00000000 00:00 0 
7f77d8b51000-7f77d8d51000 rw-p 00000000 00:00 0 
7f77d8d51000-7f77d8f51000 rw-p 00000000 00:00 0 
7f77d8f51000-7f77d9151000 rw-p 00000000 00:00 0 
7f77d9151000-7f77d9351000 rw-p 00000000 00:00 0 
7f77d9351000-7f77d9551000 rw-p 00000000 00:00 0 
7f77d9551000-7f77d9751000 rw-p 00000000 00:00 0 
7f77d9751000-7f77d9951000 rw-p 00000000 00:00 0 
7f77d99cb000-7f77d9bcb000 rw-p 00000000 00:00 0 
7f77d9bcb000-7f77d9bce000 ---p 00000000 00:00 0 
7f77d9bce000-7f77d9ecc000 rw-p 00000000 00:00 0 
7f77d9ecc000-7f77d9ecf000 ---p 00000000 00:00 0 
7f77d9ecf000-7f77d9fcd000 rw-p 00000000 00:00 0 
7f77da0c5000-7f77da0c8000 ---p 00000000 00:00 0 
7f77da0c8000-7f77da1c6000 rw-p 00000000 00:00 0 
7f77da2ae000-7f77da2b1000 ---p 00000000 00:00 0 
7f77da2b1000-7f77da5af000 rw-p 00000000 00:00 0 
7f77da5af000-7f77da5b2000 ---p 00000000 00:00 0 
7f77da5b2000-7f77da6b0000 rw-p 00000000 00:00 0 
7f77da6b0000-7f77da6b3000 ---p 00000000 00:00 0 
7f77da6b3000-7f77da7b1000 rw-p 00000000 00:00 0 
7f77da7b1000-7f77da7b4000 ---p 00000000 00:00 0 
7f77da7b4000-7f77da8b2000 rw-p 00000000 00:00 0 
7f77da8b2000-7f77da8b5000 ---p 00000000 00:00 0 
7f77da8b5000-7f77da9b3000 rw-p 00000000 00:00 0 
7f77da9b3000-7f77da9b6000 ---p 00000000 00:00 0 
7f77da9b6000-7f77daab4000 rw-p 00000000 00:00 0 
7f77daab4000-7f77daab7000 ---p 00000000 00:00 0 
7f77daab7000-7f77dabb5000 rw-p 00000000 00:00 0 
7f77dabb5000-7f77dabb8000 ---p 00000000 00:00 0 
7f77dabb8000-7f77dacb6000 rw-p 00000000 00:00 0 
7f77dacb6000-7f77dacb9000 ---p 00000000 00:00 0 
7f77dacb9000-7f77dadb7000 rw-p 00000000 00:00 0 
7f77dadb7000-7f77dadba000 ---p 00000000 00:00 0 
7f77dadba000-7f77daeb8000 rw-p 00000000 00:00 0 
7f77daeb8000-7f77daebb000 ---p 00000000 00:00 0 
7f77daebb000-7f77dafb9000 rw-p 00000000 00:00 0 
7f77dafb9000-7f77dafbc000 ---p 00000000 00:00 0 
7f77dafbc000-7f77db0ba000 rw-p 00000000 00:00 0 
7f77db0ba000-7f77db0bd000 ---p 00000000 00:00 0 
7f77db0bd000-7f77db1bb000 rw-p 00000000 00:00 0 
7f77db1bb000-7f77db1be000 ---p 00000000 00:00 0 
7f77db1be000-7f77db2bc000 rw-p 00000000 00:00 0 
7f77db2bc000-7f77db2bf000 ---p 00000000 00:00 0 
7f77db2bf000-7f77db5bd000 rw-p 00000000 00:00 0 
7f77db5bd000-7f77db5c0000 ---p 00000000 00:00 0 
7f77db5c0000-7f77db8be000 rw-p 00000000 00:00 0 
7f77db8be000-7f77db8c1000 ---p 00000000 00:00 0 
7f77db8c1000-7f77db9bf000 rw-p 00000000 00:00 0 
7f77db9bf000-7f77db9c2000 ---p 00000000 00:00 0 
7f77db9c2000-7f77dbac0000 rw-p 00000000 00:00 0 
7f77dbac0000-7f77dbac3000 ---p 00000000 00:00 0 
7f77dbac3000-7f77dbbc1000 rw-p 00000000 00:00 0 
7f77dbbc1000-7f77dbbc4000 ---p 00000000 00:00 0 
7f77dbbc4000-7f77dbcc2000 rw-p 00000000 00:00 0 
7f77dbcc2000-7f77dbcc5000 ---p 00000000 00:00 0 
7f77dbcc5000-7f77dbdc3000 rw-p 00000000 00:00 0 
7f77dbdc3000-7f77dbdc6000 ---p 00000000 00:00 0 
7f77dbdc6000-7f77dbec4000 rw-p 00000000 00:00 0 
7f77dbec4000-7f77dbec7000 ---p 00000000 00:00 0 
7f77dbec7000-7f77dbfc5000 rw-p 00000000 00:00 0 
7f77dbfc5000-7f77dbfc8000 ---p 00000000 00:00 0 
7f77dbfc8000-7f77dc0c6000 rw-p 00000000 00:00 0 
7f77dc0c6000-7f77dc0c9000 ---p 00000000 00:00 0 
7f77dc0c9000-7f77dc1c7000 rw-p 00000000 00:00 0 
7f77dc1c7000-7f77dc1d8000 r-xp 00000000 ca:01 286360                     /usr/lib/jvm/java-8-openjdk-amd64/jre/lib/amd64/libnio.so
7f77dc1d8000-7f77dc3d7000 ---p 00011000 ca:01 286360                     /usr/lib/jvm/java-8-openjdk-amd64/jre/lib/amd64/libnio.so
7f77dc3d7000-7f77dc3d8000 r--p 00010000 ca:01 286360                     /usr/lib/jvm/java-8-openjdk-amd64/jre/lib/amd64/libnio.so
7f77dc3d8000-7f77dc3d9000 rw-p 00011000 ca:01 286360                     /usr/lib/jvm/java-8-openjdk-amd64/jre/lib/amd64/libnio.so
7f77dc3d9000-7f77dc5d9000 rw-p 00000000 00:00 0 
7f77dc5d9000-7f77dc5dc000 ---p 00000000 00:00 0 
7f77dc5dc000-7f77dc8da000 rw-p 00000000 00:00 0 
7f77dc8da000-7f77dc8f1000 r-xp 00000000 ca:01 1984                       /lib/x86_64-linux-gnu/libresolv-2.23.so
7f77dc8f1000-7f77dcaf1000 ---p 00017000 ca:01 1984                       /lib/x86_64-linux-gnu/libresolv-2.23.so
7f77dcaf1000-7f77dcaf2000 r--p 00017000 ca:01 1984                       /lib/x86_64-linux-gnu/libresolv-2.23.so
7f77dcaf2000-7f77dcaf3000 rw-p 00018000 ca:01 1984                       /lib/x86_64-linux-gnu/libresolv-2.23.so
7f77dcaf3000-7f77dcaf5000 rw-p 00000000 00:00 0 
7f77dcaf5000-7f77dcafa000 r-xp 00000000 ca:01 1990                       /lib/x86_64-linux-gnu/libnss_dns-2.23.so
7f77dcafa000-7f77dccfa000 ---p 00005000 ca:01 1990                       /lib/x86_64-linux-gnu/libnss_dns-2.23.so
7f77dccfa000-7f77dccfb000 r--p 00005000 ca:01 1990                       /lib/x86_64-linux-gnu/libnss_dns-2.23.so
7f77dccfb000-7f77dccfc000 rw-p 00006000 ca:01 1990                       /lib/x86_64-linux-gnu/libnss_dns-2.23.so
7f77dccfc000-7f77dccfd000 r-xp 00000000 ca:01 286366                     /usr/lib/jvm/java-8-openjdk-amd64/jre/lib/amd64/libjaas_unix.so
7f77dccfd000-7f77dcefc000 ---p 00001000 ca:01 286366                     /usr/lib/jvm/java-8-openjdk-amd64/jre/lib/amd64/libjaas_unix.so
7f77dcefc000-7f77dcefd000 r--p 00000000 ca:01 286366                     /usr/lib/jvm/java-8-openjdk-amd64/jre/lib/amd64/libjaas_unix.so
7f77dcefd000-7f77dcefe000 rw-p 00001000 ca:01 286366                     /usr/lib/jvm/java-8-openjdk-amd64/jre/lib/amd64/libjaas_unix.so
7f77dcefe000-7f77dcf01000 ---p 00000000 00:00 0 
7f77dcf01000-7f77e0000000 rw-p 00000000 00:00 0 
7f77e0000000-7f77e2e07000 rw-p 00000000 00:00 0 
7f77e2e07000-7f77e4000000 ---p 00000000 00:00 0 
7f77e4000000-7f77e4a82000 rw-p 00000000 00:00 0 
7f77e4a82000-7f77e8000000 ---p 00000000 00:00 0 
7f77e8000000-7f77e818b000 rw-p 00000000 00:00 0 
7f77e818b000-7f77ec000000 ---p 00000000 00:00 0 
7f77ec000000-7f77eff89000 rw-p 00000000 00:00 0 
7f77eff89000-7f77f0000000 ---p 00000000 00:00 0 
7f77f0000000-7f77f0039000 rw-p 00000000 00:00 0 
7f77f0039000-7f77f4000000 ---p 00000000 00:00 0 
7f77f4000000-7f77f4021000 rw-p 00000000 00:00 0 
7f77f4021000-7f77f8000000 ---p 00000000 00:00 0 
7f77f8000000-7f77f8756000 rw-p 00000000 00:00 0 
7f77f8756000-7f77fc000000 ---p 00000000 00:00 0 
7f77fc088000-7f77fc08a000 r--s 00016000 ca:01 286312                     /usr/lib/jvm/java-8-openjdk-amd64/jre/lib/jce.jar
7f77fc08a000-7f77fc08f000 r--s 000a3000 ca:01 286376                     /usr/lib/jvm/java-8-openjdk-amd64/jre/lib/jsse.jar
7f77fc08f000-7f77fc0a2000 r--s 00346000 ca:01 286377                     /usr/lib/jvm/java-8-openjdk-amd64/jre/lib/resources.jar
7f77fc0a2000-7f77fc0a5000 ---p 00000000 00:00 0 
7f77fc0a5000-7f77fc2db000 rw-p 00000000 00:00 0 
7f77fc2db000-7f77fc4db000 rw-p 00000000 00:00 0 
7f77fc4db000-7f77fc4e4000 r-xp 00000000 ca:01 286338                     /usr/lib/jvm/java-8-openjdk-amd64/jre/lib/amd64/libmanagement.so
7f77fc4e4000-7f77fc6e3000 ---p 00009000 ca:01 286338                     /usr/lib/jvm/java-8-openjdk-amd64/jre/lib/amd64/libmanagement.so
7f77fc6e3000-7f77fc6e4000 r--p 00008000 ca:01 286338                     /usr/lib/jvm/java-8-openjdk-amd64/jre/lib/amd64/libmanagement.so
7f77fc6e4000-7f77fc6e5000 rw-p 00009000 ca:01 286338                     /usr/lib/jvm/java-8-openjdk-amd64/jre/lib/amd64/libmanagement.so
7f77fc6e5000-7f77fc6e8000 ---p 00000000 00:00 0 
7f77fc6e8000-7f77fc7e6000 rw-p 00000000 00:00 0 
7f77fc7e6000-7f77fc7e9000 ---p 00000000 00:00 0 
7f77fc7e9000-7f77fcae7000 rw-p 00000000 00:00 0 
7f77fcae7000-7f77fcaea000 ---p 00000000 00:00 0 
7f77fcaea000-7f77fcbe8000 rw-p 00000000 00:00 0 
7f77fcbe8000-7f77fcbfe000 r-xp 00000000 ca:01 286343                     /usr/lib/jvm/java-8-openjdk-amd64/jre/lib/amd64/libnet.so
7f77fcbfe000-7f77fcdfe000 ---p 00016000 ca:01 286343                     /usr/lib/jvm/java-8-openjdk-amd64/jre/lib/amd64/libnet.so
7f77fcdfe000-7f77fcdff000 r--p 00016000 ca:01 286343                     /usr/lib/jvm/java-8-openjdk-amd64/jre/lib/amd64/libnet.so
7f77fcdff000-7f77fce00000 rw-p 00017000 ca:01 286343                     /usr/lib/jvm/java-8-openjdk-amd64/jre/lib/amd64/libnet.so
7f77fce00000-7f77fce03000 r--s 00015000 ca:01 261533                     /home/ubuntu/spark-2.1.1-bin-hadoop2.7/jars/javax.servlet-api-3.1.0.jar
7f77fce03000-7f77fce2f000 r--s 001c9000 ca:01 261798                     /home/ubuntu/spark-2.1.1-bin-hadoop2.7/jars/shapeless_2.11-2.0.0.jar
7f77fce2f000-7f77fce3a000 r--s 000b0000 ca:01 261731                     /home/ubuntu/spark-2.1.1-bin-hadoop2.7/jars/jtransforms-2.4.0.jar
7f77fce3a000-7f77fce40000 r--s 00043000 ca:01 261858                     /home/ubuntu/spark-2.1.1-bin-hadoop2.7/jars/commons-configuration-1.6.jar
7f77fce40000-7f77fce44000 r--s 00019000 ca:01 261784                     /home/ubuntu/spark-2.1.1-bin-hadoop2.7/jars/javax.ws.rs-api-2.0.1.jar
7f77fce44000-7f77fce46000 r--s 00009000 ca:01 261839                     /home/ubuntu/spark-2.1.1-bin-hadoop2.7/jars/commons-cli-1.2.jar
7f77fce46000-7f77fce50000 r--s 00095000 ca:01 261728                     /home/ubuntu/spark-2.1.1-bin-hadoop2.7/jars/scala-xml_2.11-1.0.2.jar
7f77fce50000-7f77fce55000 r--s 00031000 ca:01 261744                     /home/ubuntu/spark-2.1.1-bin-hadoop2.7/jars/parquet-hadoop-1.8.1.jar
7f77fce55000-7f77fce59000 r--s 00020000 ca:01 261720                     /home/ubuntu/spark-2.1.1-bin-hadoop2.7/jars/commons-digester-1.8.jar
7f77fce59000-7f77fce5b000 r--s 00027000 ca:01 261790                     /home/ubuntu/spark-2.1.1-bin-hadoop2.7/jars/core-1.1.2.jar
7f77fce5b000-7f77fce72000 r--s 00183000 ca:01 261753                     /home/ubuntu/spark-2.1.1-bin-hadoop2.7/jars/hadoop-yarn-common-2.7.3.jar
7f77fce72000-7f77fce78000 r--s 00044000 ca:01 261763                     /home/ubuntu/spark-2.1.1-bin-hadoop2.7/jars/antlr4-runtime-4.5.3.jar
7f77fce78000-7f77fce7a000 r--s 0000b000 ca:01 261840                     /home/ubuntu/spark-2.1.1-bin-hadoop2.7/jars/chill-java-0.8.0.jar
7f77fce7a000-7f77fce84000 r--s 00086000 ca:01 261718                     /home/ubuntu/spark-2.1.1-bin-hadoop2.7/jars/json4s-core_2.11-3.2.11.jar
7f77fce84000-7f77fce86000 r--s 0000f000 ca:01 261566                     /home/ubuntu/spark-2.1.1-bin-hadoop2.7/jars/activation-1.1.1.jar
7f77fce86000-7f77fce8a000 r--s 00031000 ca:01 261583                     /home/ubuntu/spark-2.1.1-bin-hadoop2.7/jars/jline-2.12.1.jar
7f77fce8a000-7f77fce90000 r--s 00028000 ca:01 261745                     /home/ubuntu/spark-2.1.1-bin-hadoop2.7/jars/curator-framework-2.6.0.jar
7f77fce90000-7f77fce9d000 r--s 000b1000 ca:01 261545                     /home/ubuntu/spark-2.1.1-bin-hadoop2.7/jars/hadoop-mapreduce-client-common-2.7.3.jar
7f77fce9d000-7f77fce9f000 r--s 00009000 ca:01 261758                     /home/ubuntu/spark-2.1.1-bin-hadoop2.7/jars/jackson-module-paranamer-2.6.5.jar
7f77fce9f000-7f77fcea7000 r--s 00066000 ca:01 261732                     /home/ubuntu/spark-2.1.1-bin-hadoop2.7/jars/apache-log4j-extras-1.2.17.jar
7f77fcea7000-7f77fceb5000 r--s 00078000 ca:01 261756                     /home/ubuntu/spark-2.1.1-bin-hadoop2.7/jars/spark-mesos_2.11-2.1.1.jar
7f77fceb5000-7f77fcee3000 r--s 00212000 ca:01 261712                     /home/ubuntu/spark-2.1.1-bin-hadoop2.7/jars/spark-network-common_2.11-2.1.1.jar
7f77fcee3000-7f77fceeb000 r--s 0006e000 ca:01 261765                     /home/ubuntu/spark-2.1.1-bin-hadoop2.7/jars/commons-lang3-3.5.jar
7f77fceeb000-7f77fcf01000 r--s 001a4000 ca:01 261613                     /home/ubuntu/spark-2.1.1-bin-hadoop2.7/jars/datanucleus-rdbms-3.2.9.jar
7f77fcf01000-7f77fcf75000 r--s 00574000 ca:01 261739                     /home/ubuntu/spark-2.1.1-bin-hadoop2.7/jars/spark-mllib_2.11-2.1.1.jar
7f77fcf75000-7f77fd000000 r--s 0069e000 ca:01 261713                     /home/ubuntu/spark-2.1.1-bin-hadoop2.7/jars/spark-catalyst_2.11-2.1.1.jar
7f77fd000000-7f7800f20000 rwxp 00000000 00:00 0 
7f7800f20000-7f780c000000 ---p 00000000 00:00 0 
7f780c000000-7f780cdb3000 rw-p 00000000 00:00 0 
7f780cdb3000-7f7810000000 ---p 00000000 00:00 0 
7f7810000000-7f7810001000 r--s 00004000 ca:01 261711                     /home/ubuntu/spark-2.1.1-bin-hadoop2.7/jars/eigenbase-properties-1.1.5.jar
7f7810001000-7f7810002000 r--s 00009000 ca:01 261845                     /home/ubuntu/spark-2.1.1-bin-hadoop2.7/jars/slf4j-api-1.7.16.jar
7f7810002000-7f7810003000 r--s 00004000 ca:01 261710                     /home/ubuntu/spark-2.1.1-bin-hadoop2.7/jars/jackson-jaxrs-1.9.13.jar
7f7810003000-7f7810005000 r--s 00012000 ca:01 261803                     /home/ubuntu/spark-2.1.1-bin-hadoop2.7/jars/api-util-1.0.0-M20.jar
7f7810005000-7f7810007000 r--s 00004000 ca:01 261587                     /home/ubuntu/spark-2.1.1-bin-hadoop2.7/jars/stax-api-1.0-2.jar
7f7810007000-7f7810008000 r--s 00009000 ca:01 261830                     /home/ubuntu/spark-2.1.1-bin-hadoop2.7/jars/hive-cli-1.2.1.spark2.jar
7f7810008000-7f7810019000 r--s 0010d000 ca:01 261714                     /home/ubuntu/spark-2.1.1-bin-hadoop2.7/jars/jackson-databind-2.6.5.jar
7f7810019000-7f781001b000 r--s 0000a000 ca:01 261612                     /home/ubuntu/spark-2.1.1-bin-hadoop2.7/jars/spark-unsafe_2.11-2.1.1.jar
7f781001b000-7f781003f000 r--s 001cd000 ca:01 261855                     /home/ubuntu/spark-2.1.1-bin-hadoop2.7/jars/commons-math3-3.4.1.jar
7f781003f000-7f7810043000 r--s 0002a000 ca:01 261747                     /home/ubuntu/spark-2.1.1-bin-hadoop2.7/jars/commons-io-2.4.jar
7f7810043000-7f781004b000 r--s 00059000 ca:01 261611                     /home/ubuntu/spark-2.1.1-bin-hadoop2.7/jars/javolution-5.5.1.jar
7f781004b000-7f781004c000 r--s 00003000 ca:01 261568                     /home/ubuntu/spark-2.1.1-bin-hadoop2.7/jars/jta-1.1.jar
7f781004c000-7f781004f000 r--s 00009000 ca:01 261751                     /home/ubuntu/spark-2.1.1-bin-hadoop2.7/jars/jackson-annotations-2.6.5.jar
7f781004f000-7f781006a000 r--s 001d8000 ca:01 261572                     /home/ubuntu/spark-2.1.1-bin-hadoop2.7/jars/jets3t-0.9.3.jar
7f781006a000-7f781006f000 r--s 0002a000 ca:01 261576                     /home/ubuntu/spark-2.1.1-bin-hadoop2.7/jars/commons-beanutils-1.7.0.jar
7f781006f000-7f7810071000 r--s 00006000 ca:01 261588                     /home/ubuntu/spark-2.1.1-bin-hadoop2.7/jars/paranamer-2.3.jar
7f7810071000-7f7810075000 r--s 0002c000 ca:01 261748                     /home/ubuntu/spark-2.1.1-bin-hadoop2.7/jars/avro-ipc-1.7.7.jar
7f7810075000-7f7810076000 r--s 00003000 ca:01 261594                     /home/ubuntu/spark-2.1.1-bin-hadoop2.7/jars/xmlenc-0.52.jar
7f7810076000-7f7810093000 r--s 001d5000 ca:01 261860                     /home/ubuntu/spark-2.1.1-bin-hadoop2.7/jars/hadoop-yarn-api-2.7.3.jar
7f7810093000-7f7810094000 r--s 00004000 ca:01 261716                     /home/ubuntu/spark-2.1.1-bin-hadoop2.7/jars/opencsv-2.3.jar
7f7810094000-7f7810098000 r--s 00014000 ca:01 261856                     /home/ubuntu/spark-2.1.1-bin-hadoop2.7/jars/xz-1.0.jar
7f7810098000-7f781009b000 r--s 000fd000 ca:01 261604                     /home/ubuntu/spark-2.1.1-bin-hadoop2.7/jars/leveldbjni-all-1.8.jar
7f781009b000-7f78100a1000 r--s 00063000 ca:01 261849                     /home/ubuntu/spark-2.1.1-bin-hadoop2.7/jars/jodd-core-3.5.2.jar
7f78100a1000-7f78100a5000 r--s 00030000 ca:01 261532                     /home/ubuntu/spark-2.1.1-bin-hadoop2.7/jars/commons-net-2.2.jar
7f78100a5000-7f78100a9000 r--s 00028000 ca:01 261608                     /home/ubuntu/spark-2.1.1-bin-hadoop2.7/jars/spark-mllib-local_2.11-2.1.1.jar
7f78100a9000-7f78100b0000 r--s 0007d000 ca:01 261722                     /home/ubuntu/spark-2.1.1-bin-hadoop2.7/jars/jetty-6.1.26.jar
7f78100b0000-7f78100b3000 r--s 0002f000 ca:01 261546                     /home/ubuntu/spark-2.1.1-bin-hadoop2.7/jars/RoaringBitmap-0.5.11.jar
7f78100b3000-7f78100b4000 r--s 00004000 ca:01 261866                     /home/ubuntu/spark-2.1.1-bin-hadoop2.7/jars/osgi-resource-locator-1.0.1.jar
7f78100b4000-7f78100d5000 r--s 0019b000 ca:01 261796                     /home/ubuntu/spark-2.1.1-bin-hadoop2.7/jars/spark-hive-thriftserver_2.11-2.1.1.jar
7f78100d5000-7f78100da000 r--s 00041000 ca:01 261740                     /home/ubuntu/spark-2.1.1-bin-hadoop2.7/jars/commons-lang-2.6.jar
7f78100da000-7f78100dc000 r--s 00020000 ca:01 261749                     /home/ubuntu/spark-2.1.1-bin-hadoop2.7/jars/hive-beeline-1.2.1.spark2.jar
7f78100dc000-7f78100e3000 r--s 00049000 ca:01 261736                     /home/ubuntu/spark-2.1.1-bin-hadoop2.7/jars/httpcore-4.4.4.jar
7f78100e3000-7f78100e5000 r--s 00014000 ca:01 261717                     /home/ubuntu/spark-2.1.1-bin-hadoop2.7/jars/spire-macros_2.11-0.7.4.jar
7f78100e5000-7f78100e6000 r--s 00001000 ca:01 261621                     /home/ubuntu/spark-2.1.1-bin-hadoop2.7/jars/pmml-schema-1.2.15.jar
7f78100e6000-7f78100ea000 r--s 00028000 ca:01 261573                     /home/ubuntu/spark-2.1.1-bin-hadoop2.7/jars/jetty-util-6.1.26.jar
7f78100ea000-7f78100ed000 r--s 00006000 ca:01 261721                     /home/ubuntu/spark-2.1.1-bin-hadoop2.7/jars/jsr305-1.3.9.jar
7f78100ed000-7f78100f4000 r--s 0005d000 ca:01 261793                     /home/ubuntu/spark-2.1.1-bin-hadoop2.7/jars/mx4j-3.0.2.jar
7f78100f4000-7f78100f6000 r--s 0000e000 ca:01 261821                     /home/ubuntu/spark-2.1.1-bin-hadoop2.7/jars/guice-servlet-3.0.jar
7f78100f6000-7f78100fe000 r--s 0007b000 ca:01 261737                     /home/ubuntu/spark-2.1.1-bin-hadoop2.7/jars/protobuf-java-2.5.0.jar
7f78100fe000-7f7810107000 r--s 00062000 ca:01 261580                     /home/ubuntu/spark-2.1.1-bin-hadoop2.7/jars/avro-1.7.7.jar
7f7810107000-7f7810109000 r--s 00003000 ca:01 261733                     /home/ubuntu/spark-2.1.1-bin-hadoop2.7/jars/jcl-over-slf4j-1.7.16.jar
7f7810109000-7f78101d9000 r--s 00cf0000 ca:01 261540                     /home/ubuntu/spark-2.1.1-bin-hadoop2.7/jars/breeze_2.11-0.12.jar
7f78101d9000-7f78101da000 r--s 00002000 ca:01 261619                     /home/ubuntu/spark-2.1.1-bin-hadoop2.7/jars/slf4j-log4j12-1.7.16.jar
7f78101da000-7f78101dc000 r--s 00006000 ca:01 261578                     /home/ubuntu/spark-2.1.1-bin-hadoop2.7/jars/spark-sketch_2.11-2.1.1.jar
7f78101dc000-7f78101e1000 r--s 00068000 ca:01 261791                     /home/ubuntu/spark-2.1.1-bin-hadoop2.7/jars/antlr-2.7.7.jar
7f78101e1000-7f78101e3000 r--s 00000000 ca:01 261759                     /home/ubuntu/spark-2.1.1-bin-hadoop2.7/jars/aopalliance-1.0.jar
7f78101e3000-7f78101e5000 r--s 00012000 ca:01 261730                     /home/ubuntu/spark-2.1.1-bin-hadoop2.7/jars/compress-lzf-1.0.3.jar
7f78101e5000-7f78101f2000 r--s 0009e000 ca:01 261822                     /home/ubuntu/spark-2.1.1-bin-hadoop2.7/jars/spark-graphx_2.11-2.1.1.jar
7f78101f2000-7f78101f7000 r--s 00028000 ca:01 261841                     /home/ubuntu/spark-2.1.1-bin-hadoop2.7/jars/avro-mapred-1.7.7-hadoop2.jar
7f78101f7000-7f781020d000 r--s 00124000 ca:01 261833                     /home/ubuntu/spark-2.1.1-bin-hadoop2.7/jars/ivy-2.4.0.jar
7f781020d000-7f7810215000 r--s 00078000 ca:01 261805                     /home/ubuntu/spark-2.1.1-bin-hadoop2.7/jars/mail-1.4.7.jar
7f7810215000-7f781021a000 r--s 0004e000 ca:01 261582                     /home/ubuntu/spark-2.1.1-bin-hadoop2.7/jars/datanucleus-api-jdo-3.2.6.jar
7f781021a000-7f78102f2000 r--s 00a88000 ca:01 261543                     /home/ubuntu/spark-2.1.1-bin-hadoop2.7/jars/spark-core_2.11-2.1.1.jar
7f78102f2000-7f781030a000 r--s 001b6000 ca:01 261569                     /home/ubuntu/spark-2.1.1-bin-hadoop2.7/jars/datanucleus-core-3.2.10.jar
7f781030a000-7f781031e000 r--s 000ec000 ca:01 261539                     /home/ubuntu/spark-2.1.1-bin-hadoop2.7/jars/parquet-jackson-1.8.1.jar
7f781031e000-7f7810320000 r--s 0000e000 ca:01 261785                     /home/ubuntu/spark-2.1.1-bin-hadoop2.7/jars/hadoop-mapreduce-client-jobclient-2.7.3.jar
7f7810320000-7f7810322000 r--s 0000e000 ca:01 261536                     /home/ubuntu/spark-2.1.1-bin-hadoop2.7/jars/oro-2.0.8.jar
7f7810322000-7f7810324000 r--s 00003000 ca:01 261826                     /home/ubuntu/spark-2.1.1-bin-hadoop2.7/jars/JavaEWAH-0.3.2.jar
7f7810324000-7f7810326000 r--s 0000f000 ca:01 261757                     /home/ubuntu/spark-2.1.1-bin-hadoop2.7/jars/spark-launcher_2.11-2.1.1.jar
7f7810326000-7f7810348000 r--s 00335000 ca:01 261750                     /home/ubuntu/spark-2.1.1-bin-hadoop2.7/jars/mesos-1.0.0-shaded-protobuf.jar
7f7810348000-7f7810349000 r--s 00001000 ca:01 261610                     /home/ubuntu/spark-2.1.1-bin-hadoop2.7/jars/minlog-1.3.0.jar
7f7810349000-7f781034c000 r--s 0001a000 ca:01 261834                     /home/ubuntu/spark-2.1.1-bin-hadoop2.7/jars/py4j-0.10.4.jar
7f781034c000-7f781034d000 r--s 00009000 ca:01 261601                     /home/ubuntu/spark-2.1.1-bin-hadoop2.7/jars/json4s-jackson_2.11-3.2.11.jar
7f781034d000-7f781034f000 r--s 0000d000 ca:01 261725                     /home/ubuntu/spark-2.1.1-bin-hadoop2.7/jars/hadoop-yarn-server-web-proxy-2.7.3.jar
7f781034f000-7f78103b2000 r--s 004de000 ca:01 261719                     /home/ubuntu/spark-2.1.1-bin-hadoop2.7/jars/hive-metastore-1.2.1.spark2.jar
7f78103b2000-7f78103b9000 r--s 00039000 ca:01 261727                     /home/ubuntu/spark-2.1.1-bin-hadoop2.7/jars/calcite-avatica-1.2.0-incubating.jar
7f78103b9000-7f78103c0000 r--s 0003f000 ca:01 261603                     /home/ubuntu/spark-2.1.1-bin-hadoop2.7/jars/commons-codec-1.10.jar
7f78103c0000-7f78103c2000 r--s 00100000 ca:01 261842                     /home/ubuntu/spark-2.1.1-bin-hadoop2.7/jars/snappy-java-1.1.2.6.jar
7f78103c2000-7f78103c6000 r--s 00029000 ca:01 261591                     /home/ubuntu/spark-2.1.1-bin-hadoop2.7/jars/hk2-locator-2.4.0-b34.jar
7f78103c6000-7f78103c9000 r--s 0000d000 ca:01 261742                     /home/ubuntu/spark-2.1.1-bin-hadoop2.7/jars/spark-network-shuffle_2.11-2.1.1.jar
7f78103c9000-7f78103ca000 r--s 00006000 ca:01 261788                     /home/ubuntu/spark-2.1.1-bin-hadoop2.7/jars/jackson-xc-1.9.13.jar
7f78103ca000-7f78103e0000 r--s 000d1000 ca:01 261585                     /home/ubuntu/spark-2.1.1-bin-hadoop2.7/jars/parquet-column-1.8.1.jar
7f78103e0000-7f7810405000 rw-p 00000000 00:00 0 
7f7810405000-7f7810511000 r--s 00dba000 ca:01 261859                     /home/ubuntu/spark-2.1.1-bin-hadoop2.7/jars/scala-compiler-2.11.8.jar
7f7810511000-7f7810512000 r--s 00002000 ca:01 261764                     /home/ubuntu/spark-2.1.1-bin-hadoop2.7/jars/jpam-1.1.jar
7f7810512000-7f7810521000 r--s 0009f000 ca:01 261734                     /home/ubuntu/spark-2.1.1-bin-hadoop2.7/jars/guice-3.0.jar
7f7810521000-7f781053a000 r--s 00150000 ca:01 261626                     /home/ubuntu/spark-2.1.1-bin-hadoop2.7/jars/htrace-core-3.1.0-incubating.jar
7f781053a000-7f7810550000 r--s 000d3000 ca:01 261625                     /home/ubuntu/spark-2.1.1-bin-hadoop2.7/jars/jersey-server-2.22.2.jar
7f7810550000-7f7810552000 r--s 00008000 ca:01 261581                     /home/ubuntu/spark-2.1.1-bin-hadoop2.7/jars/parquet-common-1.8.1.jar
7f7810552000-7f7810554000 r--s 00002000 ca:01 261606                     /home/ubuntu/spark-2.1.1-bin-hadoop2.7/jars/aopalliance-repackaged-2.4.0-b34.jar
7f7810554000-7f7810558000 r--s 0003c000 ca:01 261854                     /home/ubuntu/spark-2.1.1-bin-hadoop2.7/jars/jackson-core-2.6.5.jar
7f7810558000-7f7810563000 r--s 00062000 ca:01 261729                     /home/ubuntu/spark-2.1.1-bin-hadoop2.7/jars/calcite-linq4j-1.2.0-incubating.jar
7f7810563000-7f7810599000 r--s 0031c000 ca:01 261565                     /home/ubuntu/spark-2.1.1-bin-hadoop2.7/jars/hadoop-common-2.7.3.jar
7f7810599000-7f781059d000 r--s 0001a000 ca:01 261579                     /home/ubuntu/spark-2.1.1-bin-hadoop2.7/jars/hk2-utils-2.4.0-b34.jar
7f781059d000-7f78105a9000 r--s 000b6000 ca:01 261831                     /home/ubuntu/spark-2.1.1-bin-hadoop2.7/jars/zookeeper-3.4.6.jar
7f78105a9000-7f78105af000 r--s 00040000 ca:01 261709                     /home/ubuntu/spark-2.1.1-bin-hadoop2.7/jars/parquet-encoding-1.8.1.jar
7f78105af000-7f78105b4000 r--s 00036000 ca:01 261574                     /home/ubuntu/spark-2.1.1-bin-hadoop2.7/jars/commons-compress-1.4.1.jar
7f78105b4000-7f78105e1000 r--s 001d4000 ca:01 261863                     /home/ubuntu/spark-2.1.1-bin-hadoop2.7/jars/spark-streaming_2.11-2.1.1.jar
7f78105e1000-7f78105e4000 r--s 00022000 ca:01 261806                     /home/ubuntu/spark-2.1.1-bin-hadoop2.7/jars/stringtemplate-3.2.1.jar
7f78105e4000-7f78105eb000 r--s 00036000 ca:01 261624                     /home/ubuntu/spark-2.1.1-bin-hadoop2.7/jars/curator-recipes-2.6.0.jar
7f78105eb000-7f78105ef000 r--s 00029000 ca:01 261548                     /home/ubuntu/spark-2.1.1-bin-hadoop2.7/jars/breeze-macros_2.11-0.12.jar
7f78105ef000-7f78105f3000 r--s 00036000 ca:01 261851                     /home/ubuntu/spark-2.1.1-bin-hadoop2.7/jars/ST4-4.0.4.jar
7f78105f3000-7f78105f7000 r--s 00018000 ca:01 261584                     /home/ubuntu/spark-2.1.1-bin-hadoop2.7/jars/metrics-core-3.1.2.jar
7f78105f7000-7f7810605000 r--s 000b1000 ca:01 261754                     /home/ubuntu/spark-2.1.1-bin-hadoop2.7/jars/jackson-mapper-asl-1.9.13.jar
7f7810605000-7f7810615000 r--s 000a0000 ca:01 261599                     /home/ubuntu/spark-2.1.1-bin-hadoop2.7/jars/spark-yarn_2.11-2.1.1.jar
7f7810615000-7f7810616000 r--s 00003000 ca:01 261590                     /home/ubuntu/spark-2.1.1-bin-hadoop2.7/jars/spark-tags_2.11-2.1.1.jar
7f7810616000-7f7810628000 r--s 00097000 ca:01 261804                     /home/ubuntu/spark-2.1.1-bin-hadoop2.7/jars/apacheds-kerberos-codec-2.0.0-M15.jar
7f7810628000-7f781062b000 r--s 00017000 ca:01 261800                     /home/ubuntu/spark-2.1.1-bin-hadoop2.7/jars/jaxb-api-2.2.2.jar
7f781062b000-7f781062d000 r--s 00009000 ca:01 261848                     /home/ubuntu/spark-2.1.1-bin-hadoop2.7/jars/objenesis-2.1.jar
7f781062d000-7f7810698000 r--s 00784000 ca:01 261535                     /home/ubuntu/spark-2.1.1-bin-hadoop2.7/jars/hadoop-hdfs-2.7.3.jar
7f7810698000-7f781069a000 r--s 00010000 ca:01 261752                     /home/ubuntu/spark-2.1.1-bin-hadoop2.7/jars/jersey-media-jaxb-2.22.2.jar
7f781069a000-7f78106a7000 r--s 00083000 ca:01 261598                     /home/ubuntu/spark-2.1.1-bin-hadoop2.7/jars/commons-collections-3.2.2.jar
7f78106a7000-7f78106ae000 r--s 00051000 ca:01 261542                     /home/ubuntu/spark-2.1.1-bin-hadoop2.7/jars/kryo-shaded-3.0.3.jar
7f78106ae000-7f78106e5000 r--s 00325000 ca:01 261802                     /home/ubuntu/spark-2.1.1-bin-hadoop2.7/jars/calcite-core-1.2.0-incubating.jar
7f78106e5000-7f78106e8000 r--s 00012000 ca:01 261602                     /home/ubuntu/spark-2.1.1-bin-hadoop2.7/jars/json4s-ast_2.11-3.2.11.jar
7f78106e8000-7f78106ea000 r--s 0000e000 ca:01 261794                     /home/ubuntu/spark-2.1.1-bin-hadoop2.7/jars/commons-logging-1.1.3.jar
7f78106ea000-7f7810793000 r--s 00a4f000 ca:01 261801                     /home/ubuntu/spark-2.1.1-bin-hadoop2.7/jars/hive-exec-1.2.1.spark2.jar
7f7810793000-7f7810794000 r--s 0000b000 ca:01 261631                     /home/ubuntu/spark-2.1.1-bin-hadoop2.7/jars/snappy-0.2.jar
7f7810794000-7f7810797000 r--s 00028000 ca:01 261541                     /home/ubuntu/spark-2.1.1-bin-hadoop2.7/jars/stream-2.7.0.jar
7f7810797000-7f78107cb000 r--s 00277000 ca:01 261592                     /home/ubuntu/spark-2.1.1-bin-hadoop2.7/jars/parquet-hadoop-bundle-1.6.0.jar
7f78107cb000-7f78107cf000 r--s 0000c000 ca:01 261617                     /home/ubuntu/spark-2.1.1-bin-hadoop2.7/jars/validation-api-1.1.0.Final.jar
7f78107cf000-7f78107f8000 r--s 001ee000 ca:01 261862                     /home/ubuntu/spark-2.1.1-bin-hadoop2.7/jars/guava-14.0.1.jar
7f78107f8000-7f7810805000 r--s 00071000 ca:01 261832                     /home/ubuntu/spark-2.1.1-bin-hadoop2.7/jars/jackson-module-scala_2.11-2.6.5.jar
7f7810805000-7f781081e000 r--s 00114000 ca:01 261577                     /home/ubuntu/spark-2.1.1-bin-hadoop2.7/jars/spark-hive_2.11-2.1.1.jar
7f781081e000-7f7810836000 r--s 00115000 ca:01 261824                     /home/ubuntu/spark-2.1.1-bin-hadoop2.7/jars/netty-3.8.0.Final.jar
7f7810836000-7f781088f000 r--s 00522000 ca:01 261865                     /home/ubuntu/spark-2.1.1-bin-hadoop2.7/jars/scala-library-2.11.8.jar
7f781088f000-7f7810896000 r--s 00049000 ca:01 261852                     /home/ubuntu/spark-2.1.1-bin-hadoop2.7/jars/univocity-parsers-2.2.1.jar
7f7810896000-7f78108e2000 r--s 00411000 ca:01 261857                     /home/ubuntu/spark-2.1.1-bin-hadoop2.7/jars/scala-reflect-2.11.8.jar
7f78108e2000-7f78108f0000 r--s 0009d000 ca:01 261614                     /home/ubuntu/spark-2.1.1-bin-hadoop2.7/jars/jersey-common-2.22.2.jar
7f78108f0000-7f78108fa000 r--s 000aa000 ca:01 261762                     /home/ubuntu/spark-2.1.1-bin-hadoop2.7/jars/janino-3.0.0.jar
7f78108fa000-7f78108fb000 r--s 00008000 ca:01 261844                     /home/ubuntu/spark-2.1.1-bin-hadoop2.7/jars/commons-compiler-3.0.0.jar
7f78108fb000-7f7810904000 r--s 00097000 ca:01 261837                     /home/ubuntu/spark-2.1.1-bin-hadoop2.7/jars/pmml-model-1.2.15.jar
7f7810904000-7f7810906000 r--s 00005000 ca:01 261741                     /home/ubuntu/spark-2.1.1-bin-hadoop2.7/jars/stax-api-1.0.1.jar
7f7810906000-7f781090a000 r--s 00035000 ca:01 261597                     /home/ubuntu/spark-2.1.1-bin-hadoop2.7/jars/jackson-core-asl-1.9.13.jar
7f781090a000-7f781090d000 r--s 00019000 ca:01 261530                     /home/ubuntu/spark-2.1.1-bin-hadoop2.7/jars/bonecp-0.8.0.RELEASE.jar
7f781090d000-7f781090f000 r--s 00038000 ca:01 261789                     /home/ubuntu/spark-2.1.1-bin-hadoop2.7/jars/lz4-1.3.0.jar
7f781090f000-7f7810928000 r--s 00164000 ca:01 261738                     /home/ubuntu/spark-2.1.1-bin-hadoop2.7/jars/hadoop-mapreduce-client-core-2.7.3.jar
7f7810928000-7f781092b000 r--s 00026000 ca:01 261792                     /home/ubuntu/spark-2.1.1-bin-hadoop2.7/jars/hadoop-yarn-client-2.7.3.jar
7f781092b000-7f781092d000 r--s 00017000 ca:01 261607                     /home/ubuntu/spark-2.1.1-bin-hadoop2.7/jars/hive-jdbc-1.2.1.spark2.jar
7f781092d000-7f78109ae000 r--s 005d9000 ca:01 261746                     /home/ubuntu/spark-2.1.1-bin-hadoop2.7/jars/spark-sql_2.11-2.1.1.jar
7f78109ae000-7f78109af000 r--s 00006000 ca:01 261755                     /home/ubuntu/spark-2.1.1-bin-hadoop2.7/jars/hadoop-client-2.7.3.jar
7f78109af000-7f78109b6000 r--s 00058000 ca:01 261609                     /home/ubuntu/spark-2.1.1-bin-hadoop2.7/jars/hadoop-yarn-server-common-2.7.3.jar
7f78109b6000-7f78109b7000 r--s 0000a000 ca:01 261616                     /home/ubuntu/spark-2.1.1-bin-hadoop2.7/jars/apacheds-i18n-2.0.0-M15.jar
7f78109b7000-7f78109b8000 r--s 00000000 ca:01 261600                     /home/ubuntu/spark-2.1.1-bin-hadoop2.7/jars/javax.inject-1.jar
7f78109b8000-7f78109be000 r--s 00045000 ca:01 261605                     /home/ubuntu/spark-2.1.1-bin-hadoop2.7/jars/commons-httpclient-3.1.jar
7f78109be000-7f78109cb000 r--s 000a7000 ca:01 261627                     /home/ubuntu/spark-2.1.1-bin-hadoop2.7/jars/httpclient-4.5.2.jar
7f78109cb000-7f78109cd000 r--s 0001f000 ca:01 261825                     /home/ubuntu/spark-2.1.1-bin-hadoop2.7/jars/commons-crypto-1.0.0.jar
7f78109cd000-7f78109d2000 r--s 0002a000 ca:01 261735                     /home/ubuntu/spark-2.1.1-bin-hadoop2.7/jars/gson-2.2.4.jar
7f78109d2000-7f7810a12000 r--s 00277000 ca:01 261767                     /home/ubuntu/spark-2.1.1-bin-hadoop2.7/jars/bcprov-jdk15on-1.51.jar
7f7810a12000-7f7810a15000 r--s 00016000 ca:01 261593                     /home/ubuntu/spark-2.1.1-bin-hadoop2.7/jars/jsp-api-2.1.jar
7f7810a15000-7f7810a16000 r--s 00001000 ca:01 261838                     /home/ubuntu/spark-2.1.1-bin-hadoop2.7/jars/javax.inject-2.4.0-b34.jar
7f7810a16000-7f7810a17000 r--s 00002000 ca:01 261586                     /home/ubuntu/spark-2.1.1-bin-hadoop2.7/jars/java-xmlbuilder-1.0.jar
7f7810a17000-7f7810a19000 r--s 00015000 ca:01 261547                     /home/ubuntu/spark-2.1.1-bin-hadoop2.7/jars/hadoop-auth-2.7.3.jar
7f7810a19000-7f7810a1d000 r--s 0002f000 ca:01 261795                     /home/ubuntu/spark-2.1.1-bin-hadoop2.7/jars/commons-beanutils-core-1.8.0.jar
7f7810a1d000-7f7810a4c000 r--s 002e5000 ca:01 261846                     /home/ubuntu/spark-2.1.1-bin-hadoop2.7/jars/derby-10.12.1.1.jar
7f7810a4c000-7f7810a4e000 r--s 00008000 ca:01 261544                     /home/ubuntu/spark-2.1.1-bin-hadoop2.7/jars/metrics-jvm-3.1.2.jar
7f7810a4e000-7f7810a51000 r--s 00015000 ca:01 261723                     /home/ubuntu/spark-2.1.1-bin-hadoop2.7/jars/pyrolite-4.13.jar
7f7810a51000-7f7810a53000 r--s 0000e000 ca:01 261760                     /home/ubuntu/spark-2.1.1-bin-hadoop2.7/jars/spark-repl_2.11-2.1.1.jar
7f7810a53000-7f7810a5c000 r--s 0006f000 ca:01 261724                     /home/ubuntu/spark-2.1.1-bin-hadoop2.7/jars/log4j-1.2.17.jar
7f7810a5c000-7f7810a60000 r--s 00025000 ca:01 261850                     /home/ubuntu/spark-2.1.1-bin-hadoop2.7/jars/jersey-client-2.22.2.jar
7f7810a60000-7f7810a67000 r--s 00058000 ca:01 261589                     /home/ubuntu/spark-2.1.1-bin-hadoop2.7/jars/parquet-format-2.3.0-incubating.jar
7f7810a67000-7f7810a69000 r--s 00003000 ca:01 261615                     /home/ubuntu/spark-2.1.1-bin-hadoop2.7/jars/api-asn1-api-1.0.0-M20.jar
7f7810a69000-7f7810a73000 r--s 0007b000 ca:01 261847                     /home/ubuntu/spark-2.1.1-bin-hadoop2.7/jars/hadoop-mapreduce-client-app-2.7.3.jar
7f7810a73000-7f7810a76000 r--s 0000e000 ca:01 261575                     /home/ubuntu/spark-2.1.1-bin-hadoop2.7/jars/jersey-container-servlet-core-2.22.2.jar
7f7810a76000-7f7810a7a000 r--s 00025000 ca:01 261538                     /home/ubuntu/spark-2.1.1-bin-hadoop2.7/jars/antlr-runtime-3.4.jar
7f7810a7a000-7f7810a8b000 r--s 00089000 ca:01 261623                     /home/ubuntu/spark-2.1.1-bin-hadoop2.7/jars/joda-time-2.9.3.jar
7f7810a8b000-7f7810a8d000 r--s 00005000 ca:01 261743                     /home/ubuntu/spark-2.1.1-bin-hadoop2.7/jars/javax.annotation-api-1.2.jar
7f7810a8d000-7f7810a92000 r--s 00032000 ca:01 261864                     /home/ubuntu/spark-2.1.1-bin-hadoop2.7/jars/chill_2.11-0.8.0.jar
7f7810a92000-7f7810a9d000 r--s 0005d000 ca:01 261853                     /home/ubuntu/spark-2.1.1-bin-hadoop2.7/jars/scala-parser-combinators_2.11-1.0.4.jar
7f7810a9d000-7f7810aaf000 r--s 00112000 ca:01 261835                     /home/ubuntu/spark-2.1.1-bin-hadoop2.7/jars/arpack_combined_all-0.1.jar
7f7810aaf000-7f7810ac7000 r--s 000d6000 ca:01 261571                     /home/ubuntu/spark-2.1.1-bin-hadoop2.7/jars/jersey-guava-2.22.2.jar
7f7810ac7000-7f7810acd000 r--s 0002c000 ca:01 261828                     /home/ubuntu/spark-2.1.1-bin-hadoop2.7/jars/jdo-api-3.0.1.jar
7f7810acd000-7f7810ad4000 r--s 00046000 ca:01 261797                     /home/ubuntu/spark-2.1.1-bin-hadoop2.7/jars/libfb303-0.9.3.jar
7f7810ad4000-7f7810ad6000 r--s 00010000 ca:01 261622                     /home/ubuntu/spark-2.1.1-bin-hadoop2.7/jars/hadoop-mapreduce-client-shuffle-2.7.3.jar
7f7810ad6000-7f7810ad8000 r--s 00000000 ca:01 261836                     /home/ubuntu/spark-2.1.1-bin-hadoop2.7/jars/jul-to-slf4j-1.7.16.jar
7f7810ad8000-7f7810adb000 r--s 00014000 ca:01 261761                     /home/ubuntu/spark-2.1.1-bin-hadoop2.7/jars/super-csv-2.2.0.jar
7f7810adb000-7f7810aed000 r--s 000b3000 ca:01 261829                     /home/ubuntu/spark-2.1.1-bin-hadoop2.7/jars/scalap-2.11.8.jar
7f7810aed000-7f7810aef000 r--s 00003000 ca:01 261843                     /home/ubuntu/spark-2.1.1-bin-hadoop2.7/jars/base64-2.3.8.jar
7f7810aef000-7f7810af1000 r--s 00003000 ca:01 261570                     /home/ubuntu/spark-2.1.1-bin-hadoop2.7/jars/jersey-container-servlet-2.22.2.jar
7f7810af1000-7f7810afb000 r--s 000a5000 ca:01 261766                     /home/ubuntu/spark-2.1.1-bin-hadoop2.7/jars/javassist-3.18.1-GA.jar
7f7810afb000-7f7810b13000 r--s 00115000 ca:01 261537                     /home/ubuntu/spark-2.1.1-bin-hadoop2.7/jars/xercesImpl-2.9.1.jar
7f7810b13000-7f7810b16000 r--s 00021000 ca:01 261596                     /home/ubuntu/spark-2.1.1-bin-hadoop2.7/jars/xbean-asm5-shaded-4.4.jar
7f7810b16000-7f7810b19000 r--s 00025000 ca:01 261618                     /home/ubuntu/spark-2.1.1-bin-hadoop2.7/jars/commons-dbcp-1.4.jar
7f7810b19000-7f7810b40000 r--s 0020f000 ca:01 261726                     /home/ubuntu/spark-2.1.1-bin-hadoop2.7/jars/netty-all-4.0.42.Final.jar
7f7810b40000-7f7810b43000 r--s 00015000 ca:01 261620                     /home/ubuntu/spark-2.1.1-bin-hadoop2.7/jars/commons-pool-1.5.4.jar
7f7810b43000-7f7810b98000 r--s 0069c000 ca:01 261595                     /home/ubuntu/spark-2.1.1-bin-hadoop2.7/jars/spire_2.11-0.7.4.jar
7f7810b98000-7f7810b9a000 r--s 00004000 ca:01 261787                     /home/ubuntu/spark-2.1.1-bin-hadoop2.7/jars/metrics-graphite-3.1.2.jar
7f7810b9a000-7f7810b9f000 r--s 00027000 ca:01 261861                     /home/ubuntu/spark-2.1.1-bin-hadoop2.7/jars/hk2-api-2.4.0-b34.jar
7f7810b9f000-7f7810ba5000 r--s 00034000 ca:01 261799                     /home/ubuntu/spark-2.1.1-bin-hadoop2.7/jars/libthrift-0.9.3.jar
7f7810ba5000-7f7810bc0000 r--s 001d6000 ca:01 286319                     /usr/lib/jvm/java-8-openjdk-amd64/jre/lib/ext/nashorn.jar
7f7810bc0000-7f7810bdb000 r--s 00394000 ca:01 286322                     /usr/lib/jvm/java-8-openjdk-amd64/jre/lib/ext/cldrdata.jar
7f7810bdb000-7f7810bdc000 ---p 00000000 00:00 0 
7f7810bdc000-7f7810cdc000 rw-p 00000000 00:00 0 
7f7810cdc000-7f7810cdf000 ---p 00000000 00:00 0 
7f7810cdf000-7f7810ddd000 rw-p 00000000 00:00 0 
7f7810ddd000-7f7810de0000 ---p 00000000 00:00 0 
7f7810de0000-7f7810ede000 rw-p 00000000 00:00 0 
7f7810ede000-7f7810ee1000 ---p 00000000 00:00 0 
7f7810ee1000-7f7810fdf000 rw-p 00000000 00:00 0 
7f7810fdf000-7f7810fe2000 ---p 00000000 00:00 0 
7f7810fe2000-7f78110e0000 rw-p 00000000 00:00 0 
7f78110e0000-7f7811278000 r--p 00000000 ca:01 29052                      /usr/lib/locale/locale-archive
7f7811278000-7f781127b000 ---p 00000000 00:00 0 
7f781127b000-7f7811379000 rw-p 00000000 00:00 0 
7f7811379000-7f781137c000 ---p 00000000 00:00 0 
7f781137c000-7f781147a000 rw-p 00000000 00:00 0 
7f781147a000-7f781147b000 ---p 00000000 00:00 0 
7f781147b000-7f781157b000 rw-p 00000000 00:00 0 
7f781157b000-7f781174b000 r--s 03c5c000 ca:01 286303                     /usr/lib/jvm/java-8-openjdk-amd64/jre/lib/rt.jar
7f781174b000-7f7811fc1000 rw-p 00000000 00:00 0 
7f7811fc1000-7f7812025000 rw-p 00000000 00:00 0 
7f7812025000-7f7812117000 ---p 00000000 00:00 0 
7f7812117000-7f7812145000 rw-p 00000000 00:00 0 
7f7812145000-7f78121c1000 ---p 00000000 00:00 0 
7f78121c1000-7f7812226000 rw-p 00000000 00:00 0 
7f7812226000-7f7812317000 ---p 00000000 00:00 0 
7f7812317000-7f7812415000 rw-p 00000000 00:00 0 
7f7812415000-7f78126d8000 ---p 00000000 00:00 0 
7f78126d8000-7f78126e0000 r-xp 00000000 ca:01 286357                     /usr/lib/jvm/java-8-openjdk-amd64/jre/lib/amd64/libzip.so
7f78126e0000-7f78128df000 ---p 00008000 ca:01 286357                     /usr/lib/jvm/java-8-openjdk-amd64/jre/lib/amd64/libzip.so
7f78128df000-7f78128e0000 r--p 00007000 ca:01 286357                     /usr/lib/jvm/java-8-openjdk-amd64/jre/lib/amd64/libzip.so
7f78128e0000-7f78128e1000 rw-p 00008000 ca:01 286357                     /usr/lib/jvm/java-8-openjdk-amd64/jre/lib/amd64/libzip.so
7f78128e1000-7f78128ec000 r-xp 00000000 ca:01 1993                       /lib/x86_64-linux-gnu/libnss_files-2.23.so
7f78128ec000-7f7812aeb000 ---p 0000b000 ca:01 1993                       /lib/x86_64-linux-gnu/libnss_files-2.23.so
7f7812aeb000-7f7812aec000 r--p 0000a000 ca:01 1993                       /lib/x86_64-linux-gnu/libnss_files-2.23.so
7f7812aec000-7f7812aed000 rw-p 0000b000 ca:01 1993                       /lib/x86_64-linux-gnu/libnss_files-2.23.so
7f7812aed000-7f7812af3000 rw-p 00000000 00:00 0 
7f7812af3000-7f7812afe000 r-xp 00000000 ca:01 1997                       /lib/x86_64-linux-gnu/libnss_nis-2.23.so
7f7812afe000-7f7812cfd000 ---p 0000b000 ca:01 1997                       /lib/x86_64-linux-gnu/libnss_nis-2.23.so
7f7812cfd000-7f7812cfe000 r--p 0000a000 ca:01 1997                       /lib/x86_64-linux-gnu/libnss_nis-2.23.so
7f7812cfe000-7f7812cff000 rw-p 0000b000 ca:01 1997                       /lib/x86_64-linux-gnu/libnss_nis-2.23.so
7f7812cff000-7f7812d15000 r-xp 00000000 ca:01 1977                       /lib/x86_64-linux-gnu/libnsl-2.23.so
7f7812d15000-7f7812f14000 ---p 00016000 ca:01 1977                       /lib/x86_64-linux-gnu/libnsl-2.23.so
7f7812f14000-7f7812f15000 r--p 00015000 ca:01 1977                       /lib/x86_64-linux-gnu/libnsl-2.23.so
7f7812f15000-7f7812f16000 rw-p 00016000 ca:01 1977                       /lib/x86_64-linux-gnu/libnsl-2.23.so
7f7812f16000-7f7812f18000 rw-p 00000000 00:00 0 
7f7812f18000-7f7812f20000 r-xp 00000000 ca:01 1988                       /lib/x86_64-linux-gnu/libnss_compat-2.23.so
7f7812f20000-7f781311f000 ---p 00008000 ca:01 1988                       /lib/x86_64-linux-gnu/libnss_compat-2.23.so
7f781311f000-7f7813120000 r--p 00007000 ca:01 1988                       /lib/x86_64-linux-gnu/libnss_compat-2.23.so
7f7813120000-7f7813121000 rw-p 00008000 ca:01 1988                       /lib/x86_64-linux-gnu/libnss_compat-2.23.so
7f7813121000-7f781314a000 r-xp 00000000 ca:01 286342                     /usr/lib/jvm/java-8-openjdk-amd64/jre/lib/amd64/libjava.so
7f781314a000-7f7813349000 ---p 00029000 ca:01 286342                     /usr/lib/jvm/java-8-openjdk-amd64/jre/lib/amd64/libjava.so
7f7813349000-7f781334a000 r--p 00028000 ca:01 286342                     /usr/lib/jvm/java-8-openjdk-amd64/jre/lib/amd64/libjava.so
7f781334a000-7f781334c000 rw-p 00029000 ca:01 286342                     /usr/lib/jvm/java-8-openjdk-amd64/jre/lib/amd64/libjava.so
7f781334c000-7f781335b000 r-xp 00000000 ca:01 286359                     /usr/lib/jvm/java-8-openjdk-amd64/jre/lib/amd64/libverify.so
7f781335b000-7f781355a000 ---p 0000f000 ca:01 286359                     /usr/lib/jvm/java-8-openjdk-amd64/jre/lib/amd64/libverify.so
7f781355a000-7f781355c000 r--p 0000e000 ca:01 286359                     /usr/lib/jvm/java-8-openjdk-amd64/jre/lib/amd64/libverify.so
7f781355c000-7f781355d000 rw-p 00010000 ca:01 286359                     /usr/lib/jvm/java-8-openjdk-amd64/jre/lib/amd64/libverify.so
7f781355d000-7f7813564000 r-xp 00000000 ca:01 1998                       /lib/x86_64-linux-gnu/librt-2.23.so
7f7813564000-7f7813763000 ---p 00007000 ca:01 1998                       /lib/x86_64-linux-gnu/librt-2.23.so
7f7813763000-7f7813764000 r--p 00006000 ca:01 1998                       /lib/x86_64-linux-gnu/librt-2.23.so
7f7813764000-7f7813765000 rw-p 00007000 ca:01 1998                       /lib/x86_64-linux-gnu/librt-2.23.so
7f7813765000-7f781377b000 r-xp 00000000 ca:01 1975                       /lib/x86_64-linux-gnu/libgcc_s.so.1
7f781377b000-7f781397a000 ---p 00016000 ca:01 1975                       /lib/x86_64-linux-gnu/libgcc_s.so.1
7f781397a000-7f781397b000 rw-p 00015000 ca:01 1975                       /lib/x86_64-linux-gnu/libgcc_s.so.1
7f781397b000-7f7813a83000 r-xp 00000000 ca:01 1976                       /lib/x86_64-linux-gnu/libm-2.23.so
7f7813a83000-7f7813c82000 ---p 00108000 ca:01 1976                       /lib/x86_64-linux-gnu/libm-2.23.so
7f7813c82000-7f7813c83000 r--p 00107000 ca:01 1976                       /lib/x86_64-linux-gnu/libm-2.23.so
7f7813c83000-7f7813c84000 rw-p 00108000 ca:01 1976                       /lib/x86_64-linux-gnu/libm-2.23.so
7f7813c84000-7f7813df6000 r-xp 00000000 ca:01 7979                       /usr/lib/x86_64-linux-gnu/libstdc++.so.6.0.21
7f7813df6000-7f7813ff6000 ---p 00172000 ca:01 7979                       /usr/lib/x86_64-linux-gnu/libstdc++.so.6.0.21
7f7813ff6000-7f7814000000 r--p 00172000 ca:01 7979                       /usr/lib/x86_64-linux-gnu/libstdc++.so.6.0.21
7f7814000000-7f7814002000 rw-p 0017c000 ca:01 7979                       /usr/lib/x86_64-linux-gnu/libstdc++.so.6.0.21
7f7814002000-7f7814006000 rw-p 00000000 00:00 0 
7f7814006000-7f7814c6a000 r-xp 00000000 ca:01 286369                     /usr/lib/jvm/java-8-openjdk-amd64/jre/lib/amd64/server/libjvm.so
7f7814c6a000-7f7814e69000 ---p 00c64000 ca:01 286369                     /usr/lib/jvm/java-8-openjdk-amd64/jre/lib/amd64/server/libjvm.so
7f7814e69000-7f7814efd000 r--p 00c63000 ca:01 286369                     /usr/lib/jvm/java-8-openjdk-amd64/jre/lib/amd64/server/libjvm.so
7f7814efd000-7f7814f26000 rw-p 00cf7000 ca:01 286369                     /usr/lib/jvm/java-8-openjdk-amd64/jre/lib/amd64/server/libjvm.so
7f7814f26000-7f7814f56000 rw-p 00000000 00:00 0 
7f7814f56000-7f7814f6e000 r-xp 00000000 ca:01 1979                       /lib/x86_64-linux-gnu/libpthread-2.23.so
7f7814f6e000-7f781516d000 ---p 00018000 ca:01 1979                       /lib/x86_64-linux-gnu/libpthread-2.23.so
7f781516d000-7f781516e000 r--p 00017000 ca:01 1979                       /lib/x86_64-linux-gnu/libpthread-2.23.so
7f781516e000-7f781516f000 rw-p 00018000 ca:01 1979                       /lib/x86_64-linux-gnu/libpthread-2.23.so
7f781516f000-7f7815173000 rw-p 00000000 00:00 0 
7f7815173000-7f7815176000 r-xp 00000000 ca:01 1982                       /lib/x86_64-linux-gnu/libdl-2.23.so
7f7815176000-7f7815375000 ---p 00003000 ca:01 1982                       /lib/x86_64-linux-gnu/libdl-2.23.so
7f7815375000-7f7815376000 r--p 00002000 ca:01 1982                       /lib/x86_64-linux-gnu/libdl-2.23.so
7f7815376000-7f7815377000 rw-p 00003000 ca:01 1982                       /lib/x86_64-linux-gnu/libdl-2.23.so
7f7815377000-7f7815390000 r-xp 00000000 ca:01 2129                       /lib/x86_64-linux-gnu/libz.so.1.2.8
7f7815390000-7f781558f000 ---p 00019000 ca:01 2129                       /lib/x86_64-linux-gnu/libz.so.1.2.8
7f781558f000-7f7815590000 r--p 00018000 ca:01 2129                       /lib/x86_64-linux-gnu/libz.so.1.2.8
7f7815590000-7f7815591000 rw-p 00019000 ca:01 2129                       /lib/x86_64-linux-gnu/libz.so.1.2.8
7f7815591000-7f7815751000 r-xp 00000000 ca:01 1980                       /lib/x86_64-linux-gnu/libc-2.23.so
7f7815751000-7f7815951000 ---p 001c0000 ca:01 1980                       /lib/x86_64-linux-gnu/libc-2.23.so
7f7815951000-7f7815955000 r--p 001c0000 ca:01 1980                       /lib/x86_64-linux-gnu/libc-2.23.so
7f7815955000-7f7815957000 rw-p 001c4000 ca:01 1980                       /lib/x86_64-linux-gnu/libc-2.23.so
7f7815957000-7f781595b000 rw-p 00000000 00:00 0 
7f781595b000-7f7815968000 r-xp 00000000 ca:01 286351                     /usr/lib/jvm/java-8-openjdk-amd64/jre/lib/amd64/jli/libjli.so
7f7815968000-7f7815b67000 ---p 0000d000 ca:01 286351                     /usr/lib/jvm/java-8-openjdk-amd64/jre/lib/amd64/jli/libjli.so
7f7815b67000-7f7815b68000 r--p 0000c000 ca:01 286351                     /usr/lib/jvm/java-8-openjdk-amd64/jre/lib/amd64/jli/libjli.so
7f7815b68000-7f7815b69000 rw-p 0000d000 ca:01 286351                     /usr/lib/jvm/java-8-openjdk-amd64/jre/lib/amd64/jli/libjli.so
7f7815b69000-7f7815b8f000 r-xp 00000000 ca:01 1978                       /lib/x86_64-linux-gnu/ld-2.23.so
7f7815b8f000-7f7815b90000 r--s 00009000 ca:01 261534                     /home/ubuntu/spark-2.1.1-bin-hadoop2.7/jars/hadoop-annotations-2.7.3.jar
7f7815b90000-7f7815b91000 r--s 00003000 ca:01 261827                     /home/ubuntu/spark-2.1.1-bin-hadoop2.7/jars/metrics-json-3.1.2.jar
7f7815b91000-7f7815b93000 r--s 0000f000 ca:01 261715                     /home/ubuntu/spark-2.1.1-bin-hadoop2.7/jars/curator-client-2.6.0.jar
7f7815b93000-7f7815b96000 r--s 0000f000 ca:01 286318                     /usr/lib/jvm/java-8-openjdk-amd64/jre/lib/ext/icedtea-sound.jar
7f7815b96000-7f7815b97000 r--s 00010000 ca:01 286325                     /usr/lib/jvm/java-8-openjdk-amd64/jre/lib/ext/zipfs.jar
7f7815b97000-7f7815b9a000 r--s 00039000 ca:01 286321                     /usr/lib/jvm/java-8-openjdk-amd64/jre/lib/ext/sunpkcs11.jar
7f7815b9a000-7f7815b9b000 r--s 0000a000 ca:01 286320                     /usr/lib/jvm/java-8-openjdk-amd64/jre/lib/ext/jaccess.jar
7f7815b9b000-7f7815b9d000 r--s 00001000 ca:01 286323                     /usr/lib/jvm/java-8-openjdk-amd64/jre/lib/ext/dnsns.jar
7f7815b9d000-7f7815ba7000 r--s 00116000 ca:01 286326                     /usr/lib/jvm/java-8-openjdk-amd64/jre/lib/ext/localedata.jar
7f7815ba7000-7f7815c78000 rw-p 00000000 00:00 0 
7f7815c78000-7f7815c80000 rw-s 00000000 ca:01 779861                     /tmp/hsperfdata_ubuntu/10360
7f7815c80000-7f7815c83000 ---p 00000000 00:00 0 
7f7815c83000-7f7815d85000 rw-p 00000000 00:00 0 
7f7815d85000-7f7815d8a000 r--s 0003c000 ca:01 286324                     /usr/lib/jvm/java-8-openjdk-amd64/jre/lib/ext/sunjce_provider.jar
7f7815d8a000-7f7815d8b000 r--s 0000d000 ca:01 286317                     /usr/lib/jvm/java-8-openjdk-amd64/jre/lib/ext/sunec.jar
7f7815d8b000-7f7815d8c000 rw-p 00000000 00:00 0 
7f7815d8c000-7f7815d8d000 ---p 00000000 00:00 0 
7f7815d8d000-7f7815d8e000 rw-p 00000000 00:00 0 
7f7815d8e000-7f7815d8f000 r--p 00025000 ca:01 1978                       /lib/x86_64-linux-gnu/ld-2.23.so
7f7815d8f000-7f7815d90000 rw-p 00026000 ca:01 1978                       /lib/x86_64-linux-gnu/ld-2.23.so
7f7815d90000-7f7815d91000 rw-p 00000000 00:00 0 
7ffd6b086000-7ffd6b0a7000 rw-p 00000000 00:00 0                          [stack]
7ffd6b11e000-7ffd6b121000 r--p 00000000 00:00 0                          [vvar]
7ffd6b121000-7ffd6b123000 r-xp 00000000 00:00 0                          [vdso]
ffffffffff600000-ffffffffff601000 r-xp 00000000 00:00 0                  [vsyscall]

VM Arguments:
jvm_args: -Xmx1g 
java_command: org.apache.spark.deploy.SparkSubmit --conf spark.app.name=Data_Understanding pyspark-shell
java_class_path (initial): /home/ubuntu/spark-2.1.1-bin-hadoop2.7/conf/:/home/ubuntu/spark-2.1.1-bin-hadoop2.7/jars/libthrift-0.9.3.jar:/home/ubuntu/spark-2.1.1-bin-hadoop2.7/jars/curator-client-2.6.0.jar:/home/ubuntu/spark-2.1.1-bin-hadoop2.7/jars/hk2-api-2.4.0-b34.jar:/home/ubuntu/spark-2.1.1-bin-hadoop2.7/jars/metrics-json-3.1.2.jar:/home/ubuntu/spark-2.1.1-bin-hadoop2.7/jars/metrics-graphite-3.1.2.jar:/home/ubuntu/spark-2.1.1-bin-hadoop2.7/jars/spire_2.11-0.7.4.jar:/home/ubuntu/spark-2.1.1-bin-hadoop2.7/jars/commons-pool-1.5.4.jar:/home/ubuntu/spark-2.1.1-bin-hadoop2.7/jars/netty-all-4.0.42.Final.jar:/home/ubuntu/spark-2.1.1-bin-hadoop2.7/jars/commons-dbcp-1.4.jar:/home/ubuntu/spark-2.1.1-bin-hadoop2.7/jars/xbean-asm5-shaded-4.4.jar:/home/ubuntu/spark-2.1.1-bin-hadoop2.7/jars/xercesImpl-2.9.1.jar:/home/ubuntu/spark-2.1.1-bin-hadoop2.7/jars/hadoop-annotations-2.7.3.jar:/home/ubuntu/spark-2.1.1-bin-hadoop2.7/jars/javassist-3.18.1-GA.jar:/home/ubuntu/spark-2.1.1-bin-hadoop2.7/jars/jersey-container-servlet-2.22.2.jar:/home/ubuntu/spark-2.1.1-bin-hadoop2.7/jars/base64-2.3.8.jar:/home/ubuntu/spark-2.1.1-bin-hadoop2.7/jars/scalap-2.11.8.jar:/home/ubuntu/spark-2.1.1-bin-hadoop2.7/jars/super-csv-2.2.0.jar:/home/ubuntu/spark-2.1.1-bin-hadoop2.7/jars/jul-to-slf4j-1.7.16.jar:/home/ubuntu/spark-2.1.1-bin-hadoop2.7/jars/hadoop-mapreduce-client-shuffle-2.7.3.jar:/home/ubuntu/spark-2.1.1-bin-hadoop2.7/jars/libfb303-0.9.3.jar:/home/ubuntu/spark-2.1.1-bin-hadoop2.7/jars/jdo-api-3.0.1.jar:/home/ubuntu/spark-2.1.1-bin-hadoop2.7/jars/jersey-guava-2.22.2.jar:/home/ubuntu/spark-2.1.1-bin-hadoop2.7/jars/arpack_combined_all-0.1.jar:/home/ubuntu/spark-2.1.1-bin-hadoop2.7/jars/scala-parser-combinators_2.11-1.0.4.jar:/home/ubuntu/spark-2.1.1-bin-hadoop2.7/jars/chill_2.11-0.8.0.jar:/home/ubuntu/spark-2.1.1-bin-hadoop2.7/jars/javax.annotation-api-1.2.jar:/home/ubuntu/spark-2.1.1-bin-hadoop2.7/jars/joda-time-2.9.3.jar:/home/ubuntu/spark-2.1.1-bin-hadoop2.7/jars/antlr-runtime-3.4.jar:/home/u
Launcher Type: SUN_STANDARD

Environment Variables:
PATH=/home/ubuntu/.local/bin:/home/ubuntu/bin:/home/ubuntu/.local/bin:/usr/local/sbin:/usr/local/bin:/usr/sbin:/usr/bin:/sbin:/bin:/usr/games:/usr/local/games:/snap/bin
SHELL=/bin/bash
DISPLAY=localhost:10.0

Signal Handlers:
SIGSEGV: [libjvm.so+0xa783e0], sa_mask[0]=11111111011111111101111111111110, sa_flags=SA_RESTART|SA_SIGINFO
SIGBUS: [libjvm.so+0xa783e0], sa_mask[0]=11111111011111111101111111111110, sa_flags=SA_RESTART|SA_SIGINFO
SIGFPE: [libjvm.so+0x8c0e10], sa_mask[0]=11111111011111111101111111111110, sa_flags=SA_RESTART|SA_SIGINFO
SIGPIPE: [libjvm.so+0x8c0e10], sa_mask[0]=11111111011111111101111111111110, sa_flags=SA_RESTART|SA_SIGINFO
SIGXFSZ: [libjvm.so+0x8c0e10], sa_mask[0]=11111111011111111101111111111110, sa_flags=SA_RESTART|SA_SIGINFO
SIGILL: [libjvm.so+0x8c0e10], sa_mask[0]=11111111011111111101111111111110, sa_flags=SA_RESTART|SA_SIGINFO
SIGUSR1: SIG_DFL, sa_mask[0]=00000000000000000000000000000000, sa_flags=none
SIGUSR2: [libjvm.so+0x8c0cc0], sa_mask[0]=00000000000000000000000000000000, sa_flags=SA_RESTART|SA_SIGINFO
SIGHUP: [libjvm.so+0x8c1350], sa_mask[0]=11111111011111111101111111111110, sa_flags=SA_RESTART|SA_SIGINFO
SIGINT: SIG_IGN, sa_mask[0]=00000000000000000000000000000000, sa_flags=none
SIGTERM: [libjvm.so+0x8c1350], sa_mask[0]=11111111011111111101111111111110, sa_flags=SA_RESTART|SA_SIGINFO
SIGQUIT: [libjvm.so+0x8c1350], sa_mask[0]=11111111011111111101111111111110, sa_flags=SA_RESTART|SA_SIGINFO


---------------  S Y S T E M  ---------------

OS:DISTRIB_ID=Ubuntu
DISTRIB_RELEASE=16.04
DISTRIB_CODENAME=xenial
DISTRIB_DESCRIPTION="Ubuntu 16.04.4 LTS"

uname:Linux 4.4.0-1065-aws #75-Ubuntu SMP Fri Aug 10 11:14:32 UTC 2018 x86_64
libc:glibc 2.23 NPTL 2.23 
rlimit: STACK 8192k, CORE 0k, NPROC 3900, NOFILE 1048576, AS infinity
load average:0.68 0.36 0.56

/proc/meminfo:
MemTotal:        1014500 kB
MemFree:           70692 kB
MemAvailable:      16032 kB
Buffers:            1432 kB
Cached:            26032 kB
SwapCached:            0 kB
Active:           862260 kB
Inactive:          18032 kB
Active(anon):     855680 kB
Inactive(anon):    10328 kB
Active(file):       6580 kB
Inactive(file):     7704 kB
Unevictable:        3652 kB
Mlocked:            3652 kB
SwapTotal:             0 kB
SwapFree:              0 kB
Dirty:               480 kB
Writeback:             0 kB
AnonPages:        856520 kB
Mapped:            13596 kB
Shmem:             10720 kB
Slab:              36492 kB
SReclaimable:      19216 kB
SUnreclaim:        17276 kB
KernelStack:        3600 kB
PageTables:         6096 kB
NFS_Unstable:          0 kB
Bounce:                0 kB
WritebackTmp:          0 kB
CommitLimit:      507248 kB
Committed_AS:    1198508 kB
VmallocTotal:   34359738367 kB
VmallocUsed:           0 kB
VmallocChunk:          0 kB
HardwareCorrupted:     0 kB
AnonHugePages:    241664 kB
CmaTotal:              0 kB
CmaFree:               0 kB
HugePages_Total:       0
HugePages_Free:        0
HugePages_Rsvd:        0
HugePages_Surp:        0
Hugepagesize:       2048 kB
DirectMap4k:       47104 kB
DirectMap2M:     1001472 kB

container (cgroup) information:
container_type: cgroupv1
cpu_cpuset_cpus: 0
cpu_memory_nodes: 0
active_processor_count: 1
cpu_quota: -1
cpu_period: 100000
cpu_shares: -1
memory_limit_in_bytes: -1
memory_and_swap_limit_in_bytes: -2
memory_soft_limit_in_bytes: -1
memory_usage_in_bytes: 865492992
memory_max_usage_in_bytes: 896360448


CPU:total 1 (initial active 1) (1 cores per cpu, 1 threads per core) family 6 model 63 stepping 2, cmov, cx8, fxsr, mmx, sse, sse2, sse3, ssse3, sse4.1, sse4.2, popcnt, avx, avx2, aes, clmul, erms, lzcnt, tsc, bmi1, bmi2

/proc/cpuinfo:
processor	: 0
vendor_id	: GenuineIntel
cpu family	: 6
model		: 63
model name	: Intel(R) Xeon(R) CPU E5-2676 v3 @ 2.40GHz
stepping	: 2
microcode	: 0x43
cpu MHz		: 2400.054
cache size	: 30720 KB
physical id	: 0
siblings	: 1
core id		: 0
cpu cores	: 1
apicid		: 0
initial apicid	: 0
fpu		: yes
fpu_exception	: yes
cpuid level	: 13
wp		: yes
flags		: fpu vme de pse tsc msr pae mce cx8 apic sep mtrr pge mca cmov pat pse36 clflush mmx fxsr sse sse2 ht syscall nx rdtscp lm constant_tsc rep_good nopl xtopology eagerfpu pni pclmulqdq ssse3 fma cx16 pcid sse4_1 sse4_2 x2apic movbe popcnt tsc_deadline_timer aes xsave avx f16c rdrand hypervisor lahf_lm abm invpcid_single kaiser fsgsbase bmi1 avx2 smep bmi2 erms invpcid xsaveopt
bugs		: cpu_meltdown spectre_v1 spectre_v2 spec_store_bypass l1tf
bogomips	: 4800.10
clflush size	: 64
cache_alignment	: 64
address sizes	: 46 bits physical, 48 bits virtual
power management:



Memory: 4k page, physical 1014500k(70568k free), swap 0k(0k free)

vm_info: OpenJDK 64-Bit Server VM (25.222-b10) for linux-amd64 JRE (1.8.0_222-8u222-b10-1ubuntu1~16.04.1-b10), built on Jul 18 2019 20:25:18 by "buildd" with gcc 5.4.0 20160609

time: Tue Oct  1 22:17:10 2019
timezone: UTC
elapsed time: 852 seconds (0d 0h 14m 12s)

